{"/vercel/share/v0-project/hooks/use-document-management.ts": {"path":"/vercel/share/v0-project/hooks/use-document-management.ts","statementMap":{"0":{"start":{"line":25,"column":16},"end":{"line":25,"column":null}},"1":{"start":{"line":1,"column":38},"end":{"line":1,"column":null}},"2":{"start":{"line":26,"column":32},"end":{"line":26,"column":null}},"3":{"start":{"line":27,"column":28},"end":{"line":27,"column":null}},"4":{"start":{"line":30,"column":29},"end":{"line":65,"column":null}},"5":{"start":{"line":36,"column":4},"end":{"line":61,"column":null}},"6":{"start":{"line":36,"column":23},"end":{"line":36,"column":26}},"7":{"start":{"line":37,"column":6},"end":{"line":60,"column":null}},"8":{"start":{"line":38,"column":25},"end":{"line":40,"column":null}},"9":{"start":{"line":42,"column":8},"end":{"line":42,"column":null}},"10":{"start":{"line":42,"column":26},"end":{"line":42,"column":null}},"11":{"start":{"line":44,"column":21},"end":{"line":44,"column":null}},"12":{"start":{"line":45,"column":30},"end":{"line":45,"column":null}},"13":{"start":{"line":46,"column":25},"end":{"line":46,"column":null}},"14":{"start":{"line":48,"column":8},"end":{"line":51,"column":null}},"15":{"start":{"line":49,"column":10},"end":{"line":49,"column":null}},"16":{"start":{"line":50,"column":10},"end":{"line":50,"column":null}},"17":{"start":{"line":53,"column":8},"end":{"line":53,"column":null}},"18":{"start":{"line":55,"column":8},"end":{"line":57,"column":null}},"19":{"start":{"line":56,"column":10},"end":{"line":56,"column":null}},"20":{"start":{"line":56,"column":39},"end":{"line":56,"column":null}},"21":{"start":{"line":59,"column":8},"end":{"line":59,"column":null}},"22":{"start":{"line":63,"column":4},"end":{"line":63,"column":null}},"23":{"start":{"line":64,"column":4},"end":{"line":64,"column":null}},"24":{"start":{"line":67,"column":23},"end":{"line":106,"column":null}},"25":{"start":{"line":68,"column":4},"end":{"line":68,"column":null}},"26":{"start":{"line":69,"column":4},"end":{"line":69,"column":null}},"27":{"start":{"line":70,"column":4},"end":{"line":105,"column":null}},"28":{"start":{"line":71,"column":6},"end":{"line":71,"column":null}},"29":{"start":{"line":73,"column":23},"end":{"line":77,"column":null}},"30":{"start":{"line":79,"column":27},"end":{"line":79,"column":null}},"31":{"start":{"line":80,"column":6},"end":{"line":80,"column":null}},"32":{"start":{"line":82,"column":6},"end":{"line":85,"column":null}},"33":{"start":{"line":83,"column":25},"end":{"line":83,"column":null}},"34":{"start":{"line":84,"column":8},"end":{"line":84,"column":null}},"35":{"start":{"line":87,"column":6},"end":{"line":87,"column":null}},"36":{"start":{"line":90,"column":6},"end":{"line":90,"column":null}},"37":{"start":{"line":91,"column":23},"end":{"line":91,"column":null}},"38":{"start":{"line":93,"column":6},"end":{"line":95,"column":null}},"39":{"start":{"line":94,"column":8},"end":{"line":94,"column":null}},"40":{"start":{"line":97,"column":6},"end":{"line":97,"column":null}},"41":{"start":{"line":99,"column":18},"end":{"line":99,"column":null}},"42":{"start":{"line":100,"column":6},"end":{"line":100,"column":null}},"43":{"start":{"line":101,"column":6},"end":{"line":101,"column":null}},"44":{"start":{"line":102,"column":6},"end":{"line":102,"column":null}},"45":{"start":{"line":104,"column":6},"end":{"line":104,"column":null}},"46":{"start":{"line":108,"column":25},"end":{"line":127,"column":null}},"47":{"start":{"line":109,"column":4},"end":{"line":109,"column":null}},"48":{"start":{"line":110,"column":4},"end":{"line":110,"column":null}},"49":{"start":{"line":111,"column":4},"end":{"line":126,"column":null}},"50":{"start":{"line":112,"column":23},"end":{"line":116,"column":null}},"51":{"start":{"line":118,"column":6},"end":{"line":118,"column":null}},"52":{"start":{"line":118,"column":24},"end":{"line":118,"column":null}},"53":{"start":{"line":119,"column":6},"end":{"line":119,"column":null}},"54":{"start":{"line":121,"column":18},"end":{"line":121,"column":null}},"55":{"start":{"line":122,"column":6},"end":{"line":122,"column":null}},"56":{"start":{"line":123,"column":6},"end":{"line":123,"column":null}},"57":{"start":{"line":125,"column":6},"end":{"line":125,"column":null}},"58":{"start":{"line":129,"column":23},"end":{"line":154,"column":null}},"59":{"start":{"line":135,"column":4},"end":{"line":135,"column":null}},"60":{"start":{"line":136,"column":4},"end":{"line":136,"column":null}},"61":{"start":{"line":137,"column":4},"end":{"line":153,"column":null}},"62":{"start":{"line":138,"column":23},"end":{"line":142,"column":null}},"63":{"start":{"line":144,"column":6},"end":{"line":144,"column":null}},"64":{"start":{"line":144,"column":24},"end":{"line":144,"column":null}},"65":{"start":{"line":145,"column":21},"end":{"line":145,"column":null}},"66":{"start":{"line":146,"column":6},"end":{"line":146,"column":null}},"67":{"start":{"line":148,"column":18},"end":{"line":148,"column":null}},"68":{"start":{"line":149,"column":6},"end":{"line":149,"column":null}},"69":{"start":{"line":150,"column":6},"end":{"line":150,"column":null}},"70":{"start":{"line":152,"column":6},"end":{"line":152,"column":null}},"71":{"start":{"line":156,"column":20},"end":{"line":182,"column":null}},"72":{"start":{"line":157,"column":4},"end":{"line":157,"column":null}},"73":{"start":{"line":158,"column":4},"end":{"line":158,"column":null}},"74":{"start":{"line":159,"column":4},"end":{"line":181,"column":null}},"75":{"start":{"line":160,"column":21},"end":{"line":160,"column":null}},"76":{"start":{"line":161,"column":6},"end":{"line":161,"column":null}},"77":{"start":{"line":161,"column":21},"end":{"line":161,"column":null}},"78":{"start":{"line":162,"column":6},"end":{"line":162,"column":null}},"79":{"start":{"line":164,"column":23},"end":{"line":166,"column":null}},"80":{"start":{"line":168,"column":6},"end":{"line":168,"column":null}},"81":{"start":{"line":168,"column":24},"end":{"line":168,"column":null}},"82":{"start":{"line":169,"column":21},"end":{"line":169,"column":null}},"83":{"start":{"line":170,"column":6},"end":{"line":174,"column":null}},"84":{"start":{"line":176,"column":18},"end":{"line":176,"column":null}},"85":{"start":{"line":177,"column":6},"end":{"line":177,"column":null}},"86":{"start":{"line":178,"column":6},"end":{"line":178,"column":null}},"87":{"start":{"line":180,"column":6},"end":{"line":180,"column":null}},"88":{"start":{"line":184,"column":25},"end":{"line":203,"column":null}},"89":{"start":{"line":185,"column":4},"end":{"line":185,"column":null}},"90":{"start":{"line":186,"column":4},"end":{"line":186,"column":null}},"91":{"start":{"line":187,"column":4},"end":{"line":202,"column":null}},"92":{"start":{"line":188,"column":23},"end":{"line":192,"column":null}},"93":{"start":{"line":194,"column":6},"end":{"line":194,"column":null}},"94":{"start":{"line":194,"column":24},"end":{"line":194,"column":null}},"95":{"start":{"line":195,"column":6},"end":{"line":195,"column":null}},"96":{"start":{"line":197,"column":18},"end":{"line":197,"column":null}},"97":{"start":{"line":198,"column":6},"end":{"line":198,"column":null}},"98":{"start":{"line":199,"column":6},"end":{"line":199,"column":null}},"99":{"start":{"line":201,"column":6},"end":{"line":201,"column":null}},"100":{"start":{"line":205,"column":2},"end":{"line":213,"column":null}}},"fnMap":{"0":{"name":"useDocumentManagement","decl":{"start":{"line":25,"column":16},"end":{"line":25,"column":null}},"loc":{"start":{"line":25,"column":16},"end":{"line":214,"column":null}}},"1":{"name":"(anonymous_2)","decl":{"start":{"line":30,"column":41},"end":{"line":30,"column":null}},"loc":{"start":{"line":34,"column":25},"end":{"line":65,"column":5}}},"2":{"name":"(anonymous_3)","decl":{"start":{"line":56,"column":28},"end":{"line":56,"column":39}},"loc":{"start":{"line":56,"column":39},"end":{"line":56,"column":null}}},"3":{"name":"(anonymous_4)","decl":{"start":{"line":67,"column":35},"end":{"line":67,"column":42}},"loc":{"start":{"line":67,"column":78},"end":{"line":106,"column":5}}},"4":{"name":"(anonymous_5)","decl":{"start":{"line":108,"column":37},"end":{"line":108,"column":44}},"loc":{"start":{"line":108,"column":85},"end":{"line":127,"column":5}}},"5":{"name":"(anonymous_6)","decl":{"start":{"line":129,"column":35},"end":{"line":129,"column":null}},"loc":{"start":{"line":133,"column":4},"end":{"line":154,"column":5}}},"6":{"name":"(anonymous_7)","decl":{"start":{"line":156,"column":32},"end":{"line":156,"column":39}},"loc":{"start":{"line":156,"column":85},"end":{"line":182,"column":5}}},"7":{"name":"(anonymous_8)","decl":{"start":{"line":184,"column":37},"end":{"line":184,"column":44}},"loc":{"start":{"line":184,"column":64},"end":{"line":203,"column":5}}}},"branchMap":{"0":{"loc":{"start":{"line":33,"column":4},"end":{"line":33,"column":26}},"type":"default-arg","locations":[{"start":{"line":33,"column":25},"end":{"line":33,"column":26}}]},"1":{"loc":{"start":{"line":34,"column":4},"end":{"line":34,"column":25}},"type":"default-arg","locations":[{"start":{"line":34,"column":22},"end":{"line":34,"column":25}}]},"2":{"loc":{"start":{"line":42,"column":8},"end":{"line":42,"column":null}},"type":"if","locations":[{"start":{"line":42,"column":8},"end":{"line":42,"column":null}},{"start":{},"end":{}}]},"3":{"loc":{"start":{"line":48,"column":8},"end":{"line":51,"column":null}},"type":"if","locations":[{"start":{"line":48,"column":8},"end":{"line":51,"column":null}},{"start":{},"end":{}}]},"4":{"loc":{"start":{"line":55,"column":8},"end":{"line":57,"column":null}},"type":"if","locations":[{"start":{"line":55,"column":8},"end":{"line":57,"column":null}},{"start":{},"end":{}}]},"5":{"loc":{"start":{"line":82,"column":6},"end":{"line":85,"column":null}},"type":"if","locations":[{"start":{"line":82,"column":6},"end":{"line":85,"column":null}},{"start":{},"end":{}}]},"6":{"loc":{"start":{"line":83,"column":25},"end":{"line":83,"column":null}},"type":"binary-expr","locations":[{"start":{"line":83,"column":25},"end":{"line":83,"column":43}},{"start":{"line":83,"column":47},"end":{"line":83,"column":null}}]},"7":{"loc":{"start":{"line":93,"column":6},"end":{"line":95,"column":null}},"type":"if","locations":[{"start":{"line":93,"column":6},"end":{"line":95,"column":null}},{"start":{},"end":{}}]},"8":{"loc":{"start":{"line":99,"column":18},"end":{"line":99,"column":null}},"type":"cond-expr","locations":[{"start":{"line":99,"column":41},"end":{"line":99,"column":52}},{"start":{"line":99,"column":55},"end":{"line":99,"column":null}}]},"9":{"loc":{"start":{"line":118,"column":6},"end":{"line":118,"column":null}},"type":"if","locations":[{"start":{"line":118,"column":6},"end":{"line":118,"column":null}},{"start":{},"end":{}}]},"10":{"loc":{"start":{"line":121,"column":18},"end":{"line":121,"column":null}},"type":"cond-expr","locations":[{"start":{"line":121,"column":41},"end":{"line":121,"column":52}},{"start":{"line":121,"column":55},"end":{"line":121,"column":null}}]},"11":{"loc":{"start":{"line":144,"column":6},"end":{"line":144,"column":null}},"type":"if","locations":[{"start":{"line":144,"column":6},"end":{"line":144,"column":null}},{"start":{},"end":{}}]},"12":{"loc":{"start":{"line":148,"column":18},"end":{"line":148,"column":null}},"type":"cond-expr","locations":[{"start":{"line":148,"column":41},"end":{"line":148,"column":52}},{"start":{"line":148,"column":55},"end":{"line":148,"column":null}}]},"13":{"loc":{"start":{"line":156,"column":59},"end":{"line":156,"column":85}},"type":"default-arg","locations":[{"start":{"line":156,"column":83},"end":{"line":156,"column":85}}]},"14":{"loc":{"start":{"line":161,"column":6},"end":{"line":161,"column":null}},"type":"if","locations":[{"start":{"line":161,"column":6},"end":{"line":161,"column":null}},{"start":{},"end":{}}]},"15":{"loc":{"start":{"line":168,"column":6},"end":{"line":168,"column":null}},"type":"if","locations":[{"start":{"line":168,"column":6},"end":{"line":168,"column":null}},{"start":{},"end":{}}]},"16":{"loc":{"start":{"line":171,"column":18},"end":{"line":171,"column":39}},"type":"binary-expr","locations":[{"start":{"line":171,"column":18},"end":{"line":171,"column":33}},{"start":{"line":171,"column":37},"end":{"line":171,"column":39}}]},"17":{"loc":{"start":{"line":172,"column":16},"end":{"line":172,"column":35}},"type":"binary-expr","locations":[{"start":{"line":172,"column":16},"end":{"line":172,"column":29}},{"start":{"line":172,"column":33},"end":{"line":172,"column":35}}]},"18":{"loc":{"start":{"line":173,"column":18},"end":{"line":173,"column":39}},"type":"binary-expr","locations":[{"start":{"line":173,"column":18},"end":{"line":173,"column":33}},{"start":{"line":173,"column":37},"end":{"line":173,"column":39}}]},"19":{"loc":{"start":{"line":176,"column":18},"end":{"line":176,"column":null}},"type":"cond-expr","locations":[{"start":{"line":176,"column":41},"end":{"line":176,"column":52}},{"start":{"line":176,"column":55},"end":{"line":176,"column":null}}]},"20":{"loc":{"start":{"line":194,"column":6},"end":{"line":194,"column":null}},"type":"if","locations":[{"start":{"line":194,"column":6},"end":{"line":194,"column":null}},{"start":{},"end":{}}]},"21":{"loc":{"start":{"line":197,"column":18},"end":{"line":197,"column":null}},"type":"cond-expr","locations":[{"start":{"line":197,"column":41},"end":{"line":197,"column":52}},{"start":{"line":197,"column":55},"end":{"line":197,"column":null}}]}},"s":{"0":0,"1":0,"2":0,"3":0,"4":0,"5":0,"6":0,"7":0,"8":0,"9":0,"10":0,"11":0,"12":0,"13":0,"14":0,"15":0,"16":0,"17":0,"18":0,"19":0,"20":0,"21":0,"22":0,"23":0,"24":0,"25":0,"26":0,"27":0,"28":0,"29":0,"30":0,"31":0,"32":0,"33":0,"34":0,"35":0,"36":0,"37":0,"38":0,"39":0,"40":0,"41":0,"42":0,"43":0,"44":0,"45":0,"46":0,"47":0,"48":0,"49":0,"50":0,"51":0,"52":0,"53":0,"54":0,"55":0,"56":0,"57":0,"58":0,"59":0,"60":0,"61":0,"62":0,"63":0,"64":0,"65":0,"66":0,"67":0,"68":0,"69":0,"70":0,"71":0,"72":0,"73":0,"74":0,"75":0,"76":0,"77":0,"78":0,"79":0,"80":0,"81":0,"82":0,"83":0,"84":0,"85":0,"86":0,"87":0,"88":0,"89":0,"90":0,"91":0,"92":0,"93":0,"94":0,"95":0,"96":0,"97":0,"98":0,"99":0,"100":0},"f":{"0":0,"1":0,"2":0,"3":0,"4":0,"5":0,"6":0,"7":0},"b":{"0":[0],"1":[0],"2":[0,0],"3":[0,0],"4":[0,0],"5":[0,0],"6":[0,0],"7":[0,0],"8":[0,0],"9":[0,0],"10":[0,0],"11":[0,0],"12":[0,0],"13":[0],"14":[0,0],"15":[0,0],"16":[0,0],"17":[0,0],"18":[0,0],"19":[0,0],"20":[0,0],"21":[0,0]}}
,"/vercel/share/v0-project/hooks/use-document-selector.ts": {"path":"/vercel/share/v0-project/hooks/use-document-selector.ts","statementMap":{"0":{"start":{"line":4,"column":16},"end":{"line":4,"column":null}},"1":{"start":{"line":1,"column":34},"end":{"line":1,"column":null}},"2":{"start":{"line":2,"column":58},"end":{"line":2,"column":null}},"3":{"start":{"line":5,"column":40},"end":{"line":5,"column":null}},"4":{"start":{"line":6,"column":50},"end":{"line":6,"column":null}},"5":{"start":{"line":7,"column":42},"end":{"line":7,"column":null}},"6":{"start":{"line":10,"column":21},"end":{"line":16,"column":null}},"7":{"start":{"line":11,"column":17},"end":{"line":11,"column":null}},"8":{"start":{"line":12,"column":4},"end":{"line":14,"column":null}},"9":{"start":{"line":13,"column":6},"end":{"line":13,"column":null}},"10":{"start":{"line":15,"column":4},"end":{"line":15,"column":null}},"11":{"start":{"line":18,"column":24},"end":{"line":24,"column":null}},"12":{"start":{"line":19,"column":17},"end":{"line":19,"column":null}},"13":{"start":{"line":20,"column":4},"end":{"line":22,"column":null}},"14":{"start":{"line":21,"column":6},"end":{"line":21,"column":null}},"15":{"start":{"line":21,"column":31},"end":{"line":21,"column":null}},"16":{"start":{"line":23,"column":4},"end":{"line":23,"column":null}},"17":{"start":{"line":27,"column":28},"end":{"line":54,"column":null}},"18":{"start":{"line":28,"column":4},"end":{"line":53,"column":null}},"19":{"start":{"line":30,"column":6},"end":{"line":32,"column":null}},"20":{"start":{"line":31,"column":8},"end":{"line":31,"column":null}},"21":{"start":{"line":35,"column":6},"end":{"line":40,"column":null}},"22":{"start":{"line":36,"column":27},"end":{"line":37,"column":null}},"23":{"start":{"line":37,"column":10},"end":{"line":37,"column":null}},"24":{"start":{"line":39,"column":8},"end":{"line":39,"column":null}},"25":{"start":{"line":39,"column":25},"end":{"line":39,"column":null}},"26":{"start":{"line":43,"column":6},"end":{"line":50,"column":null}},"27":{"start":{"line":44,"column":22},"end":{"line":44,"column":null}},"28":{"start":{"line":45,"column":8},"end":{"line":48,"column":null}},"29":{"start":{"line":52,"column":6},"end":{"line":52,"column":null}},"30":{"start":{"line":56,"column":20},"end":{"line":62,"column":null}},"31":{"start":{"line":57,"column":4},"end":{"line":60,"column":null}},"32":{"start":{"line":58,"column":6},"end":{"line":60,"column":null}},"33":{"start":{"line":59,"column":27},"end":{"line":59,"column":null}},"34":{"start":{"line":64,"column":23},"end":{"line":68,"column":null}},"35":{"start":{"line":65,"column":4},"end":{"line":65,"column":null}},"36":{"start":{"line":66,"column":4},"end":{"line":66,"column":null}},"37":{"start":{"line":67,"column":4},"end":{"line":67,"column":null}},"38":{"start":{"line":70,"column":2},"end":{"line":81,"column":null}}},"fnMap":{"0":{"name":"useDocumentSelector","decl":{"start":{"line":4,"column":16},"end":{"line":4,"column":null}},"loc":{"start":{"line":4,"column":16},"end":{"line":82,"column":null}}},"1":{"name":"(anonymous_2)","decl":{"start":{"line":10,"column":29},"end":{"line":10,"column":null}},"loc":{"start":{"line":10,"column":29},"end":{"line":16,"column":5}}},"2":{"name":"(anonymous_3)","decl":{"start":{"line":12,"column":27},"end":{"line":12,"column":null}},"loc":{"start":{"line":12,"column":27},"end":{"line":14,"column":null}}},"3":{"name":"(anonymous_4)","decl":{"start":{"line":18,"column":32},"end":{"line":18,"column":null}},"loc":{"start":{"line":18,"column":32},"end":{"line":24,"column":5}}},"4":{"name":"(anonymous_5)","decl":{"start":{"line":20,"column":27},"end":{"line":20,"column":null}},"loc":{"start":{"line":20,"column":27},"end":{"line":22,"column":null}}},"5":{"name":"(anonymous_6)","decl":{"start":{"line":21,"column":24},"end":{"line":21,"column":31}},"loc":{"start":{"line":21,"column":31},"end":{"line":21,"column":null}}},"6":{"name":"(anonymous_7)","decl":{"start":{"line":27,"column":36},"end":{"line":27,"column":null}},"loc":{"start":{"line":27,"column":36},"end":{"line":54,"column":5}}},"7":{"name":"(anonymous_8)","decl":{"start":{"line":28,"column":33},"end":{"line":28,"column":null}},"loc":{"start":{"line":28,"column":33},"end":{"line":53,"column":null}}},"8":{"name":"(anonymous_9)","decl":{"start":{"line":36,"column":46},"end":{"line":36,"column":null}},"loc":{"start":{"line":37,"column":10},"end":{"line":37,"column":null}}},"9":{"name":"(anonymous_10)","decl":{"start":{"line":56,"column":20},"end":{"line":56,"column":21}},"loc":{"start":{"line":56,"column":21},"end":{"line":62,"column":null}}},"10":{"name":"(anonymous_11)","decl":{"start":{"line":57,"column":20},"end":{"line":57,"column":null}},"loc":{"start":{"line":58,"column":6},"end":{"line":60,"column":null}}},"11":{"name":"(anonymous_12)","decl":{"start":{"line":59,"column":22},"end":{"line":59,"column":27}},"loc":{"start":{"line":59,"column":27},"end":{"line":59,"column":null}}},"12":{"name":"(anonymous_13)","decl":{"start":{"line":64,"column":23},"end":{"line":64,"column":null}},"loc":{"start":{"line":64,"column":23},"end":{"line":68,"column":null}}}},"branchMap":{"0":{"loc":{"start":{"line":30,"column":6},"end":{"line":32,"column":null}},"type":"if","locations":[{"start":{"line":30,"column":6},"end":{"line":32,"column":null}},{"start":{},"end":{}}]},"1":{"loc":{"start":{"line":30,"column":10},"end":{"line":30,"column":75}},"type":"binary-expr","locations":[{"start":{"line":30,"column":10},"end":{"line":30,"column":40}},{"start":{"line":30,"column":40},"end":{"line":30,"column":75}}]},"2":{"loc":{"start":{"line":35,"column":6},"end":{"line":40,"column":null}},"type":"if","locations":[{"start":{"line":35,"column":6},"end":{"line":40,"column":null}},{"start":{},"end":{}}]},"3":{"loc":{"start":{"line":39,"column":8},"end":{"line":39,"column":null}},"type":"if","locations":[{"start":{"line":39,"column":8},"end":{"line":39,"column":null}},{"start":{},"end":{}}]},"4":{"loc":{"start":{"line":43,"column":6},"end":{"line":50,"column":null}},"type":"if","locations":[{"start":{"line":43,"column":6},"end":{"line":50,"column":null}},{"start":{},"end":{}}]},"5":{"loc":{"start":{"line":46,"column":10},"end":{"line":48,"column":null}},"type":"binary-expr","locations":[{"start":{"line":46,"column":10},"end":{"line":46,"column":null}},{"start":{"line":47,"column":10},"end":{"line":47,"column":null}},{"start":{"line":48,"column":10},"end":{"line":48,"column":null}}]},"6":{"loc":{"start":{"line":58,"column":6},"end":{"line":60,"column":null}},"type":"cond-expr","locations":[{"start":{"line":59,"column":10},"end":{"line":59,"column":null}},{"start":{"line":60,"column":10},"end":{"line":60,"column":null}}]}},"s":{"0":0,"1":0,"2":0,"3":0,"4":0,"5":0,"6":0,"7":0,"8":0,"9":0,"10":0,"11":0,"12":0,"13":0,"14":0,"15":0,"16":0,"17":0,"18":0,"19":0,"20":0,"21":0,"22":0,"23":0,"24":0,"25":0,"26":0,"27":0,"28":0,"29":0,"30":0,"31":0,"32":0,"33":0,"34":0,"35":0,"36":0,"37":0,"38":0},"f":{"0":0,"1":0,"2":0,"3":0,"4":0,"5":0,"6":0,"7":0,"8":0,"9":0,"10":0,"11":0,"12":0},"b":{"0":[0,0],"1":[0,0],"2":[0,0],"3":[0,0],"4":[0,0],"5":[0,0,0],"6":[0,0]}}
,"/vercel/share/v0-project/hooks/use-document-status-change.ts": {"path":"/vercel/share/v0-project/hooks/use-document-status-change.ts","statementMap":{"0":{"start":{"line":35,"column":16},"end":{"line":35,"column":null}},"1":{"start":{"line":9,"column":38},"end":{"line":9,"column":null}},"2":{"start":{"line":17,"column":7},"end":{"line":17,"column":null}},"3":{"start":{"line":39,"column":28},"end":{"line":46,"column":null}},"4":{"start":{"line":49,"column":23},"end":{"line":88,"column":null}},"5":{"start":{"line":51,"column":6},"end":{"line":51,"column":null}},"6":{"start":{"line":51,"column":24},"end":{"line":51,"column":null}},"7":{"start":{"line":53,"column":6},"end":{"line":86,"column":null}},"8":{"start":{"line":54,"column":23},"end":{"line":59,"column":null}},"9":{"start":{"line":61,"column":8},"end":{"line":68,"column":null}},"10":{"start":{"line":61,"column":26},"end":{"line":68,"column":null}},"11":{"start":{"line":70,"column":8},"end":{"line":72,"column":null}},"12":{"start":{"line":71,"column":10},"end":{"line":71,"column":null}},"13":{"start":{"line":74,"column":8},"end":{"line":74,"column":null}},"14":{"start":{"line":76,"column":25},"end":{"line":76,"column":null}},"15":{"start":{"line":77,"column":8},"end":{"line":77,"column":null}},"16":{"start":{"line":77,"column":26},"end":{"line":77,"column":null}},"17":{"start":{"line":78,"column":8},"end":{"line":85,"column":null}},"18":{"start":{"line":92,"column":24},"end":{"line":100,"column":null}},"19":{"start":{"line":93,"column":4},"end":{"line":99,"column":null}},"20":{"start":{"line":94,"column":21},"end":{"line":94,"column":null}},"21":{"start":{"line":95,"column":6},"end":{"line":95,"column":null}},"22":{"start":{"line":95,"column":24},"end":{"line":95,"column":null}},"23":{"start":{"line":97,"column":23},"end":{"line":97,"column":null}},"24":{"start":{"line":98,"column":6},"end":{"line":98,"column":null}},"25":{"start":{"line":98,"column":24},"end":{"line":98,"column":null}},"26":{"start":{"line":103,"column":25},"end":{"line":111,"column":null}},"27":{"start":{"line":104,"column":4},"end":{"line":110,"column":null}},"28":{"start":{"line":105,"column":22},"end":{"line":105,"column":null}},"29":{"start":{"line":106,"column":6},"end":{"line":106,"column":null}},"30":{"start":{"line":106,"column":24},"end":{"line":106,"column":null}},"31":{"start":{"line":108,"column":23},"end":{"line":108,"column":null}},"32":{"start":{"line":109,"column":6},"end":{"line":109,"column":null}},"33":{"start":{"line":109,"column":24},"end":{"line":109,"column":null}},"34":{"start":{"line":114,"column":16},"end":{"line":123,"column":null}},"35":{"start":{"line":115,"column":4},"end":{"line":122,"column":null}},"36":{"start":{"line":125,"column":2},"end":{"line":128,"column":null}}},"fnMap":{"0":{"name":"useDocumentStatusChange","decl":{"start":{"line":35,"column":16},"end":{"line":35,"column":null}},"loc":{"start":{"line":37,"column":64},"end":{"line":129,"column":null}}},"1":{"name":"(anonymous_2)","decl":{"start":{"line":50,"column":4},"end":{"line":50,"column":11}},"loc":{"start":{"line":50,"column":38},"end":{"line":87,"column":null}}},"2":{"name":"(anonymous_3)","decl":{"start":{"line":51,"column":15},"end":{"line":51,"column":24}},"loc":{"start":{"line":51,"column":24},"end":{"line":51,"column":null}}},"3":{"name":"(anonymous_4)","decl":{"start":{"line":61,"column":17},"end":{"line":61,"column":26}},"loc":{"start":{"line":61,"column":26},"end":{"line":68,"column":null}}},"4":{"name":"(anonymous_5)","decl":{"start":{"line":77,"column":17},"end":{"line":77,"column":26}},"loc":{"start":{"line":77,"column":26},"end":{"line":77,"column":null}}},"5":{"name":"(anonymous_6)","decl":{"start":{"line":92,"column":36},"end":{"line":92,"column":null}},"loc":{"start":{"line":92,"column":36},"end":{"line":100,"column":5}}},"6":{"name":"(anonymous_7)","decl":{"start":{"line":95,"column":15},"end":{"line":95,"column":24}},"loc":{"start":{"line":95,"column":24},"end":{"line":95,"column":null}}},"7":{"name":"(anonymous_8)","decl":{"start":{"line":98,"column":15},"end":{"line":98,"column":24}},"loc":{"start":{"line":98,"column":24},"end":{"line":98,"column":null}}},"8":{"name":"(anonymous_9)","decl":{"start":{"line":103,"column":37},"end":{"line":103,"column":null}},"loc":{"start":{"line":103,"column":37},"end":{"line":111,"column":5}}},"9":{"name":"(anonymous_10)","decl":{"start":{"line":106,"column":15},"end":{"line":106,"column":24}},"loc":{"start":{"line":106,"column":24},"end":{"line":106,"column":null}}},"10":{"name":"(anonymous_11)","decl":{"start":{"line":109,"column":15},"end":{"line":109,"column":24}},"loc":{"start":{"line":109,"column":24},"end":{"line":109,"column":null}}},"11":{"name":"(anonymous_12)","decl":{"start":{"line":114,"column":28},"end":{"line":114,"column":null}},"loc":{"start":{"line":114,"column":28},"end":{"line":123,"column":5}}}},"branchMap":{"0":{"loc":{"start":{"line":67,"column":17},"end":{"line":67,"column":null}},"type":"binary-expr","locations":[{"start":{"line":67,"column":17},"end":{"line":67,"column":29}},{"start":{"line":67,"column":33},"end":{"line":67,"column":null}}]},"1":{"loc":{"start":{"line":70,"column":8},"end":{"line":72,"column":null}},"type":"if","locations":[{"start":{"line":70,"column":8},"end":{"line":72,"column":null}},{"start":{},"end":{}}]},"2":{"loc":{"start":{"line":70,"column":12},"end":{"line":70,"column":47}},"type":"binary-expr","locations":[{"start":{"line":70,"column":12},"end":{"line":70,"column":26}},{"start":{"line":70,"column":30},"end":{"line":70,"column":47}}]},"3":{"loc":{"start":{"line":76,"column":25},"end":{"line":76,"column":null}},"type":"cond-expr","locations":[{"start":{"line":76,"column":50},"end":{"line":76,"column":63}},{"start":{"line":76,"column":66},"end":{"line":76,"column":null}}]},"4":{"loc":{"start":{"line":97,"column":23},"end":{"line":97,"column":null}},"type":"cond-expr","locations":[{"start":{"line":97,"column":48},"end":{"line":97,"column":61}},{"start":{"line":97,"column":64},"end":{"line":97,"column":null}}]},"5":{"loc":{"start":{"line":108,"column":23},"end":{"line":108,"column":null}},"type":"cond-expr","locations":[{"start":{"line":108,"column":48},"end":{"line":108,"column":61}},{"start":{"line":108,"column":64},"end":{"line":108,"column":null}}]}},"s":{"0":0,"1":0,"2":0,"3":0,"4":0,"5":0,"6":0,"7":0,"8":0,"9":0,"10":0,"11":0,"12":0,"13":0,"14":0,"15":0,"16":0,"17":0,"18":0,"19":0,"20":0,"21":0,"22":0,"23":0,"24":0,"25":0,"26":0,"27":0,"28":0,"29":0,"30":0,"31":0,"32":0,"33":0,"34":0,"35":0,"36":0},"f":{"0":0,"1":0,"2":0,"3":0,"4":0,"5":0,"6":0,"7":0,"8":0,"9":0,"10":0,"11":0},"b":{"0":[0,0],"1":[0,0],"2":[0,0],"3":[0,0],"4":[0,0],"5":[0,0]}}
,"/vercel/share/v0-project/hooks/use-driver-documents.ts": {"path":"/vercel/share/v0-project/hooks/use-driver-documents.ts","statementMap":{"0":{"start":{"line":17,"column":16},"end":{"line":17,"column":35}},"1":{"start":{"line":1,"column":49},"end":{"line":1,"column":null}},"2":{"start":{"line":2,"column":29},"end":{"line":2,"column":null}},"3":{"start":{"line":18,"column":36},"end":{"line":18,"column":null}},"4":{"start":{"line":19,"column":32},"end":{"line":19,"column":null}},"5":{"start":{"line":20,"column":28},"end":{"line":20,"column":null}},"6":{"start":{"line":21,"column":19},"end":{"line":21,"column":null}},"7":{"start":{"line":23,"column":25},"end":{"line":67,"column":null}},"8":{"start":{"line":24,"column":4},"end":{"line":24,"column":null}},"9":{"start":{"line":24,"column":20},"end":{"line":24,"column":null}},"10":{"start":{"line":26,"column":4},"end":{"line":26,"column":null}},"11":{"start":{"line":27,"column":4},"end":{"line":27,"column":null}},"12":{"start":{"line":28,"column":4},"end":{"line":66,"column":null}},"13":{"start":{"line":29,"column":24},"end":{"line":29,"column":null}},"14":{"start":{"line":30,"column":24},"end":{"line":34,"column":null}},"15":{"start":{"line":36,"column":23},"end":{"line":40,"column":null}},"16":{"start":{"line":42,"column":6},"end":{"line":44,"column":null}},"17":{"start":{"line":43,"column":8},"end":{"line":43,"column":null}},"18":{"start":{"line":46,"column":21},"end":{"line":46,"column":null}},"19":{"start":{"line":47,"column":19},"end":{"line":58,"column":null}},"20":{"start":{"line":47,"column":63},"end":{"line":58,"column":null}},"21":{"start":{"line":60,"column":6},"end":{"line":60,"column":null}},"22":{"start":{"line":62,"column":6},"end":{"line":62,"column":null}},"23":{"start":{"line":63,"column":6},"end":{"line":63,"column":null}},"24":{"start":{"line":65,"column":6},"end":{"line":65,"column":null}},"25":{"start":{"line":69,"column":25},"end":{"line":110,"column":null}},"26":{"start":{"line":76,"column":4},"end":{"line":109,"column":null}},"27":{"start":{"line":77,"column":25},"end":{"line":77,"column":null}},"28":{"start":{"line":78,"column":6},"end":{"line":81,"column":null}},"29":{"start":{"line":79,"column":35},"end":{"line":79,"column":null}},"30":{"start":{"line":80,"column":8},"end":{"line":80,"column":null}},"31":{"start":{"line":83,"column":23},"end":{"line":83,"column":null}},"32":{"start":{"line":84,"column":6},"end":{"line":84,"column":null}},"33":{"start":{"line":85,"column":6},"end":{"line":85,"column":null}},"34":{"start":{"line":86,"column":6},"end":{"line":86,"column":null}},"35":{"start":{"line":87,"column":6},"end":{"line":87,"column":null}},"36":{"start":{"line":88,"column":6},"end":{"line":88,"column":null}},"37":{"start":{"line":90,"column":28},"end":{"line":90,"column":null}},"38":{"start":{"line":91,"column":6},"end":{"line":91,"column":null}},"39":{"start":{"line":91,"column":26},"end":{"line":91,"column":null}},"40":{"start":{"line":92,"column":6},"end":{"line":92,"column":null}},"41":{"start":{"line":94,"column":23},"end":{"line":97,"column":null}},"42":{"start":{"line":99,"column":21},"end":{"line":99,"column":null}},"43":{"start":{"line":100,"column":6},"end":{"line":102,"column":null}},"44":{"start":{"line":101,"column":8},"end":{"line":101,"column":null}},"45":{"start":{"line":105,"column":6},"end":{"line":105,"column":null}},"46":{"start":{"line":106,"column":6},"end":{"line":106,"column":null}},"47":{"start":{"line":108,"column":6},"end":{"line":108,"column":null}},"48":{"start":{"line":112,"column":31},"end":{"line":163,"column":null}},"49":{"start":{"line":113,"column":4},"end":{"line":162,"column":null}},"50":{"start":{"line":115,"column":48},"end":{"line":122,"column":null}},"51":{"start":{"line":124,"column":28},"end":{"line":124,"column":null}},"52":{"start":{"line":126,"column":24},"end":{"line":126,"column":null}},"53":{"start":{"line":127,"column":6},"end":{"line":129,"column":null}},"54":{"start":{"line":128,"column":8},"end":{"line":128,"column":null}},"55":{"start":{"line":131,"column":23},"end":{"line":135,"column":null}},"56":{"start":{"line":137,"column":6},"end":{"line":140,"column":null}},"57":{"start":{"line":138,"column":23},"end":{"line":138,"column":null}},"58":{"start":{"line":139,"column":8},"end":{"line":139,"column":null}},"59":{"start":{"line":142,"column":21},"end":{"line":142,"column":null}},"60":{"start":{"line":145,"column":71},"end":{"line":149,"column":null}},"61":{"start":{"line":150,"column":29},"end":{"line":150,"column":null}},"62":{"start":{"line":151,"column":28},"end":{"line":151,"column":72}},"63":{"start":{"line":153,"column":6},"end":{"line":156,"column":null}},"64":{"start":{"line":153,"column":27},"end":{"line":156,"column":null}},"65":{"start":{"line":154,"column":8},"end":{"line":156,"column":null}},"66":{"start":{"line":159,"column":6},"end":{"line":159,"column":null}},"67":{"start":{"line":161,"column":6},"end":{"line":161,"column":null}},"68":{"start":{"line":165,"column":25},"end":{"line":181,"column":null}},"69":{"start":{"line":166,"column":4},"end":{"line":180,"column":null}},"70":{"start":{"line":167,"column":23},"end":{"line":169,"column":null}},"71":{"start":{"line":171,"column":6},"end":{"line":174,"column":null}},"72":{"start":{"line":172,"column":23},"end":{"line":172,"column":null}},"73":{"start":{"line":173,"column":8},"end":{"line":173,"column":null}},"74":{"start":{"line":177,"column":6},"end":{"line":177,"column":null}},"75":{"start":{"line":177,"column":27},"end":{"line":177,"column":null}},"76":{"start":{"line":177,"column":46},"end":{"line":177,"column":null}},"77":{"start":{"line":179,"column":6},"end":{"line":179,"column":null}},"78":{"start":{"line":184,"column":2},"end":{"line":188,"column":null}},"79":{"start":{"line":185,"column":4},"end":{"line":187,"column":null}},"80":{"start":{"line":186,"column":6},"end":{"line":186,"column":null}},"81":{"start":{"line":190,"column":2},"end":{"line":198,"column":null}}},"fnMap":{"0":{"name":"useDriverDocuments","decl":{"start":{"line":17,"column":16},"end":{"line":17,"column":35}},"loc":{"start":{"line":17,"column":84},"end":{"line":199,"column":null}}},"1":{"name":"(anonymous_2)","decl":{"start":{"line":23,"column":37},"end":{"line":23,"column":null}},"loc":{"start":{"line":23,"column":37},"end":{"line":67,"column":5}}},"2":{"name":"(anonymous_3)","decl":{"start":{"line":47,"column":48},"end":{"line":47,"column":49}},"loc":{"start":{"line":47,"column":63},"end":{"line":58,"column":null}}},"3":{"name":"(anonymous_4)","decl":{"start":{"line":69,"column":25},"end":{"line":69,"column":null}},"loc":{"start":{"line":74,"column":4},"end":{"line":110,"column":null}}},"4":{"name":"(anonymous_5)","decl":{"start":{"line":112,"column":31},"end":{"line":112,"column":38}},"loc":{"start":{"line":112,"column":77},"end":{"line":163,"column":null}}},"5":{"name":"(anonymous_6)","decl":{"start":{"line":153,"column":19},"end":{"line":153,"column":27}},"loc":{"start":{"line":153,"column":27},"end":{"line":156,"column":null}}},"6":{"name":"(anonymous_7)","decl":{"start":{"line":153,"column":36},"end":{"line":153,"column":null}},"loc":{"start":{"line":154,"column":8},"end":{"line":156,"column":null}}},"7":{"name":"(anonymous_8)","decl":{"start":{"line":165,"column":25},"end":{"line":165,"column":32}},"loc":{"start":{"line":165,"column":32},"end":{"line":181,"column":null}}},"8":{"name":"(anonymous_9)","decl":{"start":{"line":177,"column":19},"end":{"line":177,"column":27}},"loc":{"start":{"line":177,"column":27},"end":{"line":177,"column":null}}},"9":{"name":"(anonymous_10)","decl":{"start":{"line":177,"column":39},"end":{"line":177,"column":46}},"loc":{"start":{"line":177,"column":46},"end":{"line":177,"column":null}}},"10":{"name":"(anonymous_11)","decl":{"start":{"line":184,"column":12},"end":{"line":184,"column":null}},"loc":{"start":{"line":184,"column":12},"end":{"line":188,"column":5}}}},"branchMap":{"0":{"loc":{"start":{"line":17,"column":53},"end":{"line":17,"column":68}},"type":"default-arg","locations":[{"start":{"line":17,"column":63},"end":{"line":17,"column":68}}]},"1":{"loc":{"start":{"line":17,"column":70},"end":{"line":17,"column":84}},"type":"default-arg","locations":[{"start":{"line":17,"column":82},"end":{"line":17,"column":84}}]},"2":{"loc":{"start":{"line":24,"column":4},"end":{"line":24,"column":null}},"type":"if","locations":[{"start":{"line":24,"column":4},"end":{"line":24,"column":null}},{"start":{},"end":{}}]},"3":{"loc":{"start":{"line":42,"column":6},"end":{"line":44,"column":null}},"type":"if","locations":[{"start":{"line":42,"column":6},"end":{"line":44,"column":null}},{"start":{},"end":{}}]},"4":{"loc":{"start":{"line":47,"column":20},"end":{"line":47,"column":42}},"type":"binary-expr","locations":[{"start":{"line":47,"column":20},"end":{"line":47,"column":36}},{"start":{"line":47,"column":40},"end":{"line":47,"column":42}}]},"5":{"loc":{"start":{"line":49,"column":20},"end":{"line":49,"column":null}},"type":"binary-expr","locations":[{"start":{"line":49,"column":20},"end":{"line":49,"column":34}},{"start":{"line":49,"column":38},"end":{"line":49,"column":null}}]},"6":{"loc":{"start":{"line":50,"column":14},"end":{"line":50,"column":null}},"type":"binary-expr","locations":[{"start":{"line":50,"column":14},"end":{"line":50,"column":31}},{"start":{"line":50,"column":35},"end":{"line":50,"column":null}}]},"7":{"loc":{"start":{"line":51,"column":16},"end":{"line":51,"column":null}},"type":"binary-expr","locations":[{"start":{"line":51,"column":16},"end":{"line":51,"column":37}},{"start":{"line":51,"column":41},"end":{"line":51,"column":54}},{"start":{"line":51,"column":58},"end":{"line":51,"column":null}}]},"8":{"loc":{"start":{"line":52,"column":16},"end":{"line":52,"column":null}},"type":"binary-expr","locations":[{"start":{"line":52,"column":16},"end":{"line":52,"column":39}},{"start":{"line":52,"column":43},"end":{"line":52,"column":null}}]},"9":{"loc":{"start":{"line":53,"column":22},"end":{"line":53,"column":null}},"type":"binary-expr","locations":[{"start":{"line":53,"column":22},"end":{"line":53,"column":36}},{"start":{"line":53,"column":40},"end":{"line":53,"column":null}}]},"10":{"loc":{"start":{"line":54,"column":20},"end":{"line":54,"column":50}},"type":"binary-expr","locations":[{"start":{"line":54,"column":20},"end":{"line":54,"column":32}},{"start":{"line":54,"column":36},"end":{"line":54,"column":50}}]},"11":{"loc":{"start":{"line":55,"column":22},"end":{"line":55,"column":55}},"type":"binary-expr","locations":[{"start":{"line":55,"column":22},"end":{"line":55,"column":35}},{"start":{"line":55,"column":39},"end":{"line":55,"column":55}}]},"12":{"loc":{"start":{"line":56,"column":21},"end":{"line":56,"column":null}},"type":"binary-expr","locations":[{"start":{"line":56,"column":21},"end":{"line":56,"column":36}},{"start":{"line":56,"column":40},"end":{"line":56,"column":null}}]},"13":{"loc":{"start":{"line":57,"column":26},"end":{"line":57,"column":null}},"type":"binary-expr","locations":[{"start":{"line":57,"column":26},"end":{"line":57,"column":46}},{"start":{"line":57,"column":50},"end":{"line":57,"column":null}}]},"14":{"loc":{"start":{"line":62,"column":15},"end":{"line":62,"column":null}},"type":"cond-expr","locations":[{"start":{"line":62,"column":38},"end":{"line":62,"column":49}},{"start":{"line":62,"column":52},"end":{"line":62,"column":null}}]},"15":{"loc":{"start":{"line":78,"column":6},"end":{"line":81,"column":null}},"type":"if","locations":[{"start":{"line":78,"column":6},"end":{"line":81,"column":null}},{"start":{},"end":{}}]},"16":{"loc":{"start":{"line":80,"column":23},"end":{"line":80,"column":null}},"type":"binary-expr","locations":[{"start":{"line":80,"column":23},"end":{"line":80,"column":57}},{"start":{"line":80,"column":57},"end":{"line":80,"column":72}},{"start":{"line":80,"column":72},"end":{"line":80,"column":null}}]},"17":{"loc":{"start":{"line":87,"column":42},"end":{"line":87,"column":null}},"type":"binary-expr","locations":[{"start":{"line":87,"column":42},"end":{"line":87,"column":50}},{"start":{"line":87,"column":50},"end":{"line":87,"column":null}}]},"18":{"loc":{"start":{"line":88,"column":37},"end":{"line":88,"column":null}},"type":"binary-expr","locations":[{"start":{"line":88,"column":37},"end":{"line":88,"column":53}},{"start":{"line":88,"column":53},"end":{"line":88,"column":null}}]},"19":{"loc":{"start":{"line":91,"column":6},"end":{"line":91,"column":null}},"type":"if","locations":[{"start":{"line":91,"column":6},"end":{"line":91,"column":null}},{"start":{},"end":{}}]},"20":{"loc":{"start":{"line":100,"column":6},"end":{"line":102,"column":null}},"type":"if","locations":[{"start":{"line":100,"column":6},"end":{"line":102,"column":null}},{"start":{},"end":{}}]},"21":{"loc":{"start":{"line":101,"column":24},"end":{"line":101,"column":null}},"type":"binary-expr","locations":[{"start":{"line":101,"column":24},"end":{"line":101,"column":41}},{"start":{"line":101,"column":41},"end":{"line":101,"column":null}}]},"22":{"loc":{"start":{"line":124,"column":28},"end":{"line":124,"column":null}},"type":"binary-expr","locations":[{"start":{"line":124,"column":28},"end":{"line":124,"column":69}},{"start":{"line":124,"column":73},"end":{"line":124,"column":null}}]},"23":{"loc":{"start":{"line":124,"column":38},"end":{"line":124,"column":69}},"type":"binary-expr","locations":[{"start":{"line":124,"column":38},"end":{"line":124,"column":66}},{"start":{"line":124,"column":66},"end":{"line":124,"column":69}}]},"24":{"loc":{"start":{"line":127,"column":6},"end":{"line":129,"column":null}},"type":"if","locations":[{"start":{"line":127,"column":6},"end":{"line":129,"column":null}},{"start":{},"end":{}}]},"25":{"loc":{"start":{"line":127,"column":10},"end":{"line":127,"column":61}},"type":"binary-expr","locations":[{"start":{"line":127,"column":10},"end":{"line":127,"column":30}},{"start":{"line":127,"column":30},"end":{"line":127,"column":61}}]},"26":{"loc":{"start":{"line":137,"column":6},"end":{"line":140,"column":null}},"type":"if","locations":[{"start":{"line":137,"column":6},"end":{"line":140,"column":null}},{"start":{},"end":{}}]},"27":{"loc":{"start":{"line":139,"column":24},"end":{"line":139,"column":null}},"type":"binary-expr","locations":[{"start":{"line":139,"column":24},"end":{"line":139,"column":36}},{"start":{"line":139,"column":40},"end":{"line":139,"column":null}}]},"28":{"loc":{"start":{"line":150,"column":29},"end":{"line":150,"column":null}},"type":"binary-expr","locations":[{"start":{"line":150,"column":29},"end":{"line":150,"column":42}},{"start":{"line":150,"column":46},"end":{"line":150,"column":null}}]},"29":{"loc":{"start":{"line":154,"column":8},"end":{"line":156,"column":null}},"type":"cond-expr","locations":[{"start":{"line":155,"column":12},"end":{"line":155,"column":null}},{"start":{"line":156,"column":12},"end":{"line":156,"column":null}}]},"30":{"loc":{"start":{"line":171,"column":6},"end":{"line":174,"column":null}},"type":"if","locations":[{"start":{"line":171,"column":6},"end":{"line":174,"column":null}},{"start":{},"end":{}}]},"31":{"loc":{"start":{"line":173,"column":24},"end":{"line":173,"column":null}},"type":"binary-expr","locations":[{"start":{"line":173,"column":24},"end":{"line":173,"column":36}},{"start":{"line":173,"column":40},"end":{"line":173,"column":null}}]},"32":{"loc":{"start":{"line":185,"column":4},"end":{"line":187,"column":null}},"type":"if","locations":[{"start":{"line":185,"column":4},"end":{"line":187,"column":null}},{"start":{},"end":{}}]},"33":{"loc":{"start":{"line":185,"column":8},"end":{"line":185,"column":30}},"type":"binary-expr","locations":[{"start":{"line":185,"column":8},"end":{"line":185,"column":19}},{"start":{"line":185,"column":19},"end":{"line":185,"column":30}}]}},"s":{"0":0,"1":0,"2":0,"3":0,"4":0,"5":0,"6":0,"7":0,"8":0,"9":0,"10":0,"11":0,"12":0,"13":0,"14":0,"15":0,"16":0,"17":0,"18":0,"19":0,"20":0,"21":0,"22":0,"23":0,"24":0,"25":0,"26":0,"27":0,"28":0,"29":0,"30":0,"31":0,"32":0,"33":0,"34":0,"35":0,"36":0,"37":0,"38":0,"39":0,"40":0,"41":0,"42":0,"43":0,"44":0,"45":0,"46":0,"47":0,"48":0,"49":0,"50":0,"51":0,"52":0,"53":0,"54":0,"55":0,"56":0,"57":0,"58":0,"59":0,"60":0,"61":0,"62":0,"63":0,"64":0,"65":0,"66":0,"67":0,"68":0,"69":0,"70":0,"71":0,"72":0,"73":0,"74":0,"75":0,"76":0,"77":0,"78":0,"79":0,"80":0,"81":0},"f":{"0":0,"1":0,"2":0,"3":0,"4":0,"5":0,"6":0,"7":0,"8":0,"9":0,"10":0},"b":{"0":[0],"1":[0],"2":[0,0],"3":[0,0],"4":[0,0],"5":[0,0],"6":[0,0],"7":[0,0,0],"8":[0,0],"9":[0,0],"10":[0,0],"11":[0,0],"12":[0,0],"13":[0,0],"14":[0,0],"15":[0,0],"16":[0,0,0],"17":[0,0],"18":[0,0],"19":[0,0],"20":[0,0],"21":[0,0],"22":[0,0],"23":[0,0],"24":[0,0],"25":[0,0],"26":[0,0],"27":[0,0],"28":[0,0],"29":[0,0],"30":[0,0],"31":[0,0],"32":[0,0],"33":[0,0]}}
,"/vercel/share/v0-project/hooks/useAlerts.ts": {"path":"/vercel/share/v0-project/hooks/useAlerts.ts","statementMap":{"0":{"start":{"line":44,"column":16},"end":{"line":44,"column":26}},"1":{"start":{"line":1,"column":49},"end":{"line":1,"column":null}},"2":{"start":{"line":51,"column":6},"end":{"line":51,"column":null}},"3":{"start":{"line":53,"column":30},"end":{"line":53,"column":null}},"4":{"start":{"line":54,"column":32},"end":{"line":54,"column":null}},"5":{"start":{"line":55,"column":28},"end":{"line":55,"column":null}},"6":{"start":{"line":60,"column":22},"end":{"line":85,"column":null}},"7":{"start":{"line":61,"column":4},"end":{"line":84,"column":null}},"8":{"start":{"line":62,"column":6},"end":{"line":62,"column":null}},"9":{"start":{"line":63,"column":6},"end":{"line":63,"column":null}},"10":{"start":{"line":66,"column":21},"end":{"line":66,"column":null}},"11":{"start":{"line":67,"column":6},"end":{"line":67,"column":null}},"12":{"start":{"line":68,"column":6},"end":{"line":68,"column":null}},"13":{"start":{"line":68,"column":16},"end":{"line":68,"column":null}},"14":{"start":{"line":69,"column":6},"end":{"line":69,"column":null}},"15":{"start":{"line":69,"column":20},"end":{"line":69,"column":null}},"16":{"start":{"line":71,"column":23},"end":{"line":71,"column":null}},"17":{"start":{"line":73,"column":6},"end":{"line":75,"column":null}},"18":{"start":{"line":74,"column":8},"end":{"line":74,"column":null}},"19":{"start":{"line":77,"column":23},"end":{"line":77,"column":null}},"20":{"start":{"line":78,"column":6},"end":{"line":78,"column":null}},"21":{"start":{"line":80,"column":6},"end":{"line":80,"column":null}},"22":{"start":{"line":81,"column":6},"end":{"line":81,"column":null}},"23":{"start":{"line":83,"column":6},"end":{"line":83,"column":null}},"24":{"start":{"line":90,"column":21},"end":{"line":112,"column":null}},"25":{"start":{"line":91,"column":16},"end":{"line":91,"column":null}},"26":{"start":{"line":93,"column":4},"end":{"line":111,"column":null}},"27":{"start":{"line":94,"column":23},"end":{"line":98,"column":null}},"28":{"start":{"line":100,"column":6},"end":{"line":100,"column":null}},"29":{"start":{"line":100,"column":24},"end":{"line":100,"column":null}},"30":{"start":{"line":103,"column":6},"end":{"line":105,"column":null}},"31":{"start":{"line":104,"column":8},"end":{"line":105,"column":null}},"32":{"start":{"line":105,"column":10},"end":{"line":105,"column":null}},"33":{"start":{"line":109,"column":6},"end":{"line":109,"column":null}},"34":{"start":{"line":110,"column":6},"end":{"line":110,"column":null}},"35":{"start":{"line":117,"column":22},"end":{"line":117,"column":56}},"36":{"start":{"line":117,"column":41},"end":{"line":117,"column":48}},"37":{"start":{"line":122,"column":25},"end":{"line":122,"column":null}},"38":{"start":{"line":122,"column":44},"end":{"line":122,"column":null}},"39":{"start":{"line":127,"column":24},"end":{"line":128,"column":null}},"40":{"start":{"line":128,"column":4},"end":{"line":128,"column":null}},"41":{"start":{"line":128,"column":23},"end":{"line":128,"column":null}},"42":{"start":{"line":133,"column":20},"end":{"line":134,"column":null}},"43":{"start":{"line":134,"column":4},"end":{"line":134,"column":null}},"44":{"start":{"line":134,"column":23},"end":{"line":134,"column":null}},"45":{"start":{"line":139,"column":2},"end":{"line":148,"column":null}},"46":{"start":{"line":141,"column":4},"end":{"line":141,"column":null}},"47":{"start":{"line":144,"column":4},"end":{"line":147,"column":null}},"48":{"start":{"line":145,"column":23},"end":{"line":145,"column":null}},"49":{"start":{"line":146,"column":6},"end":{"line":146,"column":null}},"50":{"start":{"line":146,"column":19},"end":{"line":146,"column":null}},"51":{"start":{"line":150,"column":2},"end":{"line":166,"column":null}}},"fnMap":{"0":{"name":"useAlerts","decl":{"start":{"line":44,"column":16},"end":{"line":44,"column":26}},"loc":{"start":{"line":44,"column":56},"end":{"line":167,"column":null}}},"1":{"name":"(anonymous_2)","decl":{"start":{"line":60,"column":34},"end":{"line":60,"column":null}},"loc":{"start":{"line":60,"column":34},"end":{"line":85,"column":5}}},"2":{"name":"(anonymous_3)","decl":{"start":{"line":90,"column":33},"end":{"line":90,"column":40}},"loc":{"start":{"line":90,"column":40},"end":{"line":112,"column":5}}},"3":{"name":"(anonymous_4)","decl":{"start":{"line":103,"column":16},"end":{"line":103,"column":null}},"loc":{"start":{"line":104,"column":8},"end":{"line":105,"column":null}}},"4":{"name":"(anonymous_5)","decl":{"start":{"line":104,"column":17},"end":{"line":104,"column":null}},"loc":{"start":{"line":105,"column":10},"end":{"line":105,"column":null}}},"5":{"name":"(anonymous_6)","decl":{"start":{"line":117,"column":36},"end":{"line":117,"column":41}},"loc":{"start":{"line":117,"column":41},"end":{"line":117,"column":48}}},"6":{"name":"(anonymous_7)","decl":{"start":{"line":122,"column":39},"end":{"line":122,"column":44}},"loc":{"start":{"line":122,"column":44},"end":{"line":122,"column":null}}},"7":{"name":"(anonymous_8)","decl":{"start":{"line":127,"column":24},"end":{"line":127,"column":25}},"loc":{"start":{"line":128,"column":4},"end":{"line":128,"column":null}}},"8":{"name":"(anonymous_9)","decl":{"start":{"line":128,"column":18},"end":{"line":128,"column":23}},"loc":{"start":{"line":128,"column":23},"end":{"line":128,"column":null}}},"9":{"name":"(anonymous_10)","decl":{"start":{"line":133,"column":20},"end":{"line":133,"column":21}},"loc":{"start":{"line":134,"column":4},"end":{"line":134,"column":null}}},"10":{"name":"(anonymous_11)","decl":{"start":{"line":134,"column":18},"end":{"line":134,"column":23}},"loc":{"start":{"line":134,"column":23},"end":{"line":134,"column":null}}},"11":{"name":"(anonymous_12)","decl":{"start":{"line":139,"column":12},"end":{"line":139,"column":null}},"loc":{"start":{"line":139,"column":12},"end":{"line":148,"column":5}}},"12":{"name":"(anonymous_13)","decl":{"start":{"line":146,"column":13},"end":{"line":146,"column":19}},"loc":{"start":{"line":146,"column":19},"end":{"line":146,"column":null}}}},"branchMap":{"0":{"loc":{"start":{"line":44,"column":26},"end":{"line":44,"column":56}},"type":"default-arg","locations":[{"start":{"line":44,"column":54},"end":{"line":44,"column":56}}]},"1":{"loc":{"start":{"line":46,"column":4},"end":{"line":46,"column":22}},"type":"default-arg","locations":[{"start":{"line":46,"column":18},"end":{"line":46,"column":22}}]},"2":{"loc":{"start":{"line":47,"column":4},"end":{"line":47,"column":27}},"type":"default-arg","locations":[{"start":{"line":47,"column":22},"end":{"line":47,"column":27}}]},"3":{"loc":{"start":{"line":50,"column":4},"end":{"line":50,"column":14}},"type":"default-arg","locations":[{"start":{"line":50,"column":12},"end":{"line":50,"column":14}}]},"4":{"loc":{"start":{"line":68,"column":6},"end":{"line":68,"column":null}},"type":"if","locations":[{"start":{"line":68,"column":6},"end":{"line":68,"column":null}},{"start":{},"end":{}}]},"5":{"loc":{"start":{"line":69,"column":6},"end":{"line":69,"column":null}},"type":"if","locations":[{"start":{"line":69,"column":6},"end":{"line":69,"column":null}},{"start":{},"end":{}}]},"6":{"loc":{"start":{"line":73,"column":6},"end":{"line":75,"column":null}},"type":"if","locations":[{"start":{"line":73,"column":6},"end":{"line":75,"column":null}},{"start":{},"end":{}}]},"7":{"loc":{"start":{"line":78,"column":16},"end":{"line":78,"column":26}},"type":"binary-expr","locations":[{"start":{"line":78,"column":16},"end":{"line":78,"column":24}},{"start":{"line":78,"column":24},"end":{"line":78,"column":26}}]},"8":{"loc":{"start":{"line":91,"column":16},"end":{"line":91,"column":null}},"type":"cond-expr","locations":[{"start":{"line":91,"column":41},"end":{"line":91,"column":51}},{"start":{"line":91,"column":51},"end":{"line":91,"column":null}}]},"9":{"loc":{"start":{"line":100,"column":6},"end":{"line":100,"column":null}},"type":"if","locations":[{"start":{"line":100,"column":6},"end":{"line":100,"column":null}},{"start":{},"end":{}}]},"10":{"loc":{"start":{"line":105,"column":10},"end":{"line":105,"column":null}},"type":"cond-expr","locations":[{"start":{"line":105,"column":35},"end":{"line":105,"column":62}},{"start":{"line":105,"column":62},"end":{"line":105,"column":null}}]},"11":{"loc":{"start":{"line":144,"column":4},"end":{"line":147,"column":null}},"type":"if","locations":[{"start":{"line":144,"column":4},"end":{"line":147,"column":null}},{"start":{},"end":{}}]}},"s":{"0":0,"1":0,"2":0,"3":0,"4":0,"5":0,"6":0,"7":0,"8":0,"9":0,"10":0,"11":0,"12":0,"13":0,"14":0,"15":0,"16":0,"17":0,"18":0,"19":0,"20":0,"21":0,"22":0,"23":0,"24":0,"25":0,"26":0,"27":0,"28":0,"29":0,"30":0,"31":0,"32":0,"33":0,"34":0,"35":0,"36":0,"37":0,"38":0,"39":0,"40":0,"41":0,"42":0,"43":0,"44":0,"45":0,"46":0,"47":0,"48":0,"49":0,"50":0,"51":0},"f":{"0":0,"1":0,"2":0,"3":0,"4":0,"5":0,"6":0,"7":0,"8":0,"9":0,"10":0,"11":0,"12":0},"b":{"0":[0],"1":[0],"2":[0],"3":[0],"4":[0,0],"5":[0,0],"6":[0,0],"7":[0,0],"8":[0,0],"9":[0,0],"10":[0,0],"11":[0,0]}}
,"/vercel/share/v0-project/hooks/useGeneratedAlerts.ts": {"path":"/vercel/share/v0-project/hooks/useGeneratedAlerts.ts","statementMap":{"0":{"start":{"line":19,"column":16},"end":{"line":19,"column":null}},"1":{"start":{"line":3,"column":49},"end":{"line":3,"column":null}},"2":{"start":{"line":20,"column":30},"end":{"line":20,"column":null}},"3":{"start":{"line":21,"column":36},"end":{"line":21,"column":null}},"4":{"start":{"line":22,"column":28},"end":{"line":22,"column":null}},"5":{"start":{"line":24,"column":21},"end":{"line":45,"column":null}},"6":{"start":{"line":25,"column":4},"end":{"line":25,"column":null}},"7":{"start":{"line":26,"column":4},"end":{"line":26,"column":null}},"8":{"start":{"line":27,"column":4},"end":{"line":44,"column":null}},"9":{"start":{"line":28,"column":23},"end":{"line":28,"column":null}},"10":{"start":{"line":29,"column":6},"end":{"line":31,"column":null}},"11":{"start":{"line":30,"column":8},"end":{"line":30,"column":null}},"12":{"start":{"line":32,"column":19},"end":{"line":32,"column":null}},"13":{"start":{"line":33,"column":6},"end":{"line":37,"column":null}},"14":{"start":{"line":34,"column":41},"end":{"line":37,"column":null}},"15":{"start":{"line":40,"column":6},"end":{"line":40,"column":null}},"16":{"start":{"line":41,"column":6},"end":{"line":41,"column":null}},"17":{"start":{"line":43,"column":6},"end":{"line":43,"column":null}},"18":{"start":{"line":48,"column":4},"end":{"line":48,"column":null}},"19":{"start":{"line":54,"column":2},"end":{"line":59,"column":null}}},"fnMap":{"0":{"name":"useGeneratedAlerts","decl":{"start":{"line":19,"column":16},"end":{"line":19,"column":null}},"loc":{"start":{"line":19,"column":16},"end":{"line":60,"column":null}}},"1":{"name":"(anonymous_2)","decl":{"start":{"line":24,"column":33},"end":{"line":24,"column":null}},"loc":{"start":{"line":24,"column":33},"end":{"line":45,"column":5}}},"2":{"name":"(anonymous_3)","decl":{"start":{"line":34,"column":24},"end":{"line":34,"column":25}},"loc":{"start":{"line":34,"column":41},"end":{"line":37,"column":null}}},"3":{"name":"(anonymous_4)","decl":{"start":{"line":47,"column":12},"end":{"line":47,"column":null}},"loc":{"start":{"line":47,"column":12},"end":{"line":52,"column":5}}}},"branchMap":{"0":{"loc":{"start":{"line":29,"column":6},"end":{"line":31,"column":null}},"type":"if","locations":[{"start":{"line":29,"column":6},"end":{"line":31,"column":null}},{"start":{},"end":{}}]},"1":{"loc":{"start":{"line":41,"column":15},"end":{"line":41,"column":null}},"type":"cond-expr","locations":[{"start":{"line":41,"column":38},"end":{"line":41,"column":49}},{"start":{"line":41,"column":52},"end":{"line":41,"column":null}}]}},"s":{"0":0,"1":0,"2":0,"3":0,"4":0,"5":0,"6":0,"7":0,"8":0,"9":0,"10":0,"11":0,"12":0,"13":0,"14":0,"15":0,"16":0,"17":0,"18":0,"19":0},"f":{"0":0,"1":0,"2":0,"3":0},"b":{"0":[0,0],"1":[0,0]}}
,"/vercel/share/v0-project/hooks/useOnboarding.ts": {"path":"/vercel/share/v0-project/hooks/useOnboarding.ts","statementMap":{"0":{"start":{"line":5,"column":16},"end":{"line":5,"column":null}},"1":{"start":{"line":3,"column":36},"end":{"line":3,"column":null}},"2":{"start":{"line":6,"column":40},"end":{"line":6,"column":null}},"3":{"start":{"line":7,"column":42},"end":{"line":7,"column":null}},"4":{"start":{"line":9,"column":2},"end":{"line":13,"column":null}},"5":{"start":{"line":10,"column":18},"end":{"line":10,"column":null}},"6":{"start":{"line":11,"column":4},"end":{"line":11,"column":null}},"7":{"start":{"line":12,"column":4},"end":{"line":12,"column":null}},"8":{"start":{"line":12,"column":15},"end":{"line":12,"column":null}},"9":{"start":{"line":15,"column":29},"end":{"line":19,"column":null}},"10":{"start":{"line":16,"column":4},"end":{"line":16,"column":null}},"11":{"start":{"line":17,"column":4},"end":{"line":17,"column":null}},"12":{"start":{"line":18,"column":4},"end":{"line":18,"column":null}},"13":{"start":{"line":21,"column":26},"end":{"line":25,"column":null}},"14":{"start":{"line":22,"column":4},"end":{"line":22,"column":null}},"15":{"start":{"line":23,"column":4},"end":{"line":23,"column":null}},"16":{"start":{"line":24,"column":4},"end":{"line":24,"column":null}},"17":{"start":{"line":27,"column":2},"end":{"line":32,"column":null}}},"fnMap":{"0":{"name":"useOnboarding","decl":{"start":{"line":5,"column":16},"end":{"line":5,"column":null}},"loc":{"start":{"line":5,"column":16},"end":{"line":33,"column":null}}},"1":{"name":"(anonymous_2)","decl":{"start":{"line":9,"column":12},"end":{"line":9,"column":null}},"loc":{"start":{"line":9,"column":12},"end":{"line":13,"column":5}}},"2":{"name":"(anonymous_3)","decl":{"start":{"line":15,"column":29},"end":{"line":15,"column":null}},"loc":{"start":{"line":15,"column":29},"end":{"line":19,"column":null}}},"3":{"name":"(anonymous_4)","decl":{"start":{"line":21,"column":26},"end":{"line":21,"column":null}},"loc":{"start":{"line":21,"column":26},"end":{"line":25,"column":null}}}},"branchMap":{"0":{"loc":{"start":{"line":12,"column":4},"end":{"line":12,"column":null}},"type":"if","locations":[{"start":{"line":12,"column":4},"end":{"line":12,"column":null}},{"start":{},"end":{}}]}},"s":{"0":0,"1":0,"2":0,"3":0,"4":0,"5":0,"6":0,"7":0,"8":0,"9":0,"10":0,"11":0,"12":0,"13":0,"14":0,"15":0,"16":0,"17":0},"f":{"0":0,"1":0,"2":0,"3":0},"b":{"0":[0,0]}}
,"/vercel/share/v0-project/lib/ai-document-processor.ts": {"path":"/vercel/share/v0-project/lib/ai-document-processor.ts","statementMap":{"0":{"start":{"line":23,"column":22},"end":{"line":23,"column":45}},"1":{"start":{"line":112,"column":16},"end":{"line":112,"column":33}},"2":{"start":{"line":1,"column":19},"end":{"line":1,"column":null}},"3":{"start":{"line":2,"column":18},"end":{"line":2,"column":null}},"4":{"start":{"line":5,"column":33},"end":{"line":13,"column":null}},"5":{"start":{"line":27,"column":2},"end":{"line":106,"column":null}},"6":{"start":{"line":29,"column":4},"end":{"line":31,"column":null}},"7":{"start":{"line":30,"column":6},"end":{"line":30,"column":null}},"8":{"start":{"line":33,"column":19},"end":{"line":35,"column":null}},"9":{"start":{"line":37,"column":4},"end":{"line":37,"column":null}},"10":{"start":{"line":39,"column":21},"end":{"line":78,"column":null}},"11":{"start":{"line":80,"column":20},"end":{"line":80,"column":null}},"12":{"start":{"line":81,"column":4},"end":{"line":83,"column":null}},"13":{"start":{"line":82,"column":6},"end":{"line":82,"column":null}},"14":{"start":{"line":85,"column":4},"end":{"line":85,"column":null}},"15":{"start":{"line":88,"column":22},"end":{"line":88,"column":null}},"16":{"start":{"line":89,"column":4},"end":{"line":91,"column":null}},"17":{"start":{"line":90,"column":6},"end":{"line":90,"column":null}},"18":{"start":{"line":93,"column":19},"end":{"line":93,"column":null}},"19":{"start":{"line":94,"column":23},"end":{"line":94,"column":null}},"20":{"start":{"line":96,"column":4},"end":{"line":100,"column":null}},"21":{"start":{"line":102,"column":4},"end":{"line":102,"column":null}},"22":{"start":{"line":104,"column":4},"end":{"line":104,"column":null}},"23":{"start":{"line":105,"column":4},"end":{"line":105,"column":null}},"24":{"start":{"line":116,"column":2},"end":{"line":118,"column":null}},"25":{"start":{"line":117,"column":4},"end":{"line":117,"column":null}},"26":{"start":{"line":120,"column":18},"end":{"line":120,"column":null}},"27":{"start":{"line":121,"column":16},"end":{"line":121,"column":null}},"28":{"start":{"line":122,"column":30},"end":{"line":122,"column":null}},"29":{"start":{"line":124,"column":2},"end":{"line":130,"column":null}},"30":{"start":{"line":125,"column":4},"end":{"line":125,"column":null}},"31":{"start":{"line":126,"column":9},"end":{"line":130,"column":null}},"32":{"start":{"line":127,"column":4},"end":{"line":127,"column":null}},"33":{"start":{"line":129,"column":4},"end":{"line":129,"column":null}}},"fnMap":{"0":{"name":"extractDocumentMetadata","decl":{"start":{"line":23,"column":22},"end":{"line":23,"column":45}},"loc":{"start":{"line":25,"column":82},"end":{"line":107,"column":null}}},"1":{"name":"getDocumentStatus","decl":{"start":{"line":112,"column":16},"end":{"line":112,"column":33}},"loc":{"start":{"line":114,"column":35},"end":{"line":131,"column":null}}}},"branchMap":{"0":{"loc":{"start":{"line":25,"column":2},"end":{"line":25,"column":82}},"type":"default-arg","locations":[{"start":{"line":25,"column":70},"end":{"line":25,"column":82}}]},"1":{"loc":{"start":{"line":29,"column":4},"end":{"line":31,"column":null}},"type":"if","locations":[{"start":{"line":29,"column":4},"end":{"line":31,"column":null}},{"start":{},"end":{}}]},"2":{"loc":{"start":{"line":81,"column":4},"end":{"line":83,"column":null}},"type":"if","locations":[{"start":{"line":81,"column":4},"end":{"line":83,"column":null}},{"start":{},"end":{}}]},"3":{"loc":{"start":{"line":89,"column":4},"end":{"line":91,"column":null}},"type":"if","locations":[{"start":{"line":89,"column":4},"end":{"line":91,"column":null}},{"start":{},"end":{}}]},"4":{"loc":{"start":{"line":114,"column":2},"end":{"line":114,"column":35}},"type":"default-arg","locations":[{"start":{"line":114,"column":33},"end":{"line":114,"column":35}}]},"5":{"loc":{"start":{"line":116,"column":2},"end":{"line":118,"column":null}},"type":"if","locations":[{"start":{"line":116,"column":2},"end":{"line":118,"column":null}},{"start":{},"end":{}}]},"6":{"loc":{"start":{"line":124,"column":2},"end":{"line":130,"column":null}},"type":"if","locations":[{"start":{"line":124,"column":2},"end":{"line":130,"column":null}},{"start":{"line":126,"column":9},"end":{"line":130,"column":null}}]},"7":{"loc":{"start":{"line":126,"column":9},"end":{"line":130,"column":null}},"type":"if","locations":[{"start":{"line":126,"column":9},"end":{"line":130,"column":null}},{"start":{"line":128,"column":9},"end":{"line":130,"column":null}}]}},"s":{"0":0,"1":0,"2":0,"3":0,"4":0,"5":0,"6":0,"7":0,"8":0,"9":0,"10":0,"11":0,"12":0,"13":0,"14":0,"15":0,"16":0,"17":0,"18":0,"19":0,"20":0,"21":0,"22":0,"23":0,"24":0,"25":0,"26":0,"27":0,"28":0,"29":0,"30":0,"31":0,"32":0,"33":0},"f":{"0":0,"1":0},"b":{"0":[0],"1":[0,0],"2":[0,0],"3":[0,0],"4":[0],"5":[0,0],"6":[0,0],"7":[0,0]}}
,"/vercel/share/v0-project/lib/audit-logging-service.ts": {"path":"/vercel/share/v0-project/lib/audit-logging-service.ts","statementMap":{"0":{"start":{"line":45,"column":22},"end":{"line":45,"column":34}},"1":{"start":{"line":15,"column":22},"end":{"line":15,"column":35}},"2":{"start":{"line":1,"column":34},"end":{"line":1,"column":null}},"3":{"start":{"line":24,"column":19},"end":{"line":24,"column":null}},"4":{"start":{"line":26,"column":26},"end":{"line":39,"column":null}},"5":{"start":{"line":41,"column":2},"end":{"line":41,"column":null}},"6":{"start":{"line":41,"column":13},"end":{"line":41,"column":null}},"7":{"start":{"line":42,"column":2},"end":{"line":42,"column":null}},"8":{"start":{"line":54,"column":19},"end":{"line":54,"column":null}},"9":{"start":{"line":56,"column":14},"end":{"line":56,"column":null}},"10":{"start":{"line":58,"column":2},"end":{"line":58,"column":null}},"11":{"start":{"line":58,"column":23},"end":{"line":58,"column":null}},"12":{"start":{"line":59,"column":2},"end":{"line":59,"column":null}},"13":{"start":{"line":59,"column":27},"end":{"line":59,"column":null}},"14":{"start":{"line":60,"column":2},"end":{"line":60,"column":null}},"15":{"start":{"line":60,"column":23},"end":{"line":60,"column":null}},"16":{"start":{"line":61,"column":2},"end":{"line":61,"column":null}},"17":{"start":{"line":61,"column":26},"end":{"line":61,"column":null}},"18":{"start":{"line":62,"column":2},"end":{"line":62,"column":null}},"19":{"start":{"line":62,"column":24},"end":{"line":62,"column":null}},"20":{"start":{"line":64,"column":26},"end":{"line":64,"column":null}},"21":{"start":{"line":66,"column":2},"end":{"line":66,"column":null}},"22":{"start":{"line":66,"column":13},"end":{"line":66,"column":null}},"23":{"start":{"line":67,"column":2},"end":{"line":67,"column":null}}},"fnMap":{"0":{"name":"logAuditEvent","decl":{"start":{"line":15,"column":22},"end":{"line":15,"column":35}},"loc":{"start":{"line":22,"column":20},"end":{"line":43,"column":null}}},"1":{"name":"getAuditLogs","decl":{"start":{"line":45,"column":22},"end":{"line":45,"column":34}},"loc":{"start":{"line":52,"column":3},"end":{"line":68,"column":null}}}},"branchMap":{"0":{"loc":{"start":{"line":33,"column":15},"end":{"line":33,"column":null}},"type":"binary-expr","locations":[{"start":{"line":33,"column":15},"end":{"line":33,"column":26}},{"start":{"line":33,"column":26},"end":{"line":33,"column":null}}]},"1":{"loc":{"start":{"line":41,"column":2},"end":{"line":41,"column":null}},"type":"if","locations":[{"start":{"line":41,"column":2},"end":{"line":41,"column":null}},{"start":{},"end":{}}]},"2":{"loc":{"start":{"line":58,"column":2},"end":{"line":58,"column":null}},"type":"if","locations":[{"start":{"line":58,"column":2},"end":{"line":58,"column":null}},{"start":{},"end":{}}]},"3":{"loc":{"start":{"line":59,"column":2},"end":{"line":59,"column":null}},"type":"if","locations":[{"start":{"line":59,"column":2},"end":{"line":59,"column":null}},{"start":{},"end":{}}]},"4":{"loc":{"start":{"line":60,"column":2},"end":{"line":60,"column":null}},"type":"if","locations":[{"start":{"line":60,"column":2},"end":{"line":60,"column":null}},{"start":{},"end":{}}]},"5":{"loc":{"start":{"line":61,"column":2},"end":{"line":61,"column":null}},"type":"if","locations":[{"start":{"line":61,"column":2},"end":{"line":61,"column":null}},{"start":{},"end":{}}]},"6":{"loc":{"start":{"line":62,"column":2},"end":{"line":62,"column":null}},"type":"if","locations":[{"start":{"line":62,"column":2},"end":{"line":62,"column":null}},{"start":{},"end":{}}]},"7":{"loc":{"start":{"line":66,"column":2},"end":{"line":66,"column":null}},"type":"if","locations":[{"start":{"line":66,"column":2},"end":{"line":66,"column":null}},{"start":{},"end":{}}]},"8":{"loc":{"start":{"line":67,"column":9},"end":{"line":67,"column":19}},"type":"binary-expr","locations":[{"start":{"line":67,"column":9},"end":{"line":67,"column":17}},{"start":{"line":67,"column":17},"end":{"line":67,"column":19}}]}},"s":{"0":0,"1":0,"2":0,"3":0,"4":0,"5":0,"6":0,"7":0,"8":0,"9":0,"10":0,"11":0,"12":0,"13":0,"14":0,"15":0,"16":0,"17":0,"18":0,"19":0,"20":0,"21":0,"22":0,"23":0},"f":{"0":0,"1":0},"b":{"0":[0,0],"1":[0,0],"2":[0,0],"3":[0,0],"4":[0,0],"5":[0,0],"6":[0,0],"7":[0,0],"8":[0,0]}}
,"/vercel/share/v0-project/lib/auth-context.tsx": {"path":"/vercel/share/v0-project/lib/auth-context.tsx","statementMap":{"0":{"start":{"line":70,"column":16},"end":{"line":70,"column":28}},"1":{"start":{"line":228,"column":16},"end":{"line":228,"column":23}},"2":{"start":{"line":3,"column":74},"end":{"line":3,"column":null}},"3":{"start":{"line":4,"column":29},"end":{"line":4,"column":null}},"4":{"start":{"line":35,"column":20},"end":{"line":35,"column":null}},"5":{"start":{"line":38,"column":24},"end":{"line":65,"column":null}},"6":{"start":{"line":39,"column":2},"end":{"line":39,"column":null}},"7":{"start":{"line":39,"column":33},"end":{"line":39,"column":null}},"8":{"start":{"line":41,"column":2},"end":{"line":62,"column":null}},"9":{"start":{"line":42,"column":16},"end":{"line":42,"column":null}},"10":{"start":{"line":45,"column":4},"end":{"line":47,"column":null}},"11":{"start":{"line":46,"column":6},"end":{"line":46,"column":null}},"12":{"start":{"line":48,"column":4},"end":{"line":50,"column":null}},"13":{"start":{"line":49,"column":6},"end":{"line":49,"column":null}},"14":{"start":{"line":51,"column":4},"end":{"line":53,"column":null}},"15":{"start":{"line":52,"column":6},"end":{"line":52,"column":null}},"16":{"start":{"line":54,"column":4},"end":{"line":56,"column":null}},"17":{"start":{"line":55,"column":6},"end":{"line":55,"column":null}},"18":{"start":{"line":57,"column":4},"end":{"line":59,"column":null}},"19":{"start":{"line":58,"column":6},"end":{"line":58,"column":null}},"20":{"start":{"line":61,"column":4},"end":{"line":61,"column":null}},"21":{"start":{"line":64,"column":2},"end":{"line":64,"column":null}},"22":{"start":{"line":68,"column":23},"end":{"line":68,"column":null}},"23":{"start":{"line":71,"column":26},"end":{"line":71,"column":null}},"24":{"start":{"line":72,"column":32},"end":{"line":72,"column":null}},"25":{"start":{"line":73,"column":28},"end":{"line":73,"column":null}},"26":{"start":{"line":76,"column":27},"end":{"line":83,"column":null}},"27":{"start":{"line":77,"column":24},"end":{"line":77,"column":null}},"28":{"start":{"line":78,"column":4},"end":{"line":78,"column":null}},"29":{"start":{"line":78,"column":33},"end":{"line":78,"column":null}},"30":{"start":{"line":79,"column":4},"end":{"line":79,"column":null}},"31":{"start":{"line":79,"column":39},"end":{"line":79,"column":null}},"32":{"start":{"line":80,"column":4},"end":{"line":80,"column":null}},"33":{"start":{"line":80,"column":41},"end":{"line":80,"column":null}},"34":{"start":{"line":81,"column":4},"end":{"line":81,"column":null}},"35":{"start":{"line":81,"column":36},"end":{"line":81,"column":null}},"36":{"start":{"line":82,"column":4},"end":{"line":82,"column":null}},"37":{"start":{"line":85,"column":2},"end":{"line":110,"column":null}},"38":{"start":{"line":88,"column":4},"end":{"line":88,"column":null}},"39":{"start":{"line":90,"column":39},"end":{"line":107,"column":null}},"40":{"start":{"line":91,"column":6},"end":{"line":91,"column":null}},"41":{"start":{"line":92,"column":6},"end":{"line":105,"column":null}},"42":{"start":{"line":93,"column":8},"end":{"line":93,"column":null}},"43":{"start":{"line":94,"column":8},"end":{"line":94,"column":null}},"44":{"start":{"line":95,"column":13},"end":{"line":105,"column":null}},"45":{"start":{"line":96,"column":21},"end":{"line":96,"column":null}},"46":{"start":{"line":97,"column":8},"end":{"line":103,"column":null}},"47":{"start":{"line":104,"column":8},"end":{"line":104,"column":null}},"48":{"start":{"line":106,"column":6},"end":{"line":106,"column":null}},"49":{"start":{"line":109,"column":4},"end":{"line":109,"column":null}},"50":{"start":{"line":109,"column":17},"end":{"line":109,"column":null}},"51":{"start":{"line":112,"column":16},"end":{"line":152,"column":null}},"52":{"start":{"line":113,"column":4},"end":{"line":151,"column":null}},"53":{"start":{"line":114,"column":6},"end":{"line":114,"column":null}},"54":{"start":{"line":115,"column":6},"end":{"line":115,"column":null}},"55":{"start":{"line":116,"column":6},"end":{"line":116,"column":null}},"56":{"start":{"line":118,"column":30},"end":{"line":118,"column":null}},"57":{"start":{"line":120,"column":6},"end":{"line":126,"column":null}},"58":{"start":{"line":121,"column":8},"end":{"line":121,"column":null}},"59":{"start":{"line":122,"column":29},"end":{"line":122,"column":null}},"60":{"start":{"line":123,"column":8},"end":{"line":123,"column":null}},"61":{"start":{"line":124,"column":8},"end":{"line":124,"column":null}},"62":{"start":{"line":125,"column":8},"end":{"line":125,"column":null}},"63":{"start":{"line":128,"column":6},"end":{"line":133,"column":null}},"64":{"start":{"line":129,"column":8},"end":{"line":129,"column":null}},"65":{"start":{"line":130,"column":8},"end":{"line":130,"column":null}},"66":{"start":{"line":131,"column":8},"end":{"line":131,"column":null}},"67":{"start":{"line":132,"column":8},"end":{"line":132,"column":null}},"68":{"start":{"line":135,"column":6},"end":{"line":135,"column":null}},"69":{"start":{"line":136,"column":19},"end":{"line":136,"column":null}},"70":{"start":{"line":137,"column":6},"end":{"line":143,"column":null}},"71":{"start":{"line":144,"column":6},"end":{"line":144,"column":null}},"72":{"start":{"line":146,"column":6},"end":{"line":146,"column":null}},"73":{"start":{"line":147,"column":27},"end":{"line":147,"column":null}},"74":{"start":{"line":148,"column":6},"end":{"line":148,"column":null}},"75":{"start":{"line":149,"column":6},"end":{"line":149,"column":null}},"76":{"start":{"line":150,"column":6},"end":{"line":150,"column":null}},"77":{"start":{"line":154,"column":17},"end":{"line":166,"column":null}},"78":{"start":{"line":155,"column":4},"end":{"line":165,"column":null}},"79":{"start":{"line":156,"column":6},"end":{"line":156,"column":null}},"80":{"start":{"line":157,"column":24},"end":{"line":157,"column":null}},"81":{"start":{"line":158,"column":6},"end":{"line":158,"column":null}},"82":{"start":{"line":158,"column":17},"end":{"line":158,"column":null}},"83":{"start":{"line":159,"column":6},"end":{"line":159,"column":null}},"84":{"start":{"line":160,"column":6},"end":{"line":160,"column":null}},"85":{"start":{"line":161,"column":6},"end":{"line":161,"column":null}},"86":{"start":{"line":163,"column":6},"end":{"line":163,"column":null}},"87":{"start":{"line":164,"column":6},"end":{"line":164,"column":null}},"88":{"start":{"line":168,"column":19},"end":{"line":209,"column":null}},"89":{"start":{"line":169,"column":4},"end":{"line":208,"column":null}},"90":{"start":{"line":170,"column":6},"end":{"line":170,"column":null}},"91":{"start":{"line":171,"column":6},"end":{"line":171,"column":null}},"92":{"start":{"line":173,"column":40},"end":{"line":183,"column":null}},"93":{"start":{"line":185,"column":6},"end":{"line":190,"column":null}},"94":{"start":{"line":186,"column":29},"end":{"line":186,"column":null}},"95":{"start":{"line":187,"column":8},"end":{"line":187,"column":null}},"96":{"start":{"line":188,"column":8},"end":{"line":188,"column":null}},"97":{"start":{"line":189,"column":8},"end":{"line":189,"column":null}},"98":{"start":{"line":192,"column":6},"end":{"line":194,"column":null}},"99":{"start":{"line":193,"column":8},"end":{"line":193,"column":null}},"100":{"start":{"line":196,"column":6},"end":{"line":202,"column":null}},"101":{"start":{"line":203,"column":6},"end":{"line":203,"column":null}},"102":{"start":{"line":204,"column":6},"end":{"line":204,"column":null}},"103":{"start":{"line":206,"column":6},"end":{"line":206,"column":null}},"104":{"start":{"line":207,"column":6},"end":{"line":207,"column":null}},"105":{"start":{"line":229,"column":18},"end":{"line":229,"column":null}},"106":{"start":{"line":230,"column":2},"end":{"line":232,"column":null}},"107":{"start":{"line":231,"column":4},"end":{"line":231,"column":null}},"108":{"start":{"line":233,"column":2},"end":{"line":233,"column":null}}},"fnMap":{"0":{"name":"(anonymous_3)","decl":{"start":{"line":38,"column":24},"end":{"line":38,"column":25}},"loc":{"start":{"line":38,"column":25},"end":{"line":65,"column":null}}},"1":{"name":"AuthProvider","decl":{"start":{"line":70,"column":16},"end":{"line":70,"column":28}},"loc":{"start":{"line":70,"column":66},"end":{"line":226,"column":null}}},"2":{"name":"(anonymous_5)","decl":{"start":{"line":76,"column":27},"end":{"line":76,"column":28}},"loc":{"start":{"line":76,"column":28},"end":{"line":83,"column":null}}},"3":{"name":"(anonymous_6)","decl":{"start":{"line":85,"column":12},"end":{"line":85,"column":null}},"loc":{"start":{"line":85,"column":12},"end":{"line":110,"column":5}}},"4":{"name":"(anonymous_7)","decl":{"start":{"line":90,"column":77},"end":{"line":90,"column":78}},"loc":{"start":{"line":90,"column":86},"end":{"line":107,"column":null}}},"5":{"name":"(anonymous_8)","decl":{"start":{"line":109,"column":11},"end":{"line":109,"column":17}},"loc":{"start":{"line":109,"column":17},"end":{"line":109,"column":null}}},"6":{"name":"(anonymous_9)","decl":{"start":{"line":112,"column":16},"end":{"line":112,"column":23}},"loc":{"start":{"line":112,"column":38},"end":{"line":152,"column":null}}},"7":{"name":"(anonymous_10)","decl":{"start":{"line":154,"column":17},"end":{"line":154,"column":null}},"loc":{"start":{"line":154,"column":17},"end":{"line":166,"column":null}}},"8":{"name":"(anonymous_11)","decl":{"start":{"line":168,"column":19},"end":{"line":168,"column":26}},"loc":{"start":{"line":168,"column":26},"end":{"line":209,"column":null}}},"9":{"name":"useAuth","decl":{"start":{"line":228,"column":16},"end":{"line":228,"column":23}},"loc":{"start":{"line":228,"column":16},"end":{"line":234,"column":null}}}},"branchMap":{"0":{"loc":{"start":{"line":39,"column":2},"end":{"line":39,"column":null}},"type":"if","locations":[{"start":{"line":39,"column":2},"end":{"line":39,"column":null}},{"start":{},"end":{}}]},"1":{"loc":{"start":{"line":41,"column":2},"end":{"line":62,"column":null}},"type":"if","locations":[{"start":{"line":41,"column":2},"end":{"line":62,"column":null}},{"start":{},"end":{}}]},"2":{"loc":{"start":{"line":45,"column":4},"end":{"line":47,"column":null}},"type":"if","locations":[{"start":{"line":45,"column":4},"end":{"line":47,"column":null}},{"start":{},"end":{}}]},"3":{"loc":{"start":{"line":45,"column":8},"end":{"line":45,"column":85}},"type":"binary-expr","locations":[{"start":{"line":45,"column":8},"end":{"line":45,"column":53}},{"start":{"line":45,"column":53},"end":{"line":45,"column":85}}]},"4":{"loc":{"start":{"line":48,"column":4},"end":{"line":50,"column":null}},"type":"if","locations":[{"start":{"line":48,"column":4},"end":{"line":50,"column":null}},{"start":{},"end":{}}]},"5":{"loc":{"start":{"line":51,"column":4},"end":{"line":53,"column":null}},"type":"if","locations":[{"start":{"line":51,"column":4},"end":{"line":53,"column":null}},{"start":{},"end":{}}]},"6":{"loc":{"start":{"line":54,"column":4},"end":{"line":56,"column":null}},"type":"if","locations":[{"start":{"line":54,"column":4},"end":{"line":56,"column":null}},{"start":{},"end":{}}]},"7":{"loc":{"start":{"line":57,"column":4},"end":{"line":59,"column":null}},"type":"if","locations":[{"start":{"line":57,"column":4},"end":{"line":59,"column":null}},{"start":{},"end":{}}]},"8":{"loc":{"start":{"line":78,"column":4},"end":{"line":78,"column":null}},"type":"if","locations":[{"start":{"line":78,"column":4},"end":{"line":78,"column":null}},{"start":
[...]
n":19},"end":{"line":23,"column":null}},"13":{"start":{"line":26,"column":2},"end":{"line":28,"column":null}},"14":{"start":{"line":27,"column":4},"end":{"line":27,"column":null}},"15":{"start":{"line":31,"column":21},"end":{"line":31,"column":null}},"16":{"start":{"line":33,"column":2},"end":{"line":38,"column":null}},"17":{"start":{"line":34,"column":4},"end":{"line":37,"column":null}},"18":{"start":{"line":40,"column":2},"end":{"line":40,"column":null}},"19":{"start":{"line":48,"column":17},"end":{"line":48,"column":null}},"20":{"start":{"line":49,"column":22},"end":{"line":49,"column":null}},"21":{"start":{"line":50,"column":12},"end":{"line":50,"column":null}},"22":{"start":{"line":52,"column":2},"end":{"line":55,"column":null}},"23":{"start":{"line":52,"column":15},"end":{"line":52,"column":18}},"24":{"start":{"line":53,"column":23},"end":{"line":53,"column":58}},"25":{"start":{"line":54,"column":4},"end":{"line":54,"column":null}},"26":{"start":{"line":57,"column":20},"end":{"line":57,"column":null}},"27":{"start":{"line":58,"column":19},"end":{"line":58,"column":null}},"28":{"start":{"line":60,"column":2},"end":{"line":60,"column":null}},"29":{"start":{"line":60,"column":23},"end":{"line":60,"column":null}},"30":{"start":{"line":61,"column":2},"end":{"line":61,"column":null}},"31":{"start":{"line":61,"column":23},"end":{"line":61,"column":null}},"32":{"start":{"line":62,"column":2},"end":{"line":62,"column":null}},"33":{"start":{"line":78,"column":18},"end":{"line":78,"column":null}},"34":{"start":{"line":81,"column":2},"end":{"line":89,"column":null}},"35":{"start":{"line":82,"column":4},"end":{"line":88,"column":null}},"36":{"start":{"line":83,"column":6},"end":{"line":87,"column":null}},"37":{"start":{"line":92,"column":2},"end":{"line":100,"column":null}},"38":{"start":{"line":93,"column":4},"end":{"line":99,"column":null}},"39":{"start":{"line":94,"column":6},"end":{"line":98,"column":null}},"40":{"start":{"line":103,"column":2},"end":{"line":111,"column":null}},"41":{"start":{"line":104,"column":4},"end":{"line":110,"column":null}},"42":{"start":{"line":105,"column":6},"end":{"line":109,"column":null}},"43":{"start":{"line":113,"column":2},"end":{"line":113,"column":null}},"44":{"start":{"line":125,"column":2},"end":{"line":166,"column":null}},"45":{"start":{"line":126,"column":17},"end":{"line":126,"column":null}},"46":{"start":{"line":128,"column":4},"end":{"line":130,"column":null}},"47":{"start":{"line":129,"column":6},"end":{"line":129,"column":null}},"48":{"start":{"line":133,"column":27},"end":{"line":133,"column":null}},"49":{"start":{"line":134,"column":18},"end":{"line":134,"column":null}},"50":{"start":{"line":136,"column":22},"end":{"line":136,"column":null}},"51":{"start":{"line":137,"column":21},"end":{"line":137,"column":null}},"52":{"start":{"line":138,"column":32},"end":{"line":138,"column":null}},"53":{"start":{"line":140,"column":4},"end":{"line":147,"column":null}},"54":{"start":{"line":141,"column":6},"end":{"line":146,"column":null}},"55":{"start":{"line":150,"column":4},"end":{"line":157,"column":null}},"56":{"start":{"line":151,"column":6},"end":{"line":156,"column":null}},"57":{"start":{"line":159,"column":4},"end":{"line":163,"column":null}},"58":{"start":{"line":165,"column":4},"end":{"line":165,"column":null}},"59":{"start":{"line":172,"column":37},"end":{"line":183,"column":null}},"60":{"start":{"line":192,"column":18},"end":{"line":192,"column":null}},"61":{"start":{"line":194,"column":2},"end":{"line":199,"column":null}},"62":{"start":{"line":195,"column":4},"end":{"line":198,"column":null}},"63":{"start":{"line":201,"column":2},"end":{"line":204,"column":null}},"64":{"start":{"line":211,"column":30},"end":{"line":211,"column":32}},"65":{"start":{"line":214,"column":2},"end":{"line":219,"column":null}},"66":{"start":{"line":215,"column":26},"end":{"line":215,"column":null}},"67":{"start":{"line":216,"column":4},"end":{"line":218,"column":null}},"68":{"start":{"line":217,"column":6},"end":{"line":217,"column":null}},"69":{"start":{"line":222,"column":2},"end":{"line":228,"column":null}},"70":{"start":{"line":223,"column":18},"end":{"line":223,"column":70}},"71":{"start":{"line":224,"column":28},"end":{"line":224,"column":null}},"72":{"start":{"line":225,"column":4},"end":{"line":227,"column":null}},"73":{"start":{"line":226,"column":6},"end":{"line":226,"column":null}},"74":{"start":{"line":231,"column":2},"end":{"line":239,"column":null}},"75":{"start":{"line":232,"column":17},"end":{"line":232,"column":81}},"76":{"start":{"line":233,"column":27},"end":{"line":233,"column":null}},"77":{"start":{"line":234,"column":4},"end":{"line":238,"column":null}},"78":{"start":{"line":235,"column":6},"end":{"line":235,"column":null}},"79":{"start":{"line":236,"column":11},"end":{"line":238,"column":null}},"80":{"start":{"line":237,"column":6},"end":{"line":237,"column":null}},"81":{"start":{"line":242,"column":2},"end":{"line":253,"column":null}},"82":{"start":{"line":243,"column":20},"end":{"line":245,"column":null}},"83":{"start":{"line":247,"column":4},"end":{"line":252,"column":null}},"84":{"start":{"line":248,"column":30},"end":{"line":248,"column":null}},"85":{"start":{"line":249,"column":6},"end":{"line":251,"column":null}},"86":{"start":{"line":250,"column":8},"end":{"line":250,"column":null}},"87":{"start":{"line":256,"column":2},"end":{"line":263,"column":null}},"88":{"start":{"line":257,"column":22},"end":{"line":257,"column":null}},"89":{"start":{"line":258,"column":18},"end":{"line":258,"column":null}},"90":{"start":{"line":259,"column":22},"end":{"line":259,"column":null}},"91":{"start":{"line":260,"column":4},"end":{"line":262,"column":null}},"92":{"start":{"line":261,"column":6},"end":{"line":261,"column":null}},"93":{"start":{"line":265,"column":2},"end":{"line":265,"column":null}},"94":{"start":{"line":275,"column":14},"end":{"line":275,"column":null}},"95":{"start":{"line":278,"column":28},"end":{"line":278,"column":null}},"96":{"start":{"line":278,"column":52},"end":{"line":278,"column":null}},"97":{"start":{"line":279,"column":27},"end":{"line":279,"column":null}},"98":{"start":{"line":279,"column":51},"end":{"line":279,"column":null}},"99":{"start":{"line":281,"column":2},"end":{"line":281,"column":null}},"100":{"start":{"line":282,"column":2},"end":{"line":282,"column":null}},"101":{"start":{"line":285,"column":2},"end":{"line":285,"column":null}},"102":{"start":{"line":285,"column":36},"end":{"line":285,"column":null}},"103":{"start":{"line":286,"column":2},"end":{"line":286,"column":null}},"104":{"start":{"line":286,"column":33},"end":{"line":286,"column":null}},"105":{"start":{"line":288,"column":2},"end":{"line":288,"column":null}},"106":{"start":{"line":290,"column":41},"end":{"line":290,"column":null}},"107":{"start":{"line":291,"column":2},"end":{"line":292,"column":null}},"108":{"start":{"line":291,"column":18},"end":{"line":291,"column":null}},"109":{"start":{"line":292,"column":7},"end":{"line":292,"column":null}},"110":{"start":{"line":292,"column":23},"end":{"line":292,"column":null}},"111":{"start":{"line":294,"column":2},"end":{"line":294,"column":null}}},"fnMap":{"0":{"name":"validateChileanRUT","decl":{"start":{"line":10,"column":16},"end":{"line":10,"column":34}},"loc":{"start":{"line":10,"column":46},"end":{"line":41,"column":null}}},"1":{"name":"calculateVerifier","decl":{"start":{"line":47,"column":16},"end":{"line":47,"column":33}},"loc":{"start":{"line":47,"column":51},"end":{"line":63,"column":null}}},"2":{"name":"validateChileanLicensePlate","decl":{"start":{"line":72,"column":16},"end":{"line":72,"column":43}},"loc":{"start":{"line":72,"column":57},"end":{"line":114,"column":null}}},"3":{"name":"validateExpirationDate","decl":{"start":{"line":119,"column":16},"end":{"line":119,"column":38}},"loc":{"start":{"line":119,"column":54},"end":{"line":167,"column":null}}},"4":{"name":"validateLicenseClass","decl":{"start":{"line":185,"column":16},"end":{"line":185,"column":36}},"loc":{"start":{"line":186,"column":22},"end":{"line":205,"column":null}}},"5":{"name":"detectCommonAnomalies","decl":{"start":{"line":210,"column":16},"end":{"line":210,"column":37}},"loc":{"start":{"line":210,"column":72},"end":{"line":266,"column":null}}},"6":{"name":"calculateConfidenceScore","decl":{"start":{"line":271,"column":16},"end":{"line":271,"column":40}},"loc":{"start":{"line":271,"column":113},"end":{"line":295,"column":null}}},"7":{"name":"(anonymous_16)","decl":{"start":{"line":278,"column":45},"end":{"line":278,"column":46}},"loc":{"start":{"line":278,"column":52},"end":{"line":278,"column":null}}},"8":{"name":"(anonymous_17)","decl":{"start":{"line":279,"column":44},"end":{"line":279,"column":45}},"loc":{"start":{"line":279,"column":51},"end":{"line":279,"column":null}}}},"branchMap":{"0":{"loc":{"start":{"line":18,"column":2},"end":{"line":20,"column":null}},"type":"if","locations":[{"start":{"line":18,"column":2},"end":{"line":20,"column":null}},{"start":{},"end":{}}]},"1":{"loc":{"start":{"line":18,"column":6},"end":{"line":18,"column":60}},"type":"binary-expr","locations":[{"start":{"line":18,"column":6},"end":{"line":18,"column":18}},{"start":{"line":18,"column":18},"end":{"line":18,"column":40}},{"start":{"line":18,"column":40},"end":{"line":18,"column":60}}]},"2":{"loc":{"start":{"line":26,"column":2},"end":{"line":28,"column":null}},"type":"if","locations":[{"start":{"line":26,"column":2},"end":{"line":28,"column":null}},{"start":{},"end":{}}]},"3":{"loc":{"start":{"line":33,"column":2},"end":{"line":38,"column":null}},"type":"if","locations":[{"start":{"line":33,"column":2},"end":{"line":38,"column":null}},{"start":{},"end":{}}]},"4":{"loc":{"start":{"line":60,"column":2},"end":{"line":60,"column":null}},"type":"if","locations":[{"start":{"line":60,"column":2},"end":{"line":60,"column":null}},{"start":{},"end":{}}]},"5":{"loc":{"start":{"line":61,"column":2},"end":{"line":61,"column":null}},"type":"if","locations":[{"start":{"line":61,"column":2},"end":{"line":61,"column":null}},{"start":{},"end":{}}]},"6":{"loc":{"start":{"line":81,"column":2},"end":{"line":89,"column":null}},"type":"if","locations":[{"start":{"line":81,"column":2},"end":{"line":89,"column":null}},{"start":{},"end":{}}]},"7":{"loc":{"start":{"line":82,"column":4},"end":{"line":88,"column":null}},"type":"if","locations":[{"start":{"line":82,"column":4},"end":{"line":88,"column":null}},{"start":{},"end":{}}]},"8":{"loc":{"start":{"line":92,"column":2},"end":{"line":100,"column":null}},"type":"if","locations":[{"start":{"line":92,"column":2},"end":{"line":100,"column":null}},{"start":{},"end":{}}]},"9":{"loc":{"start":{"line":93,"column":4},"end":{"line":99,"column":null}},"type":"if","locations":[{"start":{"line":93,"column":4},"end":{"line":99,"column":null}},{"start":{},"end":{}}]},"10":{"loc":{"start":{"line":103,"column":2},"end":{"line":111,"column":null}},"type":"if","locations":[{"start":{"line":103,"column":2},"end":{"line":111,"column":null}},{"start":{},"end":{}}]},"11":{"loc":{"start":{"line":104,"column":4},"end":{"line":110,"column":null}},"type":"if","locations":[{"start":{"line":104,"column":4},"end":{"line":110,"column":null}},{"start":{},"end":{}}]},"12":{"loc":{"start":{"line":128,"column":4},"end":{"line":130,"column":null}},"type":"if","locations":[{"start":{"line":128,"column":4},"end":{"line":130,"column":null}},{"start":{},"end":{}}]},"13":{"loc":{"start":{"line":140,"column":4},"end":{"line":147,"column":null}},"type":"if","locations":[{"start":{"line":140,"column":4},"end":{"line":147,"column":null}},{"start":{},"end":{}}]},"14":{"loc":{"start":{"line":150,"column":4},"end":{"line":157,"column":null}},"type":"if","locations":[{"start":{"line":150,"column":4},"end":{"line":157,"column":null}},{"start":{},"end":{}}]},"15":{"loc":{"start":{"line":194,"column":2},"end":{"line":199,"column":null}},"type":"if","locations":[{"start":{"line":194,"column":2},"end":{"line":199,"column":null}},{"start":{},"end":{}}]},"16":{"loc":{"start":{"line":214,"column":2},"end":{"line":219,"column":null}},"type":"if","locations":[{"start":{"line":214,"column":2},"end":{"line":219,"column":null}},{"start":{},"end":{}}]},"17":{"loc":{"start":{"line":216,"column":4},"end":{"line":218,"column":null}},"type":"if","locations":[{"start":{"line":216,"column":4},"end":{"line":218,"column":null}},{"start":{},"end":{}}]},"18":{"loc":{"start":{"line":222,"column":2},"end":{"line":228,"column":null}},"type":"if","locations":[{"start":{"line":222,"column":2},"end":{"line":228,"column":null}},{"start":{},"end":{}}]},"19":{"loc":{"start":{"line":222,"column":6},"end":{"line":222,"column":58}},"type":"binary-expr","locations":[{"start":{"line":222,"column":6},"end":{"line":222,"column":27}},{"start":{"line":222,"column":31},"end":{"line":222,"column":58}}]},"20":{"loc":{"start":{"line":223,"column":18},"end":{"line":223,"column":70}},"type":"binary-expr","locations":[{"start":{"line":223,"column":18},"end":{"line":223,"column":39}},{"start":{"line":223,"column":43},"end":{"line":223,"column":70}}]},"21":{"loc":{"start":{"line":225,"column":4},"end":{"line":227,"column":null}},"type":"if","locations":[{"start":{"line":225,"column":4},"end":{"line":227,"column":null}},{"start":{},"end":{}}]},"22":{"loc":{"start":{"line":231,"column":2},"end":{"line":239,"column":null}},"type":"if","locations":[{"start":{"line":231,"column":2},"end":{"line":239,"column":null}},{"start":{},"end":{}}]},"23":{"loc":{"start":{"line":231,"column":6},"end":{"line":231,"column":70}},"type":"binary-expr","locations":[{"start":{"line":231,"column":6},"end":{"line":231,"column":37}},{"start":{"line":231,"column":41},"end":{"line":231,"column":70}}]},"24":{"loc":{"start":{"line":232,"column":17},"end":{"line":232,"column":81}},"type":"binary-expr","locations":[{"start":{"line":232,"column":17},"end":{"line":232,"column":48}},{"start":{"line":232,"column":52},"end":{"line":232,"column":81}}]},"25":{"loc":{"start":{"line":234,"column":4},"end":{"line":238,"column":null}},"type":"if","locations":[{"start":{"line":234,"column":4},"end":{"line":238,"column":null}},{"start":{"line":236,"column":11},"end":{"line":238,"column":null}}]},"26":{"loc":{"start":{"line":236,"column":11},"end":{"line":238,"column":null}},"type":"if","locations":[{"start":{"line":236,"column":11},"end":{"line":238,"column":null}},{"start":{},"end":{}}]},"27":{"loc":{"start":{"line":236,"column":15},"end":{"line":236,"column":108}},"type":"binary-expr","locations":[{"start":{"line":236,"column":15},"end":{"line":236,"column":67}},{"start":{"line":236,"column":67},"end":{"line":236,"column":108}}]},"28":{"loc":{"start":{"line":242,"column":2},"end":{"line":253,"column":null}},"type":"if","locations":[{"start":{"line":242,"column":2},"end":{"line":253,"column":null}},{"start":{},"end":{}}]},"29":{"loc":{"start":{"line":242,"column":6},"end":{"line":242,"column":57}},"type":"binary-expr","locations":[{"start":{"line":242,"column":6},"end":{"line":242,"column":33}},{"start":{"line":242,"column":37},"end":{"line":242,"column":57}}]},"30":{"loc":{"start":{"line":243,"column":20},"end":{"line":245,"column":null}},"type":"cond-expr","locations":[{"start":{"line":244,"column":9},"end":{"line":244,"column":60}},{"start":{"line":245,"column":8},"end":{"line":245,"column":null}}]},"31":{"loc":{"start":{"line":243,"column":34},"end":{"line":243,"column":85}},"type":"binary-expr","locations":[{"start":{"line":243,"column":34},"end":{"line":243,"column":61}},{"start":{"line":243,"column":65},"end":{"line":243,"column":85}}]},"32":{"loc":{"start":{"line":244,"column":9},"end":{"line":244,"column":60}},"type":"binary-expr","locations":[{"start":{"line":244,"column":9},"end":{"line":244,"column":36}},{"start":{"line":244,"column":40},"end":{"line":244,"column":60}}]},"33":{"loc":{"start":{"line":245,"column":9},"end":{"line":245,"column":60}},"type":"binary-expr","locations":[{"start":{"line":245,"column":9},"end":{"line":245,"column":36}},{"start":{"line":245,"column":40},"end":{"line":245,"column":60}}]},"34":{"loc":{"start":{"line":249,"column":6},"end":{"line":251,"column":null}},"type":"if","locations":[{"start":{"line":249,"column":6},"end":{"line":251,"column":null}},{"start":{},"end":{}}]},"35":{"loc":{"start":{"line":256,"column":2},"end":{"line":263,"column":null}},"type":"if","locations":[{"start":{"line":256,"column":2},"end":{"line":263,"column":null}},{"start":{},"end":{}}]},"36":{"loc":{"start":{"line":256,"column":6},"end":{"line":256,"column":61}},"type":"binary-expr","locations":[{"start":{"line":256,"column":6},"end":{"line":256,"column":33}},{"start":{"line":256,"column":37},"end":{"line":256,"column":61}}]},"37":{"loc":{"start":{"line":257,"column":31},"end":{"line":257,"column":86}},"type":"binary-expr","locations":[{"start":{"line":257,"column":31},"end":{"line":257,"column":58}},{"start":{"line":257,"column":62},"end":{"line":257,"column":86}}]},"38":{"loc":{"start":{"line":260,"column":4},"end":{"line":262,"column":null}},"type":"if","locations":[{"start":{"line":260,"column":4},"end":{"line":262,"column":null}},{"start":{},"end":{}}]},"39":{"loc":{"start":{"line":271,"column":62},"end":{"line":271,"column":113}},"type":"default-arg","locations":[{"start":{"line":271,"column":107},"end":{"line":271,"column":113}}]},"40":{"loc":{"start":{"line":278,"column":52},"end":{"line":278,"column":null}},"type":"binary-expr","locations":[{"start":{"line":278,"column":52},"end":{"line":278,"column":78}},{"start":{"line":278,"column":78},"end":{"line":278,"column":null}}]},"41":{"loc":{"start":{"line":279,"column":51},"end":{"line":279,"column":null}},"type":"binary-expr","locations":[{"start":{"line":279,"column":51},"end":{"line":279,"column":76}},{"start":{"line":279,"column":76},"end":{"line":279,"column":null}}]},"42":{"loc":{"start":{"line":285,"column":2},"end":{"line":285,"column":null}},"type":"if","locations":[{"start":{"line":285,"column":2},"end":{"line":285,"column":null}},{"start":{},"end":{}}]},"43":{"loc":{"start":{"line":286,"column":2},"end":{"line":286,"column":null}},"type":"if","locations":[{"start":{"line":286,"column":2},"end":{"line":286,"column":null}},{"start":{},"end":{}}]},"44":{"loc":{"start":{"line":291,"column":2},"end":{"line":292,"column":null}},"type":"if","locations":[{"start":{"line":291,"column":2},"end":{"line":292,"column":null}},{"start":{"line":292,"column":7},"end":{"line":292,"column":null}}]},"45":{"loc":{"start":{"line":292,"column":7},"end":{"line":292,"column":null}},"type":"if","locations":[{"start":{"line":292,"column":7},"end":{"line":292,"column":null}},{"start":{},"end":{}}]}},"s":{"0":0,"1":0,"2":0,"3":0,"4":0,"5":0,"6":0,"7":0,"8":0,"9":0,"10":0,"11":0,"12":0,"13":0,"14":0,"15":0,"16":0,"17":0,"18":0,"19":0,"20":0,"21":0,"22":0,"23":0,"24":0,"25":0,"26":0,"27":0,"28":0,"29":0,"30":0,"31":0,"32":0,"33":0,"34":0,"35":0,"36":0,"37":0,"38":0,"39":0,"40":0,"41":0,"42":0,"43":0,"44":0,"45":0,"46":0,"47":0,"48":0,"49":0,"50":0,"51":0,"52":0,"53":0,"54":0,"55":0,"56":0,"57":0,"58":0,"59":0,"60":0,"61":0,"62":0,"63":0,"64":0,"65":0,"66":0,"67":0,"68":0,"69":0,"70":0,"71":0,"72":0,"73":0,"74":0,"75":0,"76":0,"77":0,"78":0,"79":0,"80":0,"81":0,"82":0,"83":0,"84":0,"85":0,"86":0,"87":0,"88":0,"89":0,"90":0,"91":0,"92":0,"93":0,"94":0,"95":0,"96":0,"97":0,"98":0,"99":0,"100":0,"101":0,"102":0,"103":0,"104":0,"105":0,"106":0,"107":0,"108":0,"109":0,"110":0,"111":0},"f":{"0":0,"1":0,"2":0,"3":0,"4":0,"5":0,"6":0,"7":0,"8":0},"b":{"0":[0,0],"1":[0,0,0],"2":[0,0],"3":[0,0],"4":[0,0],"5":[0,0],"6":[0,0],"7":[0,0],"8":[0,0],"9":[0,0],"10":[0,0],"11":[0,0],"12":[0,0],"13":[0,0],"14":[0,0],"15":[0,0],"16":[0,0],"17":[0,0],"18":[0,0],"19":[0,0],"20":[0,0],"21":[0,0],"22":[0,0],"23":[0,0],"24":[0,0],"25":[0,0],"26":[0,0],"27":[0,0],"28":[0,0],"29":[0,0],"30":[0,0],"31":[0,0],"32":[0,0],"33":[0,0],"34":[0,0],"35":[0,0],"36":[0,0],"37":[0,0],"38":[0,0],"39":[0],"40":[0,0],"41":[0,0],"42":[0,0],"43":[0,0],"44":[0,0],"45":[0,0]}}
}
