TN:
SF:hooks/use-document-management.ts
FN:25,useDocumentManagement
FN:30,(anonymous_2)
FN:56,(anonymous_3)
FN:67,(anonymous_4)
FN:108,(anonymous_5)
FN:129,(anonymous_6)
FN:156,(anonymous_7)
FN:184,(anonymous_8)
FNF:8
FNH:0
FNDA:0,useDocumentManagement
FNDA:0,(anonymous_2)
FNDA:0,(anonymous_3)
FNDA:0,(anonymous_4)
FNDA:0,(anonymous_5)
FNDA:0,(anonymous_6)
FNDA:0,(anonymous_7)
FNDA:0,(anonymous_8)
DA:1,0
DA:25,0
DA:26,0
DA:27,0
DA:30,0
DA:36,0
DA:37,0
DA:38,0
DA:42,0
DA:44,0
DA:45,0
DA:46,0
DA:48,0
DA:49,0
DA:50,0
DA:53,0
DA:55,0
DA:56,0
DA:59,0
DA:63,0
DA:64,0
DA:67,0
DA:68,0
DA:69,0
DA:70,0
DA:71,0
DA:73,0
DA:79,0
DA:80,0
DA:82,0
DA:83,0
DA:84,0
DA:87,0
DA:90,0
DA:91,0
DA:93,0
DA:94,0
DA:97,0
DA:99,0
DA:100,0
DA:101,0
DA:102,0
DA:104,0
DA:108,0
DA:109,0
DA:110,0
DA:111,0
DA:112,0
DA:118,0
DA:119,0
DA:121,0
DA:122,0
DA:123,0
DA:125,0
DA:129,0
DA:135,0
DA:136,0
DA:137,0
DA:138,0
DA:144,0
DA:145,0
DA:146,0
DA:148,0
DA:149,0
DA:150,0
DA:152,0
DA:156,0
DA:157,0
DA:158,0
DA:159,0
DA:160,0
DA:161,0
DA:162,0
DA:164,0
DA:168,0
DA:169,0
DA:170,0
DA:176,0
DA:177,0
DA:178,0
DA:180,0
DA:184,0
DA:185,0
DA:186,0
DA:187,0
DA:188,0
DA:194,0
DA:195,0
DA:197,0
DA:198,0
DA:199,0
DA:201,0
DA:205,0
LF:93
LH:0
BRDA:33,0,0,0
BRDA:34,1,0,0
BRDA:42,2,0,0
BRDA:42,2,1,0
BRDA:48,3,0,0
BRDA:48,3,1,0
BRDA:55,4,0,0
BRDA:55,4,1,0
BRDA:82,5,0,0
BRDA:82,5,1,0
BRDA:83,6,0,0
BRDA:83,6,1,0
BRDA:93,7,0,0
BRDA:93,7,1,0
BRDA:99,8,0,0
BRDA:99,8,1,0
BRDA:118,9,0,0
BRDA:118,9,1,0
BRDA:121,10,0,0
BRDA:121,10,1,0
BRDA:144,11,0,0
BRDA:144,11,1,0
BRDA:148,12,0,0
BRDA:148,12,1,0
BRDA:156,13,0,0
BRDA:161,14,0,0
BRDA:161,14,1,0
BRDA:168,15,0,0
BRDA:168,15,1,0
BRDA:171,16,0,0
BRDA:171,16,1,0
BRDA:172,17,0,0
BRDA:172,17,1,0
BRDA:173,18,0,0
BRDA:173,18,1,0
BRDA:176,19,0,0
BRDA:176,19,1,0
BRDA:194,20,0,0
BRDA:194,20,1,0
BRDA:197,21,0,0
BRDA:197,21,1,0
BRF:41
BRH:0
end_of_record
TN:
SF:hooks/use-document-selector.ts
FN:4,useDocumentSelector
FN:10,(anonymous_2)
FN:12,(anonymous_3)
FN:18,(anonymous_4)
FN:20,(anonymous_5)
FN:21,(anonymous_6)
FN:27,(anonymous_7)
FN:28,(anonymous_8)
FN:36,(anonymous_9)
FN:56,(anonymous_10)
FN:57,(anonymous_11)
FN:59,(anonymous_12)
FN:64,(anonymous_13)
FNF:13
FNH:0
FNDA:0,useDocumentSelector
FNDA:0,(anonymous_2)
FNDA:0,(anonymous_3)
FNDA:0,(anonymous_4)
FNDA:0,(anonymous_5)
FNDA:0,(anonymous_6)
FNDA:0,(anonymous_7)
FNDA:0,(anonymous_8)
FNDA:0,(anonymous_9)
FNDA:0,(anonymous_10)
FNDA:0,(anonymous_11)
FNDA:0,(anonymous_12)
FNDA:0,(anonymous_13)
DA:1,0
DA:2,0
DA:4,0
DA:5,0
DA:6,0
DA:7,0
DA:10,0
DA:11,0
DA:12,0
DA:13,0
DA:15,0
DA:18,0
DA:19,0
DA:20,0
DA:21,0
DA:23,0
DA:27,0
DA:28,0
DA:30,0
DA:31,0
DA:35,0
DA:36,0
DA:37,0
DA:39,0
DA:43,0
DA:44,0
DA:45,0
DA:52,0
DA:56,0
DA:57,0
DA:58,0
DA:59,0
DA:64,0
DA:65,0
DA:66,0
DA:67,0
DA:70,0
LF:37
LH:0
BRDA:30,0,0,0
BRDA:30,0,1,0
BRDA:30,1,0,0
BRDA:30,1,1,0
BRDA:35,2,0,0
BRDA:35,2,1,0
BRDA:39,3,0,0
BRDA:39,3,1,0
BRDA:43,4,0,0
BRDA:43,4,1,0
BRDA:46,5,0,0
BRDA:46,5,1,0
BRDA:46,5,2,0
BRDA:58,6,0,0
BRDA:58,6,1,0
BRF:15
BRH:0
end_of_record
TN:
SF:hooks/use-document-status-change.ts
FN:35,useDocumentStatusChange
FN:50,(anonymous_2)
FN:51,(anonymous_3)
FN:61,(anonymous_4)
FN:77,(anonymous_5)
FN:92,(anonymous_6)
FN:95,(anonymous_7)
FN:98,(anonymous_8)
FN:103,(anonymous_9)
FN:106,(anonymous_10)
FN:109,(anonymous_11)
FN:114,(anonymous_12)
FNF:12
FNH:0
FNDA:0,useDocumentStatusChange
FNDA:0,(anonymous_2)
FNDA:0,(anonymous_3)
FNDA:0,(anonymous_4)
FNDA:0,(anonymous_5)
FNDA:0,(anonymous_6)
FNDA:0,(anonymous_7)
FNDA:0,(anonymous_8)
FNDA:0,(anonymous_9)
FNDA:0,(anonymous_10)
FNDA:0,(anonymous_11)
FNDA:0,(anonymous_12)
DA:9,0
DA:17,0
DA:35,0
DA:39,0
DA:49,0
DA:51,0
DA:53,0
DA:54,0
DA:61,0
DA:70,0
DA:71,0
DA:74,0
DA:76,0
DA:77,0
DA:78,0
DA:92,0
DA:93,0
DA:94,0
DA:95,0
DA:97,0
DA:98,0
DA:103,0
DA:104,0
DA:105,0
DA:106,0
DA:108,0
DA:109,0
DA:114,0
DA:115,0
DA:125,0
LF:30
LH:0
BRDA:67,0,0,0
BRDA:67,0,1,0
BRDA:70,1,0,0
BRDA:70,1,1,0
BRDA:70,2,0,0
BRDA:70,2,1,0
BRDA:76,3,0,0
BRDA:76,3,1,0
BRDA:97,4,0,0
BRDA:97,4,1,0
BRDA:108,5,0,0
BRDA:108,5,1,0
BRF:12
BRH:0
end_of_record
TN:
SF:hooks/use-driver-documents.ts
FN:17,useDriverDocuments
FN:23,(anonymous_2)
FN:47,(anonymous_3)
FN:69,(anonymous_4)
FN:112,(anonymous_5)
FN:153,(anonymous_6)
FN:153,(anonymous_7)
FN:165,(anonymous_8)
FN:177,(anonymous_9)
FN:177,(anonymous_10)
FN:184,(anonymous_11)
FNF:11
FNH:0
FNDA:0,useDriverDocuments
FNDA:0,(anonymous_2)
FNDA:0,(anonymous_3)
FNDA:0,(anonymous_4)
FNDA:0,(anonymous_5)
FNDA:0,(anonymous_6)
FNDA:0,(anonymous_7)
FNDA:0,(anonymous_8)
FNDA:0,(anonymous_9)
FNDA:0,(anonymous_10)
FNDA:0,(anonymous_11)
DA:1,0
DA:2,0
DA:17,0
DA:18,0
DA:19,0
DA:20,0
DA:21,0
DA:23,0
DA:24,0
DA:26,0
DA:27,0
DA:28,0
DA:29,0
DA:30,0
DA:36,0
DA:42,0
DA:43,0
DA:46,0
DA:47,0
DA:60,0
DA:62,0
DA:63,0
DA:65,0
DA:69,0
DA:76,0
DA:77,0
DA:78,0
DA:79,0
DA:80,0
DA:83,0
DA:84,0
DA:85,0
DA:86,0
DA:87,0
DA:88,0
DA:90,0
DA:91,0
DA:92,0
DA:94,0
DA:99,0
DA:100,0
DA:101,0
DA:105,0
DA:106,0
DA:108,0
DA:112,0
DA:113,0
DA:115,0
DA:124,0
DA:126,0
DA:127,0
DA:128,0
DA:131,0
DA:137,0
DA:138,0
DA:139,0
DA:142,0
DA:145,0
DA:150,0
DA:151,0
DA:153,0
DA:154,0
DA:159,0
DA:161,0
DA:165,0
DA:166,0
DA:167,0
DA:171,0
DA:172,0
DA:173,0
DA:177,0
DA:179,0
DA:184,0
DA:185,0
DA:186,0
DA:190,0
LF:76
LH:0
BRDA:17,0,0,0
BRDA:17,1,0,0
BRDA:24,2,0,0
BRDA:24,2,1,0
BRDA:42,3,0,0
BRDA:42,3,1,0
BRDA:47,4,0,0
BRDA:47,4,1,0
BRDA:49,5,0,0
BRDA:49,5,1,0
BRDA:50,6,0,0
BRDA:50,6,1,0
BRDA:51,7,0,0
BRDA:51,7,1,0
BRDA:51,7,2,0
BRDA:52,8,0,0
BRDA:52,8,1,0
BRDA:53,9,0,0
BRDA:53,9,1,0
BRDA:54,10,0,0
BRDA:54,10,1,0
BRDA:55,11,0,0
BRDA:55,11,1,0
BRDA:56,12,0,0
BRDA:56,12,1,0
BRDA:57,13,0,0
BRDA:57,13,1,0
BRDA:62,14,0,0
BRDA:62,14,1,0
BRDA:78,15,0,0
BRDA:78,15,1,0
BRDA:80,16,0,0
BRDA:80,16,1,0
BRDA:80,16,2,0
BRDA:87,17,0,0
BRDA:87,17,1,0
BRDA:88,18,0,0
BRDA:88,18,1,0
BRDA:91,19,0,0
BRDA:91,19,1,0
BRDA:100,20,0,0
BRDA:100,20,1,0
BRDA:101,21,0,0
BRDA:101,21,1,0
BRDA:124,22,0,0
BRDA:124,22,1,0
BRDA:124,23,0,0
BRDA:124,23,1,0
BRDA:127,24,0,0
BRDA:127,24,1,0
BRDA:127,25,0,0
BRDA:127,25,1,0
BRDA:137,26,0,0
BRDA:137,26,1,0
BRDA:139,27,0,0
BRDA:139,27,1,0
BRDA:150,28,0,0
BRDA:150,28,1,0
BRDA:154,29,0,0
BRDA:154,29,1,0
BRDA:171,30,0,0
BRDA:171,30,1,0
BRDA:173,31,0,0
BRDA:173,31,1,0
BRDA:185,32,0,0
BRDA:185,32,1,0
BRDA:185,33,0,0
BRDA:185,33,1,0
BRF:68
BRH:0
end_of_record
TN:
SF:hooks/useAlerts.ts
FN:44,useAlerts
FN:60,(anonymous_2)
FN:90,(anonymous_3)
FN:103,(anonymous_4)
FN:104,(anonymous_5)
FN:117,(anonymous_6)
FN:122,(anonymous_7)
FN:127,(anonymous_8)
FN:128,(anonymous_9)
FN:133,(anonymous_10)
FN:134,(anonymous_11)
FN:139,(anonymous_12)
FN:146,(anonymous_13)
FNF:13
FNH:0
FNDA:0,useAlerts
FNDA:0,(anonymous_2)
FNDA:0,(anonymous_3)
FNDA:0,(anonymous_4)
FNDA:0,(anonymous_5)
FNDA:0,(anonymous_6)
FNDA:0,(anonymous_7)
FNDA:0,(anonymous_8)
FNDA:0,(anonymous_9)
FNDA:0,(anonymous_10)
FNDA:0,(anonymous_11)
FNDA:0,(anonymous_12)
FNDA:0,(anonymous_13)
DA:1,0
DA:44,0
DA:51,0
DA:53,0
DA:54,0
DA:55,0
DA:60,0
DA:61,0
DA:62,0
DA:63,0
DA:66,0
DA:67,0
DA:68,0
DA:69,0
DA:71,0
DA:73,0
DA:74,0
DA:77,0
DA:78,0
DA:80,0
DA:81,0
DA:83,0
DA:90,0
DA:91,0
DA:93,0
DA:94,0
DA:100,0
DA:103,0
DA:104,0
DA:105,0
DA:109,0
DA:110,0
DA:117,0
DA:122,0
DA:127,0
DA:128,0
DA:133,0
DA:134,0
DA:139,0
DA:141,0
DA:144,0
DA:145,0
DA:146,0
DA:150,0
LF:44
LH:0
BRDA:44,0,0,0
BRDA:46,1,0,0
BRDA:47,2,0,0
BRDA:50,3,0,0
BRDA:68,4,0,0
BRDA:68,4,1,0
BRDA:69,5,0,0
BRDA:69,5,1,0
BRDA:73,6,0,0
BRDA:73,6,1,0
BRDA:78,7,0,0
BRDA:78,7,1,0
BRDA:91,8,0,0
BRDA:91,8,1,0
BRDA:100,9,0,0
BRDA:100,9,1,0
BRDA:105,10,0,0
BRDA:105,10,1,0
BRDA:144,11,0,0
BRDA:144,11,1,0
BRF:20
BRH:0
end_of_record
TN:
SF:hooks/useGeneratedAlerts.ts
FN:19,useGeneratedAlerts
FN:24,(anonymous_2)
FN:34,(anonymous_3)
FN:47,(anonymous_4)
FNF:4
FNH:0
FNDA:0,useGeneratedAlerts
FNDA:0,(anonymous_2)
FNDA:0,(anonymous_3)
FNDA:0,(anonymous_4)
DA:3,0
DA:19,0
DA:20,0
DA:21,0
DA:22,0
DA:24,0
DA:25,0
DA:26,0
DA:27,0
DA:28,0
DA:29,0
DA:30,0
DA:32,0
DA:33,0
DA:34,0
DA:40,0
DA:41,0
DA:43,0
DA:48,0
DA:54,0
LF:20
LH:0
BRDA:29,0,0,0
BRDA:29,0,1,0
BRDA:41,1,0,0
BRDA:41,1,1,0
BRF:4
BRH:0
end_of_record
TN:
SF:hooks/useOnboarding.ts
FN:5,useOnboarding
FN:9,(anonymous_2)
FN:15,(anonymous_3)
FN:21,(anonymous_4)
FNF:4
FNH:0
FNDA:0,useOnboarding
FNDA:0,(anonymous_2)
FNDA:0,(anonymous_3)
FNDA:0,(anonymous_4)
DA:3,0
DA:5,0
DA:6,0
DA:7,0
DA:9,0
DA:10,0
DA:11,0
DA:12,0
DA:15,0
DA:16,0
DA:17,0
DA:18,0
DA:21,0
DA:22,0
DA:23,0
DA:24,0
DA:27,0
LF:17
LH:0
BRDA:12,0,0,0
BRDA:12,0,1,0
BRF:2
BRH:0
end_of_record
TN:
SF:lib/ai-document-processor.ts
FN:23,extractDocumentMetadata
FN:112,getDocumentStatus
FNF:2
FNH:0
FNDA:0,extractDocumentMetadata
FNDA:0,getDocumentStatus
DA:1,0
DA:2,0
DA:5,0
DA:23,0
DA:27,0
DA:29,0
DA:30,0
DA:33,0
DA:37,0
DA:39,0
DA:80,0
DA:81,0
DA:82,0
DA:85,0
DA:88,0
DA:89,0
DA:90,0
DA:93,0
DA:94,0
DA:96,0
DA:102,0
DA:104,0
DA:105,0
DA:112,0
DA:116,0
DA:117,0
DA:120,0
DA:121,0
DA:122,0
DA:124,0
DA:125,0
DA:126,0
DA:127,0
DA:129,0
LF:34
LH:0
BRDA:25,0,0,0
BRDA:29,1,0,0
BRDA:29,1,1,0
BRDA:81,2,0,0
BRDA:81,2,1,0
BRDA:89,3,0,0
BRDA:89,3,1,0
BRDA:114,4,0,0
BRDA:116,5,0,0
BRDA:116,5,1,0
BRDA:124,6,0,0
BRDA:124,6,1,0
BRDA:126,7,0,0
BRDA:126,7,1,0
BRF:14
BRH:0
end_of_record
TN:
SF:lib/audit-logging-service.ts
FN:15,logAuditEvent
FN:45,getAuditLogs
FNF:2
FNH:0
FNDA:0,logAuditEvent
FNDA:0,getAuditLogs
DA:1,0
DA:15,0
DA:24,0
DA:26,0
DA:41,0
DA:42,0
DA:45,0
DA:54,0
DA:56,0
DA:58,0
DA:59,0
DA:60,0
DA:61,0
DA:62,0
DA:64,0
DA:66,0
DA:67,0
LF:17
LH:0
BRDA:33,0,0,0
BRDA:33,0,1,0
BRDA:41,1,0,0
BRDA:41,1,1,0
BRDA:58,2,0,0
BRDA:58,2,1,0
BRDA:59,3,0,0
BRDA:59,3,1,0
BRDA:60,4,0,0
BRDA:60,4,1,0
BRDA:61,5,0,0
BRDA:61,5,1,0
BRDA:62,6,0,0
BRDA:62,6,1,0
BRDA:66,7,0,0
BRDA:66,7,1,0
BRDA:67,8,0,0
BRDA:67,8,1,0
BRF:18
BRH:0
end_of_record
TN:
SF:lib/auth-context.tsx
FN:38,(anonymous_3)
FN:70,AuthProvider
FN:76,(anonymous_5)
FN:85,(anonymous_6)
FN:90,(anonymous_7)
FN:109,(anonymous_8)
FN:112,(anonymous_9)
FN:154,(anonymous_10)
FN:168,(anonymous_11)
FN:228,useAuth
FNF:10
FNH:0
FNDA:0,(anonymous_3)
FNDA:0,AuthProvider
FNDA:0,(anonymous_5)
FNDA:0,(anonymous_6)
FNDA:0,(anonymous_7)
FNDA:0,(anonymous_8)
FNDA:0,(anonymous_9)
FNDA:0,(anonymous_10)
FNDA:0,(anonymous_11)
FNDA:0,useAuth
DA:3,0
DA:4,0
DA:35,0
DA:38,0
DA:39,0
DA:41,0
DA:42,0
DA:45,0
DA:46,0
DA:48,0
DA:49,0
DA:51,0
DA:52,0
DA:54,0
DA:55,0
DA:57,0
DA:58,0
DA:61,0
DA:64,0
DA:68,0
DA:70,0
DA:71,0
DA:72,0
DA:73,0
DA:76,0
DA:77,0
DA:78,0
DA:79,0
DA:80,0
DA:81,0
DA:82,0
DA:85,0
DA:88,0
DA:90,0
DA:91,0
DA:92,0
DA:93,0
DA:94,0
DA:95,0
DA:96,0
DA:97,0
DA:104,0
DA:106,0
DA:109,0
DA:112,0
DA:113,0
DA:114,0
DA:115,0
DA:116,0
DA:118,0
DA:120,0
DA:121,0
DA:122,0
DA:123,0
DA:124,0
DA:125,0
DA:128,0
DA:129,0
DA:130,0
DA:131,0
DA:132,0
DA:135,0
DA:136,0
DA:137,0
DA:144,0
DA:146,0
DA:147,0
DA:148,0
DA:149,0
DA:150,0
DA:154,0
DA:155,0
DA:156,0
DA:157,0
DA:158,0
DA:159,0
DA:160,0
DA:161,0
DA:163,0
DA:164,0
DA:168,0
DA:169,0
DA:170,0
DA:171,0
DA:173,0
DA:185,0
DA:186,0
DA:187,0
DA:188,0
DA:189,0
DA:192,0
DA:193,0
DA:196,0
DA:203,0
DA:204,0
DA:206,0
DA:207,0
DA:228,0
DA:229,0
DA:230,0
DA:231,0
DA:233,0
LF:102
LH:0
BRDA:39,0,0,0
BRDA:39,0,1,0
BRDA:41,1,0,0
BRDA:41,1,1,0
BRDA:45,2,0,0
BRDA:45,2,1,0
BRDA:45,3,0,0
BRDA:45,3,1,0
BRDA:48,4,0,0
BRDA:48,4,1,0
BRDA:51,5,0,0
BRDA:51,5,1,0
BRDA:54,6,0,0
BRDA:54,6,1,0
BRDA:57,7,0,0
BRDA:57,7,1,0
BRDA:78,8,0,0
BRDA:78,8,1,0
BRDA:79,9,0,0
BRDA:79,9,1,0
BRDA:80,10,0,0
BRDA:80,10,1,0
BRDA:81,11,0,0
BRDA:81,11,1,0
BRDA:92,12,0,0
BRDA:92,12,1,0
BRDA:95,13,0,0
BRDA:95,13,1,0
BRDA:96,14,0,0
BRDA:96,14,1,0
BRDA:99,15,0,0
BRDA:99,15,1,0
BRDA:100,16,0,0
BRDA:100,16,1,0
BRDA:100,17,0,0
BRDA:100,17,1,0
BRDA:101,18,0,0
BRDA:101,18,1,0
BRDA:101,18,2,0
BRDA:120,19,0,0
BRDA:120,19,1,0
BRDA:128,20,0,0
BRDA:128,20,1,0
BRDA:136,21,0,0
BRDA:136,21,1,0
BRDA:139,22,0,0
BRDA:139,22,1,0
BRDA:140,23,0,0
BRDA:140,23,1,0
BRDA:140,24,0,0
BRDA:140,24,1,0
BRDA:141,25,0,0
BRDA:141,25,1,0
BRDA:141,26,0,0
BRDA:141,26,1,0
BRDA:158,27,0,0
BRDA:158,27,1,0
BRDA:179,28,0,0
BRDA:179,28,1,0
BRDA:185,29,0,0
BRDA:185,29,1,0
BRDA:192,30,0,0
BRDA:192,30,1,0
BRDA:198,31,0,0
BRDA:198,31,1,0
BRDA:199,32,0,0
BRDA:199,32,1,0
BRDA:230,33,0,0
BRDA:230,33,1,0
BRF:69
BRH:0
end_of_record
TN:
SF:lib/auth-middleware.ts
FN:14,verifyAuth
FN:55,checkRolePermission
FN:60,checkOrganizationAccess
FN:69,protectedEndpoint
FN:104,logAudit
FN:128,successResponse
FN:139,errorResponse
FNF:7
FNH:0
FNDA:0,verifyAuth
FNDA:0,checkRolePermission
FNDA:0,checkOrganizationAccess
FNDA:0,protectedEndpoint
FNDA:0,logAudit
FNDA:0,successResponse
FNDA:0,errorResponse
DA:1,0
DA:2,0
DA:14,0
DA:15,0
DA:16,0
DA:18,0
DA:19,0
DA:20,0
DA:24,0
DA:30,0
DA:31,0
DA:36,0
DA:37,0
DA:40,0
DA:49,0
DA:50,0
DA:55,0
DA:56,0
DA:60,0
DA:62,0
DA:65,0
DA:69,0
DA:74,0
DA:75,0
DA:77,0
DA:78,0
DA:85,0
DA:86,0
DA:93,0
DA:95,0
DA:96,0
DA:104,0
DA:111,0
DA:112,0
DA:114,0
DA:123,0
DA:128,0
DA:129,0
DA:139,0
DA:140,0
LF:40
LH:0
BRDA:19,0,0,0
BRDA:19,0,1,0
BRDA:19,1,0,0
BRDA:19,1,1,0
BRDA:30,2,0,0
BRDA:30,2,1,0
BRDA:36,3,0,0
BRDA:36,3,1,0
BRDA:43,4,0,0
BRDA:43,4,1,0
BRDA:62,5,0,0
BRDA:62,5,1,0
BRDA:77,6,0,0
BRDA:77,6,1,0
BRDA:77,7,0,0
BRDA:77,7,1,0
BRDA:79,8,0,0
BRDA:79,8,1,0
BRDA:85,9,0,0
BRDA:85,9,1,0
BRDA:85,10,0,0
BRDA:85,10,1,0
BRDA:119,11,0,0
BRDA:119,11,1,0
BRDA:128,12,0,0
BRDA:133,13,0,0
BRDA:133,13,1,0
BRDA:139,14,0,0
BRF:28
BRH:0
end_of_record
TN:
SF:lib/auth-validation.ts
FN:17,(anonymous_6)
FN:23,(anonymous_7)
FN:37,(anonymous_8)
FN:69,(anonymous_9)
FN:130,(anonymous_10)
FNF:5
FNH:0
FNDA:0,(anonymous_6)
FNDA:0,(anonymous_7)
FNDA:0,(anonymous_8)
FNDA:0,(anonymous_9)
FNDA:0,(anonymous_10)
DA:17,0
DA:18,0
DA:19,0
DA:23,0
DA:24,0
DA:26,0
DA:27,0
DA:33,0
DA:37,0
DA:41,0
DA:43,0
DA:44,0
DA:48,0
DA:49,0
DA:55,0
DA:56,0
DA:62,0
DA:69,0
DA:76,0
DA:78,0
DA:79,0
DA:85,0
DA:86,0
DA:90,0
DA:91,0
DA:97,0
DA:98,0
DA:102,0
DA:103,0
DA:109,0
DA:110,0
DA:116,0
DA:117,0
DA:123,0
DA:130,0
DA:131,0
DA:132,0
DA:134,0
DA:135,0
DA:137,0
DA:138,0
DA:140,0
DA:141,0
DA:143,0
DA:144,0
DA:146,0
DA:147,0
DA:149,0
DA:150,0
DA:153,0
DA:156,0
DA:157,0
DA:158,0
DA:159,0
DA:161,0
DA:164,0
LF:56
LH:0
BRDA:26,0,0,0
BRDA:26,0,1,0
BRDA:43,1,0,0
BRDA:43,1,1,0
BRDA:48,2,0,0
BRDA:48,2,1,0
BRDA:55,3,0,0
BRDA:55,3,1,0
BRDA:78,4,0,0
BRDA:78,4,1,0
BRDA:78,5,0,0
BRDA:78,5,1,0
BRDA:85,6,0,0
BRDA:85,6,1,0
BRDA:90,7,0,0
BRDA:90,7,1,0
BRDA:97,8,0,0
BRDA:97,8,1,0
BRDA:102,9,0,0
BRDA:102,9,1,0
BRDA:109,10,0,0
BRDA:109,10,1,0
BRDA:116,11,0,0
BRDA:116,11,1,0
BRDA:131,12,0,0
BRDA:131,12,1,0
BRDA:134,13,0,0
BRDA:134,13,1,0
BRDA:137,14,0,0
BRDA:137,14,1,0
BRDA:140,15,0,0
BRDA:140,15,1,0
BRDA:143,16,0,0
BRDA:143,16,1,0
BRDA:146,17,0,0
BRDA:146,17,1,0
BRDA:149,18,0,0
BRDA:149,18,1,0
BRDA:149,19,0,0
BRDA:149,19,1,0
BRDA:149,19,2,0
BRDA:156,20,0,0
BRDA:156,20,1,0
BRDA:158,21,0,0
BRDA:158,21,1,0
BRDA:158,22,0,0
BRDA:158,22,1,0
BRDA:158,22,2,0
BRF:48
BRH:0
end_of_record
TN:
SF:lib/auth.ts
FNF:0
FNH:0
DA:1,0
DA:2,0
LF:2
LH:0
BRF:0
BRH:0
end_of_record
TN:
SF:lib/background-certificate-validator.ts
FN:41,validateCertificateFormat
FN:106,validateCertificateLogic
FN:167,validateBackgroundCertificate
FN:233,processOCRBackgroundCertificate
FN:252,mapearEstadoAntecedentes
FN:269,generateCertificateReport
FNF:6
FNH:0
FNDA:0,validateCertificateFormat
FNDA:0,validateCertificateLogic
FNDA:0,validateBackgroundCertificate
FNDA:0,processOCRBackgroundCertificate
FNDA:0,mapearEstadoAntecedentes
FNDA:0,generateCertificateReport
DA:14,0
DA:41,0
DA:45,0
DA:48,0
DA:49,0
DA:51,0
DA:52,0
DA:53,0
DA:58,0
DA:59,0
DA:63,0
DA:64,0
DA:68,0
DA:69,0
DA:71,0
DA:72,0
DA:73,0
DA:78,0
DA:79,0
DA:81,0
DA:82,0
DA:83,0
DA:88,0
DA:89,0
DA:93,0
DA:94,0
DA:97,0
DA:106,0
DA:112,0
DA:113,0
DA:114,0
DA:117,0
DA:118,0
DA:119,0
DA:120,0
DA:124,0
DA:125,0
DA:126,0
DA:127,0
DA:131,0
DA:132,0
DA:134,0
DA:137,0
DA:138,0
DA:139,0
DA:140,0
DA:144,0
DA:145,0
DA:146,0
DA:147,0
DA:151,0
DA:152,0
DA:153,0
DA:156,0
DA:167,0
DA:168,0
DA:169,0
DA:170,0
DA:171,0
DA:172,0
DA:175,0
DA:176,0
DA:177,0
DA:178,0
DA:179,0
DA:180,0
DA:191,0
DA:192,0
DA:193,0
DA:194,0
DA:197,0
DA:199,0
DA:201,0
DA:202,0
DA:204,0
DA:205,0
DA:207,0
DA:212,0
DA:213,0
DA:217,0
DA:233,0
DA:235,0
DA:246,0
DA:253,0
DA:255,0
DA:256,0
DA:259,0
DA:260,0
DA:263,0
DA:269,0
DA:270,0
DA:272,0
DA:273,0
DA:274,0
DA:275,0
DA:276,0
DA:277,0
DA:278,0
DA:279,0
DA:280,0
DA:281,0
DA:282,0
DA:283,0
DA:284,0
DA:285,0
DA:286,0
DA:287,0
DA:288,0
DA:291,0
DA:294,0
LF:110
LH:0
BRDA:48,0,0,0
BRDA:48,0,1,0
BRDA:52,1,0,0
BRDA:52,1,1,0
BRDA:58,2,0,0
BRDA:58,2,1,0
BRDA:58,3,0,0
BRDA:58,3,1,0
BRDA:63,4,0,0
BRDA:63,4,1,0
BRDA:63,5,0,0
BRDA:63,5,1,0
BRDA:68,6,0,0
BRDA:68,6,1,0
BRDA:72,7,0,0
BRDA:72,7,1,0
BRDA:78,8,0,0
BRDA:78,8,1,0
BRDA:82,9,0,0
BRDA:82,9,1,0
BRDA:88,10,0,0
BRDA:88,10,1,0
BRDA:88,11,0,0
BRDA:88,11,1,0
BRDA:93,12,0,0
BRDA:93,12,1,0
BRDA:93,13,0,0
BRDA:93,13,1,0
BRDA:117,14,0,0
BRDA:117,14,1,0
BRDA:125,15,0,0
BRDA:125,15,1,0
BRDA:125,16,0,0
BRDA:125,16,1,0
BRDA:125,16,2,0
BRDA:137,17,0,0
BRDA:137,17,1,0
BRDA:137,18,0,0
BRDA:137,18,1,0
BRDA:144,19,0,0
BRDA:144,19,1,0
BRDA:151,20,0,0
BRDA:151,20,1,0
BRDA:151,21,0,0
BRDA:151,21,1,0
BRDA:157,22,0,0
BRDA:157,22,1,0
BRDA:176,23,0,0
BRDA:176,23,1,0
BRDA:197,24,0,0
BRDA:197,24,1,0
BRDA:199,25,0,0
BRDA:199,25,1,0
BRDA:202,26,0,0
BRDA:202,26,1,0
BRDA:205,27,0,0
BRDA:205,27,1,0
BRDA:205,28,0,0
BRDA:205,28,1,0
BRDA:212,29,0,0
BRDA:212,29,1,0
BRDA:236,30,0,0
BRDA:236,30,1,0
BRDA:236,30,2,0
BRDA:237,31,0,0
BRDA:237,31,1,0
BRDA:237,31,2,0
BRDA:238,32,0,0
BRDA:238,32,1,0
BRDA:238,33,0,0
BRDA:238,33,1,0
BRDA:238,34,0,0
BRDA:238,34,1,0
BRDA:239,35,0,0
BRDA:239,35,1,0
BRDA:239,35,2,0
BRDA:240,36,0,0
BRDA:240,36,1,0
BRDA:240,36,2,0
BRDA:241,37,0,0
BRDA:241,37,1,0
BRDA:241,37,2,0
BRDA:242,38,0,0
BRDA:242,38,1,0
BRDA:242,38,2,0
BRDA:243,39,0,0
BRDA:243,39,1,0
BRDA:243,39,2,0
BRDA:255,40,0,0
BRDA:255,40,1,0
BRDA:255,41,0,0
BRDA:255,41,1,0
BRDA:259,42,0,0
BRDA:259,42,1,0
BRDA:259,43,0,0
BRDA:259,43,1,0
BRDA:272,44,0,0
BRDA:272,44,1,0
BRDA:278,45,0,0
BRDA:278,45,1,0
BRDA:282,46,0,0
BRDA:282,46,1,0
BRDA:286,47,0,0
BRDA:286,47,1,0
BRF:104
BRH:0
end_of_record
TN:
SF:lib/backup-verification.ts
FN:19,calculateNextBackupTime
FN:38,verifyBackupStatus
FN:100,formatBackupStatus
FN:114,isBackupHealthy
FNF:4
FNH:0
FNDA:0,calculateNextBackupTime
FNDA:0,verifyBackupStatus
FNDA:0,formatBackupStatus
FNDA:0,isBackupHealthy
DA:19,0
DA:20,0
DA:21,0
DA:24,0
DA:27,0
DA:28,0
DA:31,0
DA:38,0
DA:39,0
DA:40,0
DA:41,0
DA:43,0
DA:44,0
DA:55,0
DA:56,0
DA:57,0
DA:60,0
DA:62,0
DA:64,0
DA:65,0
DA:67,0
DA:68,0
DA:69,0
DA:72,0
DA:73,0
DA:74,0
DA:77,0
DA:86,0
DA:100,0
DA:101,0
DA:114,0
DA:115,0
LF:32
LH:0
BRDA:27,0,0,0
BRDA:27,0,1,0
BRDA:43,1,0,0
BRDA:43,1,1,0
BRDA:43,2,0,0
BRDA:43,2,1,0
BRDA:67,3,0,0
BRDA:67,3,1,0
BRDA:72,4,0,0
BRDA:72,4,1,0
BRDA:91,5,0,0
BRDA:91,5,1,0
BRDA:104,6,0,0
BRDA:104,6,1,0
BRF:14
BRH:0
end_of_record
TN:
SF:lib/chilean-document-validator.ts
FN:10,validateChileanRUT
FN:31,detectChileanDocumentType
FN:48,validateCarnetIdentidad
FN:73,(anonymous_10)
FN:85,validateLicenciaConducir
FN:126,validateCertificadoRUT
FN:164,validateChileanDocument
FNF:7
FNH:0
FNDA:0,validateChileanRUT
FNDA:0,detectChileanDocumentType
FNDA:0,validateCarnetIdentidad
FNDA:0,(anonymous_10)
FNDA:0,validateLicenciaConducir
FNDA:0,validateCertificadoRUT
FNDA:0,validateChileanDocument
DA:10,0
DA:11,0
DA:12,0
DA:14,0
DA:15,0
DA:16,0
DA:18,0
DA:19,0
DA:21,0
DA:22,0
DA:23,0
DA:26,0
DA:27,0
DA:31,0
DA:32,0
DA:34,0
DA:35,0
DA:36,0
DA:37,0
DA:38,0
DA:39,0
DA:40,0
DA:41,0
DA:42,0
DA:44,0
DA:48,0
DA:49,0
DA:50,0
DA:53,0
DA:54,0
DA:55,0
DA:56,0
DA:57,0
DA:60,0
DA:64,0
DA:65,0
DA:66,0
DA:68,0
DA:72,0
DA:73,0
DA:75,0
DA:85,0
DA:86,0
DA:87,0
DA:90,0
DA:91,0
DA:92,0
DA:93,0
DA:94,0
DA:97,0
DA:101,0
DA:102,0
DA:103,0
DA:105,0
DA:109,0
DA:110,0
DA:111,0
DA:113,0
DA:116,0
DA:126,0
DA:127,0
DA:128,0
DA:130,0
DA:131,0
DA:132,0
DA:133,0
DA:134,0
DA:137,0
DA:141,0
DA:142,0
DA:143,0
DA:144,0
DA:146,0
DA:150,0
DA:151,0
DA:154,0
DA:164,0
DA:165,0
DA:167,0
DA:169,0
DA:174,0
DA:176,0
DA:178,0
LF:83
LH:0
BRDA:12,0,0,0
BRDA:12,0,1,0
BRDA:23,1,0,0
BRDA:23,1,1,0
BRDA:26,2,0,0
BRDA:26,2,1,0
BRDA:26,3,0,0
BRDA:26,3,1,0
BRDA:34,4,0,0
BRDA:34,4,1,0
BRDA:34,5,0,0
BRDA:34,5,1,0
BRDA:35,6,0,0
BRDA:35,6,1,0
BRDA:35,7,0,0
BRDA:35,7,1,0
BRDA:36,8,0,0
BRDA:36,8,1,0
BRDA:37,9,0,0
BRDA:37,9,1,0
BRDA:38,10,0,0
BRDA:38,10,1,0
BRDA:39,11,0,0
BRDA:39,11,1,0
BRDA:39,12,0,0
BRDA:39,12,1,0
BRDA:40,13,0,0
BRDA:40,13,1,0
BRDA:40,14,0,0
BRDA:40,14,1,0
BRDA:41,15,0,0
BRDA:41,15,1,0
BRDA:41,16,0,0
BRDA:41,16,1,0
BRDA:42,17,0,0
BRDA:42,17,1,0
BRDA:42,18,0,0
BRDA:42,18,1,0
BRDA:54,19,0,0
BRDA:54,19,1,0
BRDA:56,20,0,0
BRDA:56,20,1,0
BRDA:65,21,0,0
BRDA:65,21,1,0
BRDA:78,22,0,0
BRDA:78,22,1,0
BRDA:91,23,0,0
BRDA:91,23,1,0
BRDA:93,24,0,0
BRDA:93,24,1,0
BRDA:102,25,0,0
BRDA:102,25,1,0
BRDA:110,26,0,0
BRDA:110,26,1,0
BRDA:110,27,0,0
BRDA:110,27,1,0
BRDA:119,28,0,0
BRDA:119,28,1,0
BRDA:131,29,0,0
BRDA:131,29,1,0
BRDA:133,30,0,0
BRDA:133,30,1,0
BRDA:141,31,0,0
BRDA:141,31,1,0
BRDA:143,32,0,0
BRDA:143,32,1,0
BRDA:150,33,0,0
BRDA:150,33,1,0
BRDA:157,34,0,0
BRDA:157,34,1,0
BRDA:167,35,0,0
BRDA:167,35,1,0
BRDA:167,35,2,0
BRDA:167,35,3,0
BRDA:167,35,4,0
BRDA:167,35,5,0
BRDA:167,35,6,0
BRF:77
BRH:0
end_of_record
TN:
SF:lib/chilean-public-records.ts
FN:18,validateRUTWithSII
FN:77,validateIDWithSRCEI
FN:136,validateVehicleByPlate
FN:200,validateLicenseWithCONASET
FN:249,crossReferenceValidation
FN:350,getAvailableValidationServices
FN:370,initializeValidationServices
FNF:7
FNH:0
FNDA:0,validateRUTWithSII
FNDA:0,validateIDWithSRCEI
FNDA:0,validateVehicleByPlate
FNDA:0,validateLicenseWithCONASET
FNDA:0,crossReferenceValidation
FNDA:0,getAvailableValidationServices
FNDA:0,initializeValidationServices
DA:18,0
DA:24,0
DA:26,0
DA:30,0
DA:31,0
DA:32,0
DA:38,0
DA:46,0
DA:47,0
DA:53,0
DA:55,0
DA:61,0
DA:77,0
DA:82,0
DA:83,0
DA:84,0
DA:85,0
DA:93,0
DA:106,0
DA:107,0
DA:113,0
DA:115,0
DA:120,0
DA:136,0
DA:147,0
DA:150,0
DA:151,0
DA:154,0
DA:165,0
DA:166,0
DA:172,0
DA:174,0
DA:185,0
DA:200,0
DA:207,0
DA:213,0
DA:219,0
DA:249,0
DA:256,0
DA:267,0
DA:268,0
DA:269,0
DA:270,0
DA:272,0
DA:273,0
DA:275,0
DA:276,0
DA:281,0
DA:282,0
DA:283,0
DA:287,0
DA:289,0
DA:290,0
DA:291,0
DA:292,0
DA:297,0
DA:298,0
DA:303,0
DA:304,0
DA:305,0
DA:306,0
DA:308,0
DA:309,0
DA:311,0
DA:318,0
DA:319,0
DA:320,0
DA:321,0
DA:323,0
DA:324,0
DA:329,0
DA:330,0
DA:334,0
DA:335,0
DA:340,0
DA:350,0
DA:357,0
DA:370,0
DA:375,0
DA:377,0
DA:378,0
DA:385,0
DA:386,0
DA:393,0
DA:400,0
LF:85
LH:0
BRDA:31,0,0,0
BRDA:31,0,1,0
BRDA:46,1,0,0
BRDA:46,1,1,0
BRDA:57,2,0,0
BRDA:57,2,1,0
BRDA:58,3,0,0
BRDA:58,3,1,0
BRDA:63,4,0,0
BRDA:63,4,1,0
BRDA:84,5,0,0
BRDA:84,5,1,0
BRDA:106,6,0,0
BRDA:106,6,1,0
BRDA:116,7,0,0
BRDA:116,7,1,0
BRDA:117,8,0,0
BRDA:117,8,1,0
BRDA:122,9,0,0
BRDA:122,9,1,0
BRDA:159,10,0,0
BRDA:159,10,1,0
BRDA:165,11,0,0
BRDA:165,11,1,0
BRDA:177,12,0,0
BRDA:177,12,1,0
BRDA:181,13,0,0
BRDA:181,13,1,0
BRDA:187,14,0,0
BRDA:187,14,1,0
BRDA:221,15,0,0
BRDA:221,15,1,0
BRDA:267,16,0,0
BRDA:267,16,1,0
BRDA:272,17,0,0
BRDA:272,17,1,0
BRDA:281,18,0,0
BRDA:281,18,1,0
BRDA:281,19,0,0
BRDA:281,19,1,0
BRDA:289,20,0,0
BRDA:289,20,1,0
BRDA:291,21,0,0
BRDA:291,21,1,0
BRDA:291,22,0,0
BRDA:291,22,1,0
BRDA:303,23,0,0
BRDA:303,23,1,0
BRDA:308,24,0,0
BRDA:308,24,1,0
BRDA:318,25,0,0
BRDA:318,25,1,0
BRDA:318,26,0,0
BRDA:318,26,1,0
BRDA:323,27,0,0
BRDA:323,27,1,0
BRDA:329,28,0,0
BRDA:329,28,1,0
BRDA:334,29,0,0
BRDA:334,29,1,0
BRDA:360,30,0,0
BRDA:360,30,1,0
BRDA:363,31,0,0
BRDA:363,31,1,0
BRDA:377,32,0,0
BRDA:377,32,1,0
BRDA:385,33,0,0
BRDA:385,33,1,0
BRDA:385,34,0,0
BRDA:385,34,1,0
BRDA:385,34,2,0
BRF:71
BRH:0
end_of_record
TN:
SF:lib/chilean-validators.ts
FN:16,validateRUT
FN:58,calculateRUTVerifier
FN:79,formatRUT
FN:96,validateLicensePlate
FN:123,formatLicensePlate
FN:145,validateChileanDate
FN:197,formatChileanDate
FN:207,isDateExpired
FN:219,daysUntilExpiration
FN:260,validateLicenseClass
FN:282,isProfessionalLicense
FN:294,validateIDNumber
FN:318,validateDocumentData
FN:390,prepareCrossReferenceData
FNF:14
FNH:0
FNDA:0,validateRUT
FNDA:0,calculateRUTVerifier
FNDA:0,formatRUT
FNDA:0,validateLicensePlate
FNDA:0,formatLicensePlate
FNDA:0,validateChileanDate
FNDA:0,formatChileanDate
FNDA:0,isDateExpired
FNDA:0,daysUntilExpiration
FNDA:0,validateLicenseClass
FNDA:0,isProfessionalLicense
FNDA:0,validateIDNumber
FNDA:0,validateDocumentData
FNDA:0,prepareCrossReferenceData
DA:16,0
DA:21,0
DA:24,0
DA:27,0
DA:28,0
DA:31,0
DA:34,0
DA:35,0
DA:39,0
DA:40,0
DA:44,0
DA:45,0
DA:46,0
DA:50,0
DA:52,0
DA:59,0
DA:60,0
DA:62,0
DA:63,0
DA:64,0
DA:65,0
DA:68,0
DA:69,0
DA:71,0
DA:72,0
DA:73,0
DA:79,0
DA:80,0
DA:81,0
DA:83,0
DA:84,0
DA:96,0
DA:101,0
DA:103,0
DA:106,0
DA:107,0
DA:108,0
DA:112,0
DA:113,0
DA:114,0
DA:117,0
DA:123,0
DA:124,0
DA:126,0
DA:127,0
DA:130,0
DA:131,0
DA:134,0
DA:145,0
DA:150,0
DA:153,0
DA:154,0
DA:156,0
DA:157,0
DA:160,0
DA:161,0
DA:162,0
DA:163,0
DA:166,0
DA:167,0
DA:171,0
DA:172,0
DA:176,0
DA:179,0
DA:180,0
DA:184,0
DA:185,0
DA:187,0
DA:188,0
DA:191,0
DA:197,0
DA:198,0
DA:199,0
DA:200,0
DA:201,0
DA:207,0
DA:208,0
DA:209,0
DA:211,0
DA:212,0
DA:213,0
DA:219,0
DA:220,0
DA:221,0
DA:223,0
DA:224,0
DA:226,0
DA:227,0
DA:229,0
DA:239,0
DA:260,0
DA:265,0
DA:267,0
DA:269,0
DA:270,0
DA:276,0
DA:282,0
DA:283,0
DA:284,0
DA:294,0
DA:299,0
DA:302,0
DA:304,0
DA:305,0
DA:308,0
DA:318,0
DA:329,0
DA:330,0
DA:331,0
DA:334,0
DA:335,0
DA:336,0
DA:337,0
DA:338,0
DA:342,0
DA:343,0
DA:344,0
DA:345,0
DA:346,0
DA:350,0
DA:351,0
DA:352,0
DA:353,0
DA:354,0
DA:358,0
DA:359,0
DA:360,0
DA:361,0
DA:362,0
DA:363,0
DA:367,0
DA:368,0
DA:369,0
DA:370,0
DA:371,0
DA:374,0
DA:376,0
DA:390,0
DA:391,0
DA:399,0
LF:140
LH:0
BRDA:21,0,0,0
BRDA:21,0,1,0
BRDA:27,1,0,0
BRDA:27,1,1,0
BRDA:34,2,0,0
BRDA:34,2,1,0
BRDA:34,3,0,0
BRDA:34,3,1,0
BRDA:39,4,0,0
BRDA:39,4,1,0
BRDA:45,5,0,0
BRDA:45,5,1,0
BRDA:65,6,0,0
BRDA:65,6,1,0
BRDA:71,7,0,0
BRDA:71,7,1,0
BRDA:72,8,0,0
BRDA:72,8,1,0
BRDA:81,9,0,0
BRDA:81,9,1,0
BRDA:101,10,0,0
BRDA:101,10,1,0
BRDA:107,11,0,0
BRDA:107,11,1,0
BRDA:113,12,0,0
BRDA:113,12,1,0
BRDA:126,13,0,0
BRDA:126,13,1,0
BRDA:130,14,0,0
BRDA:130,14,1,0
BRDA:150,15,0,0
BRDA:150,15,1,0
BRDA:156,16,0,0
BRDA:156,16,1,0
BRDA:166,17,0,0
BRDA:166,17,1,0
BRDA:166,18,0,0
BRDA:166,18,1,0
BRDA:171,19,0,0
BRDA:171,19,1,0
BRDA:171,20,0,0
BRDA:171,20,1,0
BRDA:179,21,0,0
BRDA:179,21,1,0
BRDA:179,22,0,0
BRDA:179,22,1,0
BRDA:187,23,0,0
BRDA:187,23,1,0
BRDA:209,24,0,0
BRDA:209,24,1,0
BRDA:209,25,0,0
BRDA:209,25,1,0
BRDA:221,26,0,0
BRDA:221,26,1,0
BRDA:221,27,0,0
BRDA:221,27,1,0
BRDA:265,28,0,0
BRDA:265,28,1,0
BRDA:269,29,0,0
BRDA:269,29,1,0
BRDA:299,30,0,0
BRDA:299,30,1,0
BRDA:304,31,0,0
BRDA:304,31,1,0
BRDA:304,32,0,0
BRDA:304,32,1,0
BRDA:334,33,0,0
BRDA:334,33,1,0
BRDA:338,34,0,0
BRDA:338,34,1,0
BRDA:342,35,0,0
BRDA:342,35,1,0
BRDA:346,36,0,0
BRDA:346,36,1,0
BRDA:350,37,0,0
BRDA:350,37,1,0
BRDA:354,38,0,0
BRDA:354,38,1,0
BRDA:358,39,0,0
BRDA:358,39,1,0
BRDA:363,40,0,0
BRDA:363,40,1,0
BRDA:363,41,0,0
BRDA:363,41,1,0
BRDA:367,42,0,0
BRDA:367,42,1,0
BRDA:371,43,0,0
BRDA:371,43,1,0
BRDA:374,44,0,0
BRDA:374,44,1,0
BRDA:392,45,0,0
BRDA:392,45,1,0
BRDA:393,46,0,0
BRDA:393,46,1,0
BRF:94
BRH:0
end_of_record
TN:
SF:lib/company-auth-context.tsx
FN:21,CompanyAuthProvider
FN:25,(anonymous_4)
FN:27,(anonymous_5)
FN:45,(anonymous_6)
FN:63,useCompanyAuth
FNF:5
FNH:0
FNDA:0,CompanyAuthProvider
FNDA:0,(anonymous_4)
FNDA:0,(anonymous_5)
FNDA:0,(anonymous_6)
FNDA:0,useCompanyAuth
DA:3,0
DA:19,0
DA:21,0
DA:22,0
DA:23,0
DA:25,0
DA:27,0
DA:28,0
DA:31,0
DA:32,0
DA:33,0
DA:36,0
DA:38,0
DA:42,0
DA:45,0
DA:46,0
DA:47,0
DA:48,0
DA:49,0
DA:50,0
DA:52,0
DA:63,0
DA:64,0
DA:65,0
DA:66,0
DA:68,0
LF:26
LH:0
BRDA:32,0,0,0
BRDA:32,0,1,0
BRDA:65,1,0,0
BRDA:65,1,1,0
BRF:4
BRH:0
end_of_record
TN:
SF:lib/conductor-analytics.ts
FN:31,getConductorComplianceMetrics
FN:68,(anonymous_2)
FN:90,(anonymous_3)
FN:152,(anonymous_4)
FN:173,(anonymous_5)
FN:199,(anonymous_6)
FN:201,(anonymous_7)
FN:202,(anonymous_8)
FN:203,(anonymous_9)
FN:206,(anonymous_10)
FNF:10
FNH:0
FNDA:0,getConductorComplianceMetrics
FNDA:0,(anonymous_2)
FNDA:0,(anonymous_3)
FNDA:0,(anonymous_4)
FNDA:0,(anonymous_5)
FNDA:0,(anonymous_6)
FNDA:0,(anonymous_7)
FNDA:0,(anonymous_8)
FNDA:0,(anonymous_9)
FNDA:0,(anonymous_10)
DA:1,0
DA:31,0
DA:32,0
DA:38,0
DA:43,0
DA:44,0
DA:45,0
DA:49,0
DA:60,0
DA:61,0
DA:62,0
DA:66,0
DA:68,0
DA:69,0
DA:73,0
DA:90,0
DA:91,0
DA:93,0
DA:94,0
DA:96,0
DA:112,0
DA:113,0
DA:116,0
DA:117,0
DA:118,0
DA:119,0
DA:120,0
DA:121,0
DA:125,0
DA:126,0
DA:127,0
DA:128,0
DA:130,0
DA:131,0
DA:132,0
DA:133,0
DA:134,0
DA:136,0
DA:141,0
DA:142,0
DA:146,0
DA:147,0
DA:152,0
DA:155,0
DA:156,0
DA:159,0
DA:160,0
DA:162,0
DA:163,0
DA:164,0
DA:165,0
DA:169,0
DA:172,0
DA:173,0
DA:176,0
DA:193,0
DA:197,0
DA:198,0
DA:199,0
DA:201,0
DA:202,0
DA:203,0
DA:205,0
DA:206,0
LF:64
LH:0
BRDA:33,0,0,0
BRDA:33,0,1,0
BRDA:34,1,0,0
BRDA:34,1,1,0
BRDA:43,2,0,0
BRDA:43,2,1,0
BRDA:60,3,0,0
BRDA:60,3,1,0
BRDA:75,4,0,0
BRDA:75,4,1,0
BRDA:76,5,0,0
BRDA:76,5,1,0
BRDA:91,6,0,0
BRDA:91,6,1,0
BRDA:94,7,0,0
BRDA:94,7,1,0
BRDA:116,8,0,0
BRDA:116,8,1,0
BRDA:116,9,0,0
BRDA:116,9,1,0
BRDA:118,10,0,0
BRDA:118,10,1,0
BRDA:118,11,0,0
BRDA:118,11,1,0
BRDA:120,12,0,0
BRDA:120,12,1,0
BRDA:120,13,0,0
BRDA:120,13,1,0
BRDA:125,14,0,0
BRDA:125,14,1,0
BRDA:130,15,0,0
BRDA:130,15,1,0
BRDA:132,16,0,0
BRDA:132,16,1,0
BRDA:141,17,0,0
BRDA:141,17,1,0
BRDA:146,18,0,0
BRDA:146,18,1,0
BRDA:156,19,0,0
BRDA:156,19,1,0
BRDA:160,20,0,0
BRDA:160,20,1,0
BRDA:162,21,0,0
BRDA:162,21,1,0
BRDA:164,22,0,0
BRDA:164,22,1,0
BRDA:169,23,0,0
BRDA:169,23,1,0
BRDA:172,24,0,0
BRDA:172,24,1,0
BRDA:198,25,0,0
BRDA:198,25,1,0
BRF:52
BRH:0
end_of_record
TN:
SF:lib/conductor-notifications.ts
FN:20,generateEmailTemplate
FN:114,generateWhatsAppMessage
FN:140,getDaysUntilExpiry
FN:150,isExpiringsoon
FN:158,isExpired
FNF:5
FNH:0
FNDA:0,generateEmailTemplate
FNDA:0,generateWhatsAppMessage
FNDA:0,getDaysUntilExpiry
FNDA:0,isExpiringsoon
FNDA:0,isExpired
DA:20,0
DA:25,0
DA:27,0
DA:46,0
DA:64,0
DA:81,0
DA:104,0
DA:114,0
DA:119,0
DA:121,0
DA:124,0
DA:127,0
DA:130,0
DA:133,0
DA:140,0
DA:141,0
DA:142,0
DA:143,0
DA:144,0
DA:150,0
DA:151,0
DA:152,0
DA:158,0
DA:159,0
LF:24
LH:0
BRDA:25,0,0,0
BRDA:25,0,1,0
BRDA:25,0,2,0
BRDA:25,0,3,0
BRDA:25,0,4,0
BRDA:28,1,0,0
BRDA:28,1,1,0
BRDA:34,2,0,0
BRDA:34,2,1,0
BRDA:47,3,0,0
BRDA:47,3,1,0
BRDA:53,4,0,0
BRDA:53,4,1,0
BRDA:54,5,0,0
BRDA:54,5,1,0
BRDA:65,6,0,0
BRDA:65,6,1,0
BRDA:69,7,0,0
BRDA:69,7,1,0
BRDA:119,8,0,0
BRDA:119,8,1,0
BRDA:119,8,2,0
BRDA:119,8,3,0
BRDA:119,8,4,0
BRDA:121,9,0,0
BRDA:121,9,1,0
BRDA:124,10,0,0
BRDA:124,10,1,0
BRDA:124,11,0,0
BRDA:124,11,1,0
BRDA:127,12,0,0
BRDA:127,12,1,0
BRDA:152,13,0,0
BRDA:152,13,1,0
BRF:34
BRH:0
end_of_record
TN:
SF:lib/contractor-pre-qualification.ts
FN:2,differenceInDays
FN:33,calculateContractorQualification
FN:48,(anonymous_6)
FN:49,(anonymous_7)
FN:53,(anonymous_8)
FN:57,(anonymous_9)
FN:67,(anonymous_10)
FN:119,qualifyMultipleContractors
FN:130,(anonymous_12)
FN:146,getQualificationStats
FN:151,(anonymous_14)
FN:152,(anonymous_15)
FN:153,(anonymous_16)
FN:154,(anonymous_17)
FN:156,(anonymous_18)
FNF:15
FNH:0
FNDA:0,differenceInDays
FNDA:0,calculateContractorQualification
FNDA:0,(anonymous_6)
FNDA:0,(anonymous_7)
FNDA:0,(anonymous_8)
FNDA:0,(anonymous_9)
FNDA:0,(anonymous_10)
FNDA:0,qualifyMultipleContractors
FNDA:0,(anonymous_12)
FNDA:0,getQualificationStats
FNDA:0,(anonymous_14)
FNDA:0,(anonymous_15)
FNDA:0,(anonymous_16)
FNDA:0,(anonymous_17)
FNDA:0,(anonymous_18)
DA:3,0
DA:4,0
DA:33,0
DA:44,0
DA:48,0
DA:50,0
DA:51,0
DA:54,0
DA:55,0
DA:58,0
DA:59,0
DA:66,0
DA:67,0
DA:68,0
DA:69,0
DA:72,0
DA:73,0
DA:74,0
DA:77,0
DA:78,0
DA:79,0
DA:80,0
DA:81,0
DA:82,0
DA:83,0
DA:84,0
DA:85,0
DA:86,0
DA:89,0
DA:90,0
DA:91,0
DA:93,0
DA:94,0
DA:96,0
DA:97,0
DA:99,0
DA:100,0
DA:103,0
DA:119,0
DA:130,0
DA:131,0
DA:146,0
DA:149,0
DA:151,0
DA:152,0
DA:153,0
DA:154,0
DA:156,0
LF:48
LH:0
BRDA:45,0,0,0
BRDA:45,0,1,0
BRDA:46,1,0,0
BRDA:46,1,1,0
BRDA:47,2,0,0
BRDA:47,2,1,0
BRDA:48,3,0,0
BRDA:48,3,1,0
BRDA:49,4,0,0
BRDA:49,4,1,0
BRDA:50,5,0,0
BRDA:50,5,1,0
BRDA:53,6,0,0
BRDA:53,6,1,0
BRDA:54,7,0,0
BRDA:54,7,1,0
BRDA:57,8,0,0
BRDA:57,8,1,0
BRDA:58,9,0,0
BRDA:58,9,1,0
BRDA:61,10,0,0
BRDA:61,10,1,0
BRDA:62,11,0,0
BRDA:62,11,1,0
BRDA:73,12,0,0
BRDA:73,12,1,0
BRDA:74,13,0,0
BRDA:74,13,1,0
BRDA:78,14,0,0
BRDA:78,14,1,0
BRDA:79,15,0,0
BRDA:79,15,1,0
BRDA:80,16,0,0
BRDA:80,16,1,0
BRDA:81,17,0,0
BRDA:81,17,1,0
BRDA:82,18,0,0
BRDA:82,18,1,0
BRDA:83,19,0,0
BRDA:83,19,1,0
BRDA:84,20,0,0
BRDA:84,20,1,0
BRDA:85,21,0,0
BRDA:85,21,1,0
BRDA:86,22,0,0
BRDA:86,22,1,0
BRDA:90,23,0,0
BRDA:90,23,1,0
BRDA:93,24,0,0
BRDA:93,24,1,0
BRDA:96,25,0,0
BRDA:96,25,1,0
BRDA:99,26,0,0
BRDA:99,26,1,0
BRF:54
BRH:0
end_of_record
TN:
SF:lib/cross-verification.ts
FN:33,verifyRUTConsistency
FN:78,detectRUTAnomalies
FN:107,(anonymous_7)
FN:108,(anonymous_8)
FN:123,verifyConductorData
FN:171,(anonymous_10)
FN:176,(anonymous_11)
FN:181,(anonymous_12)
FN:194,(anonymous_13)
FN:205,calculateStringSimilarity
FN:218,getEditDistance
FN:244,batchVerifyRecords
FN:258,(anonymous_17)
FN:262,(anonymous_18)
FN:263,(anonymous_19)
FN:264,(anonymous_20)
FNF:16
FNH:0
FNDA:0,verifyRUTConsistency
FNDA:0,detectRUTAnomalies
FNDA:0,(anonymous_7)
FNDA:0,(anonymous_8)
FNDA:0,verifyConductorData
FNDA:0,(anonymous_10)
FNDA:0,(anonymous_11)
FNDA:0,(anonymous_12)
FNDA:0,(anonymous_13)
FNDA:0,calculateStringSimilarity
FNDA:0,getEditDistance
FNDA:0,batchVerifyRecords
FNDA:0,(anonymous_17)
FNDA:0,(anonymous_18)
FNDA:0,(anonymous_19)
FNDA:0,(anonymous_20)
DA:7,0
DA:33,0
DA:42,0
DA:44,0
DA:45,0
DA:47,0
DA:48,0
DA:56,0
DA:57,0
DA:59,0
DA:67,0
DA:78,0
DA:85,0
DA:87,0
DA:88,0
DA:89,0
DA:90,0
DA:91,0
DA:92,0
DA:93,0
DA:95,0
DA:96,0
DA:97,0
DA:99,0
DA:106,0
DA:107,0
DA:108,0
DA:114,0
DA:115,0
DA:117,0
DA:123,0
DA:137,0
DA:140,0
DA:141,0
DA:142,0
DA:143,0
DA:154,0
DA:155,0
DA:157,0
DA:158,0
DA:159,0
DA:160,0
DA:171,0
DA:172,0
DA:175,0
DA:176,0
DA:177,0
DA:178,0
DA:179,0
DA:181,0
DA:182,0
DA:184,0
DA:185,0
DA:188,0
DA:194,0
DA:206,0
DA:207,0
DA:209,0
DA:211,0
DA:212,0
DA:219,0
DA:221,0
DA:222,0
DA:223,0
DA:224,0
DA:225,0
DA:226,0
DA:227,0
DA:228,0
DA:229,0
DA:231,0
DA:232,0
DA:235,0
DA:238,0
DA:244,0
DA:258,0
DA:260,0
DA:262,0
DA:263,0
DA:264,0
DA:267,0
LF:81
LH:0
BRDA:36,0,0,0
BRDA:47,1,0,0
BRDA:47,1,1,0
BRDA:47,2,0,0
BRDA:47,2,1,0
BRDA:56,3,0,0
BRDA:56,3,1,0
BRDA:57,4,0,0
BRDA:57,4,1,0
BRDA:62,5,0,0
BRDA:62,5,1,0
BRDA:63,6,0,0
BRDA:63,6,1,0
BRDA:90,7,0,0
BRDA:90,7,1,0
BRDA:90,8,0,0
BRDA:90,8,1,0
BRDA:92,9,0,0
BRDA:92,9,1,0
BRDA:96,10,0,0
BRDA:96,10,1,0
BRDA:140,11,0,0
BRDA:140,11,1,0
BRDA:142,12,0,0
BRDA:142,12,1,0
BRDA:155,13,0,0
BRDA:155,13,1,0
BRDA:155,14,0,0
BRDA:155,14,1,0
BRDA:157,15,0,0
BRDA:157,15,1,0
BRDA:157,16,0,0
BRDA:157,16,1,0
BRDA:159,17,0,0
BRDA:159,17,1,0
BRDA:163,18,0,0
BRDA:163,18,1,0
BRDA:163,19,0,0
BRDA:163,19,1,0
BRDA:172,20,0,0
BRDA:172,20,1,0
BRDA:172,21,0,0
BRDA:172,21,1,0
BRDA:176,22,0,0
BRDA:176,22,1,0
BRDA:176,23,0,0
BRDA:176,23,1,0
BRDA:181,24,0,0
BRDA:181,24,1,0
BRDA:184,25,0,0
BRDA:184,25,1,0
BRDA:206,26,0,0
BRDA:206,26,1,0
BRDA:207,27,0,0
BRDA:207,27,1,0
BRDA:209,28,0,0
BRDA:209,28,1,0
BRDA:224,29,0,0
BRDA:224,29,1,0
BRDA:226,30,0,0
BRDA:226,30,1,0
BRDA:228,31,0,0
BRDA:228,31,1,0
BRDA:235,32,0,0
BRDA:235,32,1,0
BRF:65
BRH:0
end_of_record
TN:
SF:lib/demo-login.ts
FN:31,getDemoAccountByEmail
FN:32,(anonymous_5)
FN:38,getDemoAccountByRole
FN:39,(anonymous_7)
FNF:4
FNH:0
FNDA:0,getDemoAccountByEmail
FNDA:0,(anonymous_5)
FNDA:0,getDemoAccountByRole
FNDA:0,(anonymous_7)
DA:4,0
DA:31,0
DA:32,0
DA:38,0
DA:39,0
LF:5
LH:0
BRF:0
BRH:0
end_of_record
TN:
SF:lib/document-alerts-generator.ts
FN:7,getOrgId
FN:16,generateDocumentUploadAlerts
FN:62,generateDocumentStatusChangeAlert
FN:161,(anonymous_7)
FN:178,generateExpirationAlerts
FN:199,(anonymous_9)
FN:225,(anonymous_10)
FNF:7
FNH:0
FNDA:0,getOrgId
FNDA:0,generateDocumentUploadAlerts
FNDA:0,generateDocumentStatusChangeAlert
FNDA:0,(anonymous_7)
FNDA:0,generateExpirationAlerts
FNDA:0,(anonymous_9)
FNDA:0,(anonymous_10)
DA:1,0
DA:8,0
DA:9,0
DA:16,0
DA:23,0
DA:24,0
DA:25,0
DA:27,0
DA:30,0
DA:49,0
DA:50,0
DA:52,0
DA:55,0
DA:62,0
DA:70,0
DA:71,0
DA:72,0
DA:74,0
DA:77,0
DA:78,0
DA:79,0
DA:80,0
DA:83,0
DA:84,0
DA:86,0
DA:92,0
DA:93,0
DA:99,0
DA:100,0
DA:102,0
DA:107,0
DA:113,0
DA:114,0
DA:115,0
DA:116,0
DA:117,0
DA:119,0
DA:120,0
DA:121,0
DA:122,0
DA:123,0
DA:124,0
DA:125,0
DA:126,0
DA:127,0
DA:128,0
DA:129,0
DA:130,0
DA:131,0
DA:132,0
DA:133,0
DA:134,0
DA:135,0
DA:136,0
DA:140,0
DA:161,0
DA:165,0
DA:166,0
DA:168,0
DA:171,0
DA:178,0
DA:179,0
DA:180,0
DA:181,0
DA:182,0
DA:185,0
DA:192,0
DA:193,0
DA:196,0
DA:199,0
DA:215,0
DA:216,0
DA:220,0
DA:222,0
DA:225,0
DA:227,0
DA:229,0
DA:233,0
LF:78
LH:0
BRDA:9,0,0,0
BRDA:9,0,1,0
BRDA:49,1,0,0
BRDA:49,1,1,0
BRDA:92,2,0,0
BRDA:92,2,1,0
BRDA:99,3,0,0
BRDA:99,3,1,0
BRDA:100,4,0,0
BRDA:100,4,1,0
BRDA:100,4,2,0
BRDA:102,5,0,0
BRDA:102,5,1,0
BRDA:119,6,0,0
BRDA:119,6,1,0
BRDA:125,7,0,0
BRDA:125,7,1,0
BRDA:127,8,0,0
BRDA:127,8,1,0
BRDA:131,9,0,0
BRDA:131,9,1,0
BRDA:158,10,0,0
BRDA:158,10,1,0
BRDA:161,11,0,0
BRDA:161,11,1,0
BRDA:165,12,0,0
BRDA:165,12,1,0
BRDA:192,13,0,0
BRDA:192,13,1,0
BRDA:192,14,0,0
BRDA:192,14,1,0
BRDA:202,15,0,0
BRDA:202,15,1,0
BRDA:215,16,0,0
BRDA:215,16,1,0
BRDA:220,17,0,0
BRDA:220,17,1,0
BRF:37
BRH:0
end_of_record
TN:
SF:lib/document-classification.ts
FN:44,normalizeDocumentType
FN:76,getWarningThreshold
FN:85,isCriticalDocument
FN:94,daysUntilExpiration
FN:105,determineValidationStatus
FNF:5
FNH:0
FNDA:0,normalizeDocumentType
FNDA:0,getWarningThreshold
FNDA:0,isCriticalDocument
FNDA:0,daysUntilExpiration
FNDA:0,determineValidationStatus
DA:3,0
DA:44,0
DA:45,0
DA:47,0
DA:48,0
DA:50,0
DA:51,0
DA:53,0
DA:54,0
DA:56,0
DA:57,0
DA:59,0
DA:60,0
DA:62,0
DA:63,0
DA:65,0
DA:66,0
DA:70,0
DA:76,0
DA:77,0
DA:78,0
DA:79,0
DA:85,0
DA:86,0
DA:87,0
DA:88,0
DA:94,0
DA:95,0
DA:97,0
DA:98,0
DA:99,0
DA:105,0
DA:111,0
DA:112,0
DA:116,0
DA:117,0
DA:121,0
LF:37
LH:0
BRDA:47,0,0,0
BRDA:47,0,1,0
BRDA:47,1,0,0
BRDA:47,1,1,0
BRDA:47,1,2,0
BRDA:50,2,0,0
BRDA:50,2,1,0
BRDA:50,3,0,0
BRDA:50,3,1,0
BRDA:53,4,0,0
BRDA:53,4,1,0
BRDA:53,5,0,0
BRDA:53,5,1,0
BRDA:53,5,2,0
BRDA:56,6,0,0
BRDA:56,6,1,0
BRDA:56,7,0,0
BRDA:56,7,1,0
BRDA:56,7,2,0
BRDA:59,8,0,0
BRDA:59,8,1,0
BRDA:59,9,0,0
BRDA:59,9,1,0
BRDA:62,10,0,0
BRDA:62,10,1,0
BRDA:62,11,0,0
BRDA:62,11,1,0
BRDA:65,12,0,0
BRDA:65,12,1,0
BRDA:65,13,0,0
BRDA:65,13,1,0
BRDA:79,14,0,0
BRDA:79,14,1,0
BRDA:88,15,0,0
BRDA:88,15,1,0
BRDA:95,16,0,0
BRDA:95,16,1,0
BRDA:111,17,0,0
BRDA:111,17,1,0
BRDA:111,18,0,0
BRDA:111,18,1,0
BRDA:116,19,0,0
BRDA:116,19,1,0
BRDA:116,20,0,0
BRDA:116,20,1,0
BRF:45
BRH:0
end_of_record
TN:
SF:lib/document-status-service.ts
FN:48,isValidStatusTransition
FN:58,validateStatus
FN:67,normalizeStatus
FN:84,changeDocumentStatus
FN:164,(anonymous_10)
FN:287,getDocumentStatus
FN:307,getDocumentStatusHistory
FN:330,getDocumentsStatus
FNF:8
FNH:0
FNDA:0,isValidStatusTransition
FNDA:0,validateStatus
FNDA:0,normalizeStatus
FNDA:0,changeDocumentStatus
FNDA:0,(anonymous_10)
FNDA:0,getDocumentStatus
FNDA:0,getDocumentStatusHistory
FNDA:0,getDocumentsStatus
DA:12,0
DA:13,0
DA:14,0
DA:50,0
DA:51,0
DA:58,0
DA:59,0
DA:60,0
DA:61,0
DA:68,0
DA:77,0
DA:78,0
DA:84,0
DA:87,0
DA:89,0
DA:90,0
DA:93,0
DA:94,0
DA:97,0
DA:98,0
DA:101,0
DA:107,0
DA:108,0
DA:118,0
DA:121,0
DA:122,0
DA:133,0
DA:139,0
DA:140,0
DA:144,0
DA:151,0
DA:152,0
DA:153,0
DA:164,0
DA:165,0
DA:171,0
DA:172,0
DA:176,0
DA:177,0
DA:191,0
DA:192,0
DA:196,0
DA:199,0
DA:203,0
DA:204,0
DA:205,0
DA:207,0
DA:208,0
DA:214,0
DA:215,0
DA:220,0
DA:221,0
DA:227,0
DA:230,0
DA:239,0
DA:244,0
DA:245,0
DA:258,0
DA:260,0
DA:263,0
DA:271,0
DA:272,0
DA:273,0
DA:287,0
DA:288,0
DA:289,0
DA:290,0
DA:296,0
DA:297,0
DA:299,0
DA:300,0
DA:307,0
DA:308,0
DA:309,0
DA:310,0
DA:316,0
DA:317,0
DA:318,0
DA:320,0
DA:322,0
DA:323,0
DA:330,0
DA:331,0
DA:332,0
DA:333,0
DA:338,0
DA:340,0
DA:341,0
DA:342,0
DA:344,0
DA:346,0
DA:347,0
LF:92
LH:0
BRDA:60,0,0,0
BRDA:60,0,1,0
BRDA:78,1,0,0
BRDA:78,1,1,0
BRDA:89,2,0,0
BRDA:89,2,1,0
BRDA:93,3,0,0
BRDA:93,3,1,0
BRDA:107,4,0,0
BRDA:107,4,1,0
BRDA:107,5,0,0
BRDA:107,5,1,0
BRDA:118,6,0,0
BRDA:118,6,1,0
BRDA:121,7,0,0
BRDA:121,7,1,0
BRDA:139,8,0,0
BRDA:139,8,1,0
BRDA:139,9,0,0
BRDA:139,9,1,0
BRDA:151,10,0,0
BRDA:151,10,1,0
BRDA:151,11,0,0
BRDA:151,11,1,0
BRDA:171,12,0,0
BRDA:171,12,1,0
BRDA:181,13,0,0
BRDA:181,13,1,0
BRDA:182,14,0,0
BRDA:182,14,1,0
BRDA:207,15,0,0
BRDA:207,15,1,0
BRDA:214,16,0,0
BRDA:214,16,1,0
BRDA:220,17,0,0
BRDA:220,17,1,0
BRDA:227,18,0,0
BRDA:227,18,1,0
BRDA:234,19,0,0
BRDA:234,19,1,0
BRDA:253,20,0,0
BRDA:253,20,1,0
BRDA:271,21,0,0
BRDA:271,21,1,0
BRDA:296,22,0,0
BRDA:296,22,1,0
BRDA:296,23,0,0
BRDA:296,23,1,0
BRDA:297,24,0,0
BRDA:297,24,1,0
BRDA:316,25,0,0
BRDA:316,25,1,0
BRDA:320,26,0,0
BRDA:320,26,1,0
BRDA:338,27,0,0
BRDA:338,27,1,0
BRDA:338,28,0,0
BRDA:338,28,1,0
BRDA:342,29,0,0
BRDA:342,29,1,0
BRF:60
BRH:0
end_of_record
TN:
SF:lib/document-types.ts
FN:63,getDocumentsByCategory
FN:67,getDocumentTypeByCode
FN:71,getAllDocumentTypes
FN:75,getCategories
FNF:4
FNH:0
FNDA:0,getDocumentsByCategory
FNDA:0,getDocumentTypeByCode
FNDA:0,getAllDocumentTypes
FNDA:0,getCategories
DA:29,0
DA:63,0
DA:64,0
DA:67,0
DA:68,0
DA:71,0
DA:72,0
DA:75,0
DA:76,0
LF:9
LH:0
BRF:0
BRH:0
end_of_record
TN:
SF:lib/documents-config.ts
FN:486,getDocumentsByCategory
FN:487,(anonymous_10)
FN:490,getRequiredDocuments
FN:491,(anonymous_12)
FN:494,getOptionalDocuments
FN:495,(anonymous_14)
FN:498,getExpiringDocuments
FN:499,(anonymous_16)
FN:502,getDocumentsByTag
FN:503,(anonymous_18)
FNF:10
FNH:0
FNDA:0,getDocumentsByCategory
FNDA:0,(anonymous_10)
FNDA:0,getRequiredDocuments
FNDA:0,(anonymous_12)
FNDA:0,getOptionalDocuments
FNDA:0,(anonymous_14)
FNDA:0,getExpiringDocuments
FNDA:0,(anonymous_16)
FNDA:0,getDocumentsByTag
FNDA:0,(anonymous_18)
DA:17,0
DA:60,0
DA:484,0
DA:486,0
DA:487,0
DA:490,0
DA:491,0
DA:494,0
DA:495,0
DA:498,0
DA:499,0
DA:502,0
DA:503,0
LF:13
LH:0
BRF:0
BRH:0
end_of_record
TN:
SF:lib/email.ts
FN:13,formatEmailSubject
FNF:1
FNH:0
FNDA:0,formatEmailSubject
DA:13,0
DA:14,0
DA:23,0
DA:30,0
LF:4
LH:0
BRDA:14,0,0,0
BRDA:14,0,1,0
BRDA:23,1,0,0
BRDA:23,1,1,0
BRF:4
BRH:0
end_of_record
TN:
SF:lib/export-utils.ts
FN:25,exportToExcel
FN:32,(anonymous_6)
FN:55,(anonymous_7)
FN:56,(anonymous_8)
FN:84,exportToPDF
FN:114,generatePDFContent
FN:147,(anonymous_11)
FN:171,exportComplianceToExcel
FN:184,(anonymous_13)
FN:185,(anonymous_14)
FN:186,(anonymous_15)
FN:195,(anonymous_16)
FN:220,exportComplianceToPDF
FN:233,(anonymous_18)
FN:234,(anonymous_19)
FN:235,(anonymous_20)
FN:250,(anonymous_21)
FN:261,(anonymous_22)
FN:268,(anonymous_23)
FN:287,(anonymous_24)
FNF:20
FNH:0
FNDA:0,exportToExcel
FNDA:0,(anonymous_6)
FNDA:0,(anonymous_7)
FNDA:0,(anonymous_8)
FNDA:0,exportToPDF
FNDA:0,generatePDFContent
FNDA:0,(anonymous_11)
FNDA:0,exportComplianceToExcel
FNDA:0,(anonymous_13)
FNDA:0,(anonymous_14)
FNDA:0,(anonymous_15)
FNDA:0,(anonymous_16)
FNDA:0,exportComplianceToPDF
FNDA:0,(anonymous_18)
FNDA:0,(anonymous_19)
FNDA:0,(anonymous_20)
FNDA:0,(anonymous_21)
FNDA:0,(anonymous_22)
FNDA:0,(anonymous_23)
FNDA:0,(anonymous_24)
DA:25,0
DA:26,0
DA:29,0
DA:32,0
DA:41,0
DA:52,0
DA:55,0
DA:56,0
DA:58,0
DA:59,0
DA:66,0
DA:67,0
DA:68,0
DA:70,0
DA:71,0
DA:72,0
DA:74,0
DA:75,0
DA:76,0
DA:78,0
DA:84,0
DA:85,0
DA:87,0
DA:89,0
DA:92,0
DA:93,0
DA:94,0
DA:96,0
DA:97,0
DA:98,0
DA:100,0
DA:101,0
DA:102,0
DA:104,0
DA:106,0
DA:107,0
DA:115,0
DA:117,0
DA:143,0
DA:144,0
DA:147,0
DA:148,0
DA:149,0
DA:150,0
DA:151,0
DA:152,0
DA:154,0
DA:157,0
DA:165,0
DA:171,0
DA:172,0
DA:173,0
DA:174,0
DA:177,0
DA:184,0
DA:185,0
DA:186,0
DA:189,0
DA:190,0
DA:193,0
DA:195,0
DA:206,0
DA:207,0
DA:209,0
DA:210,0
DA:212,0
DA:213,0
DA:220,0
DA:221,0
DA:222,0
DA:223,0
DA:226,0
DA:227,0
DA:228,0
DA:229,0
DA:230,0
DA:233,0
DA:234,0
DA:235,0
DA:237,0
DA:238,0
DA:241,0
DA:242,0
DA:243,0
DA:244,0
DA:247,0
DA:248,0
DA:249,0
DA:250,0
DA:251,0
DA:252,0
DA:253,0
DA:257,0
DA:258,0
DA:259,0
DA:261,0
DA:263,0
DA:264,0
DA:265,0
DA:267,0
DA:268,0
DA:269,0
DA:270,0
DA:271,0
DA:273,0
DA:274,0
DA:277,0
DA:278,0
DA:287,0
DA:288,0
DA:289,0
DA:290,0
DA:293,0
DA:296,0
DA:297,0
DA:299,0
DA:300,0
LF:117
LH:0
BRDA:26,0,0,0
BRDA:34,1,0,0
BRDA:34,1,1,0
BRDA:34,1,2,0
BRDA:36,2,0,0
BRDA:36,2,1,0
BRDA:59,3,0,0
BRDA:59,3,1,0
BRDA:59,4,0,0
BRDA:59,4,1,0
BRDA:85,5,0,0
BRDA:85,6,0,0
BRDA:148,7,0,0
BRDA:148,7,1,0
BRDA:149,8,0,0
BRDA:149,8,1,0
BRDA:149,8,2,0
BRDA:150,9,0,0
BRDA:150,9,1,0
BRDA:151,10,0,0
BRDA:151,10,1,0
BRDA:152,11,0,0
BRDA:152,11,1,0
BRDA:200,12,0,0
BRDA:200,12,1,0
BRDA:200,13,0,0
BRDA:200,13,1,0
BRDA:202,14,0,0
BRDA:202,14,1,0
BRDA:263,15,0,0
BRDA:263,15,1,0
BRDA:283,16,0,0
BRDA:283,16,1,0
BRDA:283,17,0,0
BRDA:283,17,1,0
BRF:35
BRH:0
end_of_record
TN:
SF:lib/human-in-the-loop.ts
FN:98,(anonymous_11)
FN:103,calculateReviewPriority
FN:109,(anonymous_13)
FN:110,(anonymous_14)
FN:134,addToReviewQueue
FN:168,getPendingReviews
FN:206,(anonymous_17)
FN:239,getNextReviewItem
FN:301,assignReview
FN:326,completeReview
FN:375,generateReviewAlerts
FN:467,saveOCRFeedback
FN:492,(anonymous_23)
FN:511,updateDocumentAfterReview
FN:548,getQueueStats
FN:626,getEmptyStats
FN:642,getReviewerStats
FN:700,getEmptyReviewerStats
FN:716,getOCRFeedbackForTraining
FN:749,markFeedbackAsUsed
FNF:20
FNH:0
FNDA:0,(anonymous_11)
FNDA:0,calculateReviewPriority
FNDA:0,(anonymous_13)
FNDA:0,(anonymous_14)
FNDA:0,addToReviewQueue
FNDA:0,getPendingReviews
FNDA:0,(anonymous_17)
FNDA:0,getNextReviewItem
FNDA:0,assignReview
FNDA:0,completeReview
FNDA:0,generateReviewAlerts
FNDA:0,saveOCRFeedback
FNDA:0,(anonymous_23)
FNDA:0,updateDocumentAfterReview
FNDA:0,getQueueStats
FNDA:0,getEmptyStats
FNDA:0,getReviewerStats
FNDA:0,getEmptyReviewerStats
FNDA:0,getOCRFeedbackForTraining
FNDA:0,markFeedbackAsUsed
DA:12,0
DA:13,0
DA:98,0
DA:103,0
DA:109,0
DA:110,0
DA:113,0
DA:116,0
DA:117,0
DA:120,0
DA:121,0
DA:124,0
DA:125,0
DA:128,0
DA:134,0
DA:141,0
DA:142,0
DA:145,0
DA:153,0
DA:154,0
DA:155,0
DA:158,0
DA:160,0
DA:161,0
DA:168,0
DA:176,0
DA:177,0
DA:178,0
DA:180,0
DA:184,0
DA:185,0
DA:187,0
DA:188,0
DA:190,0
DA:191,0
DA:193,0
DA:194,0
DA:197,0
DA:199,0
DA:201,0
DA:202,0
DA:203,0
DA:206,0
DA:229,0
DA:231,0
DA:232,0
DA:239,0
DA:242,0
DA:243,0
DA:246,0
DA:256,0
DA:257,0
DA:259,0
DA:261,0
DA:264,0
DA:265,0
DA:268,0
DA:291,0
DA:293,0
DA:294,0
DA:301,0
DA:305,0
DA:306,0
DA:308,0
DA:313,0
DA:314,0
DA:317,0
DA:319,0
DA:326,0
DA:329,0
DA:330,0
DA:332,0
DA:343,0
DA:344,0
DA:348,0
DA:349,0
DA:353,0
DA:354,0
DA:358,0
DA:359,0
DA:360,0
DA:362,0
DA:366,0
DA:368,0
DA:376,0
DA:377,0
DA:379,0
DA:380,0
DA:381,0
DA:384,0
DA:390,0
DA:392,0
DA:393,0
DA:394,0
DA:397,0
DA:398,0
DA:401,0
DA:415,0
DA:417,0
DA:418,0
DA:419,0
DA:423,0
DA:429,0
DA:431,0
DA:438,0
DA:439,0
DA:449,0
DA:458,0
DA:460,0
DA:468,0
DA:470,0
DA:471,0
DA:474,0
DA:487,0
DA:489,0
DA:492,0
DA:502,0
DA:504,0
DA:512,0
DA:513,0
DA:516,0
DA:522,0
DA:525,0
DA:532,0
DA:533,0
DA:536,0
DA:541,0
DA:548,0
DA:549,0
DA:550,0
DA:553,0
DA:557,0
DA:558,0
DA:564,0
DA:565,0
DA:576,0
DA:577,0
DA:579,0
DA:581,0
DA:582,0
DA:583,0
DA:584,0
DA:587,0
DA:588,0
DA:592,0
DA:593,0
DA:594,0
DA:596,0
DA:597,0
DA:598,0
DA:599,0
DA:600,0
DA:601,0
DA:603,0
DA:607,0
DA:608,0
DA:609,0
DA:613,0
DA:614,0
DA:617,0
DA:619,0
DA:627,0
DA:642,0
DA:646,0
DA:647,0
DA:649,0
DA:650,0
DA:652,0
DA:658,0
DA:659,0
DA:665,0
DA:676,0
DA:678,0
DA:679,0
DA:680,0
DA:681,0
DA:683,0
DA:686,0
DA:687,0
DA:688,0
DA:691,0
DA:693,0
DA:701,0
DA:716,0
DA:720,0
DA:721,0
DA:723,0
DA:730,0
DA:731,0
DA:734,0
DA:736,0
DA:737,0
DA:740,0
DA:742,0
DA:749,0
DA:750,0
DA:751,0
DA:753,0
DA:758,0
DA:759,0
DA:762,0
DA:764,0
LF:202
LH:0
BRDA:116,0,0,0
BRDA:116,0,1,0
BRDA:116,1,0,0
BRDA:116,1,1,0
BRDA:120,2,0,0
BRDA:120,2,1,0
BRDA:120,3,0,0
BRDA:120,3,1,0
BRDA:120,3,2,0
BRDA:120,3,3,0
BRDA:124,4,0,0
BRDA:124,4,1,0
BRDA:124,5,0,0
BRDA:124,5,1,0
BRDA:138,6,0,0
BRDA:148,7,0,0
BRDA:148,7,1,0
BRDA:150,8,0,0
BRDA:150,8,1,0
BRDA:153,9,0,0
BRDA:153,9,1,0
BRDA:161,10,0,0
BRDA:161,10,1,0
BRDA:168,11,0,0
BRDA:178,12,0,0
BRDA:178,13,0,0
BRDA:184,14,0,0
BRDA:184,14,1,0
BRDA:187,15,0,0
BRDA:187,15,1,0
BRDA:190,16,0,0
BRDA:190,16,1,0
BRDA:193,17,0,0
BRDA:193,17,1,0
BRDA:201,18,0,0
BRDA:201,18,1,0
BRDA:206,19,0,0
BRDA:206,19,1,0
BRDA:213,20,0,0
BRDA:213,20,1,0
BRDA:215,21,0,0
BRDA:215,21,1,0
BRDA:229,22,0,0
BRDA:229,22,1,0
BRDA:232,23,0,0
BRDA:232,23,1,0
BRDA:256,24,0,0
BRDA:256,24,1,0
BRDA:257,25,0,0
BRDA:257,25,1,0
BRDA:264,26,0,0
BRDA:264,26,1,0
BRDA:275,27,0,0
BRDA:275,27,1,0
BRDA:277,28,0,0
BRDA:277,28,1,0
BRDA:294,29,0,0
BRDA:294,29,1,0
BRDA:313,30,0,0
BRDA:313,30,1,0
BRDA:319,31,0,0
BRDA:319,31,1,0
BRDA:336,32,0,0
BRDA:336,32,1,0
BRDA:337,33,0,0
BRDA:337,33,1,0
BRDA:338,34,0,0
BRDA:338,34,1,0
BRDA:339,35,0,0
BRDA:339,35,1,0
BRDA:340,36,0,0
BRDA:340,36,1,0
BRDA:343,37,0,0
BRDA:343,37,1,0
BRDA:348,38,0,0
BRDA:348,38,1,0
BRDA:348,39,0,0
BRDA:348,39,1,0
BRDA:353,40,0,0
BRDA:353,40,1,0
BRDA:353,41,0,0
BRDA:353,41,1,0
BRDA:358,42,0,0
BRDA:358,42,1,0
BRDA:358,43,0,0
BRDA:358,43,1,0
BRDA:368,44,0,0
BRDA:368,44,1,0
BRDA:392,45,0,0
BRDA:392,45,1,0
BRDA:392,46,0,0
BRDA:392,46,1,0
BRDA:417,47,0,0
BRDA:417,47,1,0
BRDA:417,48,0,0
BRDA:417,48,1,0
BRDA:431,49,0,0
BRDA:431,49,1,0
BRDA:444,50,0,0
BRDA:444,50,1,0
BRDA:451,51,0,0
BRDA:451,51,1,0
BRDA:454,52,0,0
BRDA:454,52,1,0
BRDA:455,53,0,0
BRDA:455,53,1,0
BRDA:455,53,2,0
BRDA:468,54,0,0
BRDA:468,54,1,0
BRDA:468,55,0,0
BRDA:468,55,1,0
BRDA:487,56,0,0
BRDA:487,56,1,0
BRDA:489,57,0,0
BRDA:489,57,1,0
BRDA:522,58,0,0
BRDA:522,58,1,0
BRDA:526,59,0,0
BRDA:526,59,1,0
BRDA:532,60,0,0
BRDA:532,60,1,0
BRDA:557,61,0,0
BRDA:557,61,1,0
BRDA:566,62,0,0
BRDA:566,62,1,0
BRDA:579,63,0,0
BRDA:579,63,1,0
BRDA:581,64,0,0
BRDA:581,64,1,0
BRDA:582,65,0,0
BRDA:582,65,1,0
BRDA:583,66,0,0
BRDA:583,66,1,0
BRDA:584,67,0,0
BRDA:584,67,1,0
BRDA:587,68,0,0
BRDA:587,68,1,0
BRDA:592,69,0,0
BRDA:592,69,1,0
BRDA:592,70,0,0
BRDA:592,70,1,0
BRDA:596,71,0,0
BRDA:596,71,1,0
BRDA:596,72,0,0
BRDA:596,72,1,0
BRDA:598,73,0,0
BRDA:598,73,1,0
BRDA:600,74,0,0
BRDA:600,74,1,0
BRDA:613,75,0,0
BRDA:613,75,1,0
BRDA:621,76,0,0
BRDA:621,76,1,0
BRDA:644,77,0,0
BRDA:658,78,0,0
BRDA:658,78,1,0
BRDA:667,79,0,0
BRDA:667,79,1,0
BRDA:678,80,0,0
BRDA:678,80,1,0
BRDA:679,81,0,0
BRDA:679,81,1,0
BRDA:680,82,0,0
BRDA:680,82,1,0
BRDA:681,83,0,0
BRDA:681,83,1,0
BRDA:683,84,0,0
BRDA:683,84,1,0
BRDA:686,85,0,0
BRDA:686,85,1,0
BRDA:695,86,0,0
BRDA:695,86,1,0
BRDA:718,87,0,0
BRDA:730,88,0,0
BRDA:730,88,1,0
BRDA:736,89,0,0
BRDA:736,89,1,0
BRDA:740,90,0,0
BRDA:740,90,1,0
BRDA:742,91,0,0
BRDA:742,91,1,0
BRDA:758,92,0,0
BRDA:758,92,1,0
BRDA:764,93,0,0
BRDA:764,93,1,0
BRF:185
BRH:0
end_of_record
TN:
SF:lib/logger.ts
FN:3,(anonymous_3)
FN:9,(anonymous_4)
FN:17,(anonymous_5)
FN:21,(anonymous_6)
FNF:4
FNH:0
FNDA:0,(anonymous_3)
FNDA:0,(anonymous_4)
FNDA:0,(anonymous_5)
FNDA:0,(anonymous_6)
DA:2,0
DA:4,0
DA:5,0
DA:10,0
DA:12,0
DA:18,0
DA:22,0
DA:26,0
LF:8
LH:0
BRDA:4,0,0,0
BRDA:4,0,1,0
BRDA:5,1,0,0
BRDA:5,1,1,0
BRDA:12,2,0,0
BRDA:12,2,1,0
BRDA:18,3,0,0
BRDA:18,3,1,0
BRDA:22,4,0,0
BRDA:22,4,1,0
BRF:10
BRH:0
end_of_record
TN:
SF:lib/notifications-helper.ts
FN:16,notifyExecutivas
FN:113,(anonymous_2)
FN:116,(anonymous_3)
FNF:3
FNH:0
FNDA:0,notifyExecutivas
FNDA:0,(anonymous_2)
FNDA:0,(anonymous_3)
DA:1,0
DA:16,0
DA:17,0
DA:18,0
DA:21,0
DA:26,0
DA:27,0
DA:28,0
DA:31,0
DA:33,0
DA:34,0
DA:35,0
DA:38,0
DA:39,0
DA:41,0
DA:44,0
DA:45,0
DA:46,0
DA:52,0
DA:53,0
DA:59,0
DA:60,0
DA:69,0
DA:70,0
DA:71,0
DA:72,0
DA:73,0
DA:74,0
DA:75,0
DA:76,0
DA:77,0
DA:81,0
DA:82,0
DA:86,0
DA:106,0
DA:107,0
DA:109,0
DA:113,0
DA:115,0
DA:116,0
DA:125,0
DA:129,0
DA:130,0
DA:132,0
DA:135,0
DA:138,0
DA:141,0
DA:142,0
DA:143,0
DA:160,0
DA:161,0
DA:163,0
DA:166,0
DA:170,0
DA:172,0
DA:173,0
LF:56
LH:0
BRDA:22,0,0,0
BRDA:22,0,1,0
BRDA:26,1,0,0
BRDA:26,1,1,0
BRDA:33,2,0,0
BRDA:33,2,1,0
BRDA:33,3,0,0
BRDA:33,3,1,0
BRDA:45,4,0,0
BRDA:45,4,1,0
BRDA:45,5,0,0
BRDA:45,5,1,0
BRDA:52,6,0,0
BRDA:52,6,1,0
BRDA:59,7,0,0
BRDA:59,7,1,0
BRDA:69,8,0,0
BRDA:69,8,1,0
BRDA:72,9,0,0
BRDA:72,9,1,0
BRDA:75,10,0,0
BRDA:75,10,1,0
BRDA:92,11,0,0
BRDA:92,11,1,0
BRDA:106,12,0,0
BRDA:106,12,1,0
BRDA:115,13,0,0
BRDA:115,13,1,0
BRDA:129,14,0,0
BRDA:129,14,1,0
BRDA:154,15,0,0
BRDA:154,15,1,0
BRDA:155,16,0,0
BRDA:155,16,1,0
BRDA:160,17,0,0
BRDA:160,17,1,0
BRF:36
BRH:0
end_of_record
TN:
SF:lib/notifications-service.ts
FN:77,sendEmailNotification
FN:99,sendSmsNotification
FN:119,interpolateTemplate
FN:124,(anonymous_12)
FN:133,createNotificationJob
FN:161,getPendingNotifications
FN:178,markNotificationAsSent
FN:192,markNotificationAsFailed
FNF:8
FNH:0
FNDA:0,sendEmailNotification
FNDA:0,sendSmsNotification
FNDA:0,interpolateTemplate
FNDA:0,(anonymous_12)
FNDA:0,createNotificationJob
FNDA:0,getPendingNotifications
FNDA:0,markNotificationAsSent
FNDA:0,markNotificationAsFailed
DA:1,0
DA:25,0
DA:77,0
DA:82,0
DA:83,0
DA:84,0
DA:87,0
DA:88,0
DA:91,0
DA:92,0
DA:93,0
DA:99,0
DA:104,0
DA:105,0
DA:106,0
DA:109,0
DA:112,0
DA:113,0
DA:119,0
DA:123,0
DA:124,0
DA:125,0
DA:127,0
DA:133,0
DA:139,0
DA:141,0
DA:154,0
DA:155,0
DA:161,0
DA:162,0
DA:164,0
DA:171,0
DA:172,0
DA:178,0
DA:179,0
DA:181,0
DA:186,0
DA:192,0
DA:193,0
DA:195,0
DA:200,0
LF:41
LH:0
BRDA:83,0,0,0
BRDA:83,0,1,0
BRDA:83,1,0,0
BRDA:83,1,1,0
BRDA:88,2,0,0
BRDA:88,2,1,0
BRDA:105,3,0,0
BRDA:105,3,1,0
BRDA:105,4,0,0
BRDA:105,4,1,0
BRDA:154,5,0,0
BRDA:154,5,1,0
BRDA:171,6,0,0
BRDA:171,6,1,0
BRDA:172,7,0,0
BRDA:172,7,1,0
BRDA:186,8,0,0
BRDA:186,8,1,0
BRDA:200,9,0,0
BRDA:200,9,1,0
BRF:20
BRH:0
end_of_record
TN:
SF:lib/rbac-access-control.ts
FN:126,hasPermission
FN:133,(anonymous_8)
FN:136,getNavigationItems
FN:183,canAccessRoute
FN:217,getUserRoleDisplay
FN:228,getPermissionSummary
FN:231,(anonymous_13)
FNF:7
FNH:0
FNDA:0,hasPermission
FNDA:0,(anonymous_8)
FNDA:0,getNavigationItems
FNDA:0,canAccessRoute
FNDA:0,getUserRoleDisplay
FNDA:0,getPermissionSummary
FNDA:0,(anonymous_13)
DA:12,0
DA:126,0
DA:127,0
DA:128,0
DA:130,0
DA:131,0
DA:133,0
DA:136,0
DA:137,0
DA:139,0
DA:140,0
DA:148,0
DA:149,0
DA:157,0
DA:158,0
DA:164,0
DA:165,0
DA:172,0
DA:173,0
DA:180,0
DA:183,0
DA:185,0
DA:188,0
DA:203,0
DA:204,0
DA:205,0
DA:210,0
DA:211,0
DA:214,0
DA:217,0
DA:218,0
DA:225,0
DA:228,0
DA:229,0
DA:230,0
DA:231,0
DA:233,0
LF:37
LH:0
BRDA:128,0,0,0
BRDA:128,0,1,0
BRDA:131,1,0,0
BRDA:131,1,1,0
BRDA:139,2,0,0
BRDA:139,2,1,0
BRDA:148,3,0,0
BRDA:148,3,1,0
BRDA:157,4,0,0
BRDA:157,4,1,0
BRDA:164,5,0,0
BRDA:164,5,1,0
BRDA:172,6,0,0
BRDA:172,6,1,0
BRDA:185,7,0,0
BRDA:185,7,1,0
BRDA:204,8,0,0
BRDA:204,8,1,0
BRDA:210,9,0,0
BRDA:210,9,1,0
BRDA:210,10,0,0
BRDA:210,10,1,0
BRDA:210,10,2,0
BRDA:230,11,0,0
BRDA:230,11,1,0
BRDA:231,12,0,0
BRDA:231,12,1,0
BRF:27
BRH:0
end_of_record
TN:
SF:lib/report-generator.ts
FN:44,generateReportHTML
FN:278,(anonymous_4)
FN:305,generateReportJSON
FN:329,generateRecommendations
FNF:4
FNH:0
FNDA:0,generateReportHTML
FNDA:0,(anonymous_4)
FNDA:0,generateReportJSON
FNDA:0,generateRecommendations
DA:44,0
DA:45,0
DA:47,0
DA:278,0
DA:305,0
DA:306,0
DA:330,0
DA:332,0
DA:333,0
DA:336,0
DA:337,0
DA:340,0
DA:341,0
DA:344,0
DA:345,0
DA:348,0
DA:349,0
DA:352,0
LF:18
LH:0
BRDA:193,0,0,0
BRDA:193,0,1,0
BRDA:220,1,0,0
BRDA:220,1,1,0
BRDA:220,2,0,0
BRDA:220,2,1,0
BRDA:230,3,0,0
BRDA:230,3,1,0
BRDA:257,4,0,0
BRDA:257,4,1,0
BRDA:257,5,0,0
BRDA:257,5,1,0
BRDA:267,6,0,0
BRDA:267,6,1,0
BRDA:267,7,0,0
BRDA:267,7,1,0
BRDA:282,8,0,0
BRDA:282,8,1,0
BRDA:282,9,0,0
BRDA:282,9,1,0
BRDA:284,10,0,0
BRDA:284,10,1,0
BRDA:332,11,0,0
BRDA:332,11,1,0
BRDA:336,12,0,0
BRDA:336,12,1,0
BRDA:340,13,0,0
BRDA:340,13,1,0
BRDA:344,14,0,0
BRDA:344,14,1,0
BRDA:344,15,0,0
BRDA:344,15,1,0
BRDA:348,16,0,0
BRDA:348,16,1,0
BRDA:348,17,0,0
BRDA:348,17,1,0
BRDA:352,18,0,0
BRDA:352,18,1,0
BRF:38
BRH:0
end_of_record
TN:
SF:lib/risk-matrix-calculator.ts
FN:33,calculateConductorRisk
FN:93,calculateTransportistaRisk
FN:147,getRiskColor
FNF:3
FNH:0
FNDA:0,calculateConductorRisk
FNDA:0,calculateTransportistaRisk
FNDA:0,getRiskColor
DA:33,0
DA:34,0
DA:35,0
DA:38,0
DA:39,0
DA:40,0
DA:44,0
DA:45,0
DA:46,0
DA:48,0
DA:49,0
DA:50,0
DA:52,0
DA:53,0
DA:54,0
DA:55,0
DA:56,0
DA:57,0
DA:58,0
DA:59,0
DA:60,0
DA:68,0
DA:69,0
DA:70,0
DA:71,0
DA:72,0
DA:73,0
DA:75,0
DA:76,0
DA:79,0
DA:93,0
DA:94,0
DA:95,0
DA:98,0
DA:99,0
DA:100,0
DA:104,0
DA:105,0
DA:106,0
DA:110,0
DA:111,0
DA:112,0
DA:116,0
DA:117,0
DA:118,0
DA:125,0
DA:126,0
DA:127,0
DA:128,0
DA:129,0
DA:130,0
DA:132,0
DA:133,0
DA:136,0
DA:147,0
DA:148,0
DA:150,0
DA:152,0
DA:154,0
LF:59
LH:0
BRDA:38,0,0,0
BRDA:38,0,1,0
BRDA:44,1,0,0
BRDA:44,1,1,0
BRDA:52,2,0,0
BRDA:52,2,1,0
BRDA:55,3,0,0
BRDA:55,3,1,0
BRDA:58,4,0,0
BRDA:58,4,1,0
BRDA:68,5,0,0
BRDA:68,5,1,0
BRDA:71,6,0,0
BRDA:71,6,1,0
BRDA:98,7,0,0
BRDA:98,7,1,0
BRDA:104,8,0,0
BRDA:104,8,1,0
BRDA:110,9,0,0
BRDA:110,9,1,0
BRDA:116,10,0,0
BRDA:116,10,1,0
BRDA:125,11,0,0
BRDA:125,11,1,0
BRDA:128,12,0,0
BRDA:128,12,1,0
BRDA:148,13,0,0
BRDA:148,13,1,0
BRDA:148,13,2,0
BRF:29
BRH:0
end_of_record
TN:
SF:lib/sentry.client.ts
FN:8,initializeSentryClient
FN:19,(anonymous_11)
FN:45,captureError
FN:54,captureMessage
FN:61,addBreadcrumb
FN:73,setUserContext
FN:84,clearUserContext
FNF:7
FNH:0
FNDA:0,initializeSentryClient
FNDA:0,(anonymous_11)
FNDA:0,captureError
FNDA:0,captureMessage
FNDA:0,addBreadcrumb
FNDA:0,setUserContext
FNDA:0,clearUserContext
DA:6,0
DA:8,0
DA:9,0
DA:10,0
DA:11,0
DA:14,0
DA:21,0
DA:22,0
DA:25,0
DA:26,0
DA:30,0
DA:31,0
DA:35,0
DA:39,0
DA:45,0
DA:46,0
DA:54,0
DA:55,0
DA:61,0
DA:62,0
DA:73,0
DA:74,0
DA:84,0
DA:85,0
LF:24
LH:0
BRDA:9,0,0,0
BRDA:9,0,1,0
BRDA:16,1,0,0
BRDA:16,1,1,0
BRDA:17,2,0,0
BRDA:17,2,1,0
BRDA:21,3,0,0
BRDA:21,3,1,0
BRDA:25,4,0,0
BRDA:25,4,1,0
BRDA:30,5,0,0
BRDA:30,5,1,0
BRDA:47,6,0,0
BRDA:47,6,1,0
BRDA:54,7,0,0
BRDA:61,8,0,0
BRF:16
BRH:0
end_of_record
TN:
SF:lib/sentry.server.ts
FN:8,initializeSentryServer
FN:19,(anonymous_5)
FNF:2
FNH:0
FNDA:0,initializeSentryServer
FNDA:0,(anonymous_5)
DA:6,0
DA:8,0
DA:9,0
DA:10,0
DA:11,0
DA:14,0
DA:21,0
DA:22,0
DA:25,0
DA:26,0
DA:30,0
DA:31,0
DA:35,0
DA:39,0
LF:14
LH:0
BRDA:9,0,0,0
BRDA:9,0,1,0
BRDA:16,1,0,0
BRDA:16,1,1,0
BRDA:17,2,0,0
BRDA:17,2,1,0
BRDA:21,3,0,0
BRDA:21,3,1,0
BRDA:25,4,0,0
BRDA:25,4,1,0
BRDA:30,5,0,0
BRDA:30,5,1,0
BRF:12
BRH:0
end_of_record
TN:
SF:lib/smart-alerts-generator.ts
FN:2,differenceInDays
FN:7,parseISO
FN:25,generateSmartAlerts
FN:34,(anonymous_7)
FN:102,(anonymous_8)
FN:200,(anonymous_9)
FN:203,getAlertColor
FN:216,getAlertIcon
FNF:8
FNH:0
FNDA:0,differenceInDays
FNDA:0,parseISO
FNDA:0,generateSmartAlerts
FNDA:0,(anonymous_7)
FNDA:0,(anonymous_8)
FNDA:0,(anonymous_9)
FNDA:0,getAlertColor
FNDA:0,getAlertIcon
DA:3,0
DA:4,0
DA:8,0
DA:25,0
DA:29,0
DA:30,0
DA:33,0
DA:34,0
DA:35,0
DA:37,0
DA:38,0
DA:40,0
DA:42,0
DA:54,0
DA:56,0
DA:68,0
DA:70,0
DA:82,0
DA:84,0
DA:101,0
DA:102,0
DA:104,0
DA:105,0
DA:106,0
DA:108,0
DA:109,0
DA:121,0
DA:122,0
DA:134,0
DA:135,0
DA:151,0
DA:152,0
DA:153,0
DA:155,0
DA:156,0
DA:168,0
DA:169,0
DA:181,0
DA:182,0
DA:200,0
DA:203,0
DA:204,0
DA:206,0
DA:208,0
DA:210,0
DA:212,0
DA:216,0
DA:217,0
DA:219,0
DA:221,0
DA:223,0
DA:225,0
LF:52
LH:0
BRDA:33,0,0,0
BRDA:33,0,1,0
BRDA:35,1,0,0
BRDA:35,1,1,0
BRDA:40,2,0,0
BRDA:40,2,1,0
BRDA:54,3,0,0
BRDA:54,3,1,0
BRDA:68,4,0,0
BRDA:68,4,1,0
BRDA:82,5,0,0
BRDA:82,5,1,0
BRDA:101,6,0,0
BRDA:101,6,1,0
BRDA:104,7,0,0
BRDA:104,7,1,0
BRDA:108,8,0,0
BRDA:108,8,1,0
BRDA:121,9,0,0
BRDA:121,9,1,0
BRDA:134,10,0,0
BRDA:134,10,1,0
BRDA:151,11,0,0
BRDA:151,11,1,0
BRDA:155,12,0,0
BRDA:155,12,1,0
BRDA:168,13,0,0
BRDA:168,13,1,0
BRDA:181,14,0,0
BRDA:181,14,1,0
BRDA:204,15,0,0
BRDA:204,15,1,0
BRDA:204,15,2,0
BRDA:204,15,3,0
BRDA:217,16,0,0
BRDA:217,16,1,0
BRDA:217,16,2,0
BRDA:217,16,3,0
BRF:38
BRH:0
end_of_record
TN:
SF:lib/toast-context.tsx
FN:23,ToastProvider
FN:26,(anonymous_4)
FN:30,(anonymous_5)
FN:33,(anonymous_6)
FN:41,(anonymous_7)
FN:42,(anonymous_8)
FN:42,(anonymous_9)
FN:45,(anonymous_10)
FN:56,useToast
FNF:9
FNH:0
FNDA:0,ToastProvider
FNDA:0,(anonymous_4)
FNDA:0,(anonymous_5)
FNDA:0,(anonymous_6)
FNDA:0,(anonymous_7)
FNDA:0,(anonymous_8)
FNDA:0,(anonymous_9)
FNDA:0,(anonymous_10)
FNDA:0,useToast
DA:3,0
DA:21,0
DA:23,0
DA:24,0
DA:26,0
DA:27,0
DA:28,0
DA:30,0
DA:32,0
DA:33,0
DA:34,0
DA:38,0
DA:41,0
DA:42,0
DA:45,0
DA:46,0
DA:56,0
DA:57,0
DA:58,0
DA:59,0
DA:61,0
LF:21
LH:0
BRDA:26,0,0,0
BRDA:32,1,0,0
BRDA:32,1,1,0
BRDA:58,2,0,0
BRDA:58,2,1,0
BRF:5
BRH:0
end_of_record
TN:
SF:lib/utils.ts
FN:4,cn
FNF:1
FNH:0
FNDA:0,cn
DA:1,0
DA:2,0
DA:4,0
DA:5,0
LF:4
LH:0
BRF:0
BRH:0
end_of_record
TN:
SF:lib/validations.ts
FN:4,validateEmail
FN:13,validatePhone
FN:23,validatePlate
FN:33,validateVIN
FN:44,validateRUT
FN:74,validateDateFormat
FN:105,getDaysUntilExpiry
FN:132,validateLicenseClass
FN:141,validateWeightVsLicense
FN:154,validateRUTMatch
FN:163,detectDocumentType
FN:164,(anonymous_25)
FN:192,calculateComplianceScore
FN:196,(anonymous_27)
FN:204,validateF30_1Format
FN:206,(anonymous_29)
FNF:16
FNH:0
FNDA:0,validateEmail
FNDA:0,validatePhone
FNDA:0,validatePlate
FNDA:0,validateVIN
FNDA:0,validateRUT
FNDA:0,validateDateFormat
FNDA:0,getDaysUntilExpiry
FNDA:0,validateLicenseClass
FNDA:0,validateWeightVsLicense
FNDA:0,validateRUTMatch
FNDA:0,detectDocumentType
FNDA:0,(anonymous_25)
FNDA:0,calculateComplianceScore
FNDA:0,(anonymous_27)
FNDA:0,validateF30_1Format
FNDA:0,(anonymous_29)
DA:4,0
DA:5,0
DA:6,0
DA:13,0
DA:14,0
DA:15,0
DA:16,0
DA:23,0
DA:24,0
DA:25,0
DA:26,0
DA:33,0
DA:34,0
DA:35,0
DA:44,0
DA:45,0
DA:48,0
DA:50,0
DA:52,0
DA:53,0
DA:56,0
DA:57,0
DA:59,0
DA:60,0
DA:61,0
DA:64,0
DA:65,0
DA:67,0
DA:74,0
DA:75,0
DA:80,0
DA:81,0
DA:82,0
DA:83,0
DA:86,0
DA:87,0
DA:88,0
DA:89,0
DA:92,0
DA:96,0
DA:98,0
DA:105,0
DA:106,0
DA:108,0
DA:109,0
DA:112,0
DA:113,0
DA:114,0
DA:116,0
DA:117,0
DA:119,0
DA:120,0
DA:121,0
DA:122,0
DA:125,0
DA:132,0
DA:133,0
DA:134,0
DA:141,0
DA:142,0
DA:144,0
DA:145,0
DA:146,0
DA:148,0
DA:154,0
DA:155,0
DA:156,0
DA:157,0
DA:163,0
DA:164,0
DA:167,0
DA:168,0
DA:172,0
DA:173,0
DA:177,0
DA:178,0
DA:182,0
DA:183,0
DA:186,0
DA:192,0
DA:193,0
DA:194,0
DA:196,0
DA:197,0
DA:204,0
DA:205,0
DA:206,0
LF:87
LH:0
BRDA:35,0,0,0
BRDA:35,0,1,0
BRDA:45,1,0,0
BRDA:45,1,1,0
BRDA:50,2,0,0
BRDA:50,2,1,0
BRDA:61,3,0,0
BRDA:61,3,1,0
BRDA:65,4,0,0
BRDA:65,4,1,0
BRDA:65,5,0,0
BRDA:65,5,1,0
BRDA:75,6,0,0
BRDA:75,6,1,0
BRDA:80,7,0,0
BRDA:80,7,1,0
BRDA:82,8,0,0
BRDA:82,8,1,0
BRDA:86,9,0,0
BRDA:86,9,1,0
BRDA:88,10,0,0
BRDA:88,10,1,0
BRDA:96,11,0,0
BRDA:96,11,1,0
BRDA:108,12,0,0
BRDA:108,12,1,0
BRDA:108,13,0,0
BRDA:108,13,1,0
BRDA:119,14,0,0
BRDA:119,14,1,0
BRDA:121,15,0,0
BRDA:121,15,1,0
BRDA:134,16,0,0
BRDA:134,16,1,0
BRDA:142,17,0,0
BRDA:142,17,1,0
BRDA:144,18,0,0
BRDA:144,18,1,0
BRDA:145,19,0,0
BRDA:145,19,1,0
BRDA:146,20,0,0
BRDA:146,20,1,0
BRDA:167,21,0,0
BRDA:167,21,1,0
BRDA:167,22,0,0
BRDA:167,22,1,0
BRDA:167,22,2,0
BRDA:167,22,3,0
BRDA:172,23,0,0
BRDA:172,23,1,0
BRDA:172,24,0,0
BRDA:172,24,1,0
BRDA:172,24,2,0
BRDA:177,25,0,0
BRDA:177,25,1,0
BRDA:177,26,0,0
BRDA:177,26,1,0
BRDA:177,26,2,0
BRDA:182,27,0,0
BRDA:182,27,1,0
BRDA:182,28,0,0
BRDA:182,28,1,0
BRDA:182,28,2,0
BRDA:194,29,0,0
BRDA:194,29,1,0
BRF:65
BRH:0
end_of_record
TN:
SF:lib/anomalies/utils.ts
FN:3,getSeverityColor
FN:13,getSeverityBadgeColor
FN:23,getAnomalyTypeLabel
FNF:3
FNH:3
FNDA:12,getSeverityColor
FNDA:4,getSeverityBadgeColor
FNDA:14,getAnomalyTypeLabel
DA:3,12
DA:4,12
DA:10,12
DA:13,4
DA:14,4
DA:20,4
DA:23,14
DA:24,14
DA:32,14
LF:9
LH:9
BRDA:32,0,0,14
BRDA:32,0,1,2
BRF:2
BRH:2
end_of_record
TN:
SF:lib/data/all-data.ts
FNF:0
FNH:0
DA:4,0
DA:74,0
DA:87,0
LF:3
LH:0
BRF:0
BRH:0
end_of_record
TN:
SF:lib/data/all-drivers.ts
FN:6,loadDriversData
FN:28,(anonymous_4)
FNF:2
FNH:0
FNDA:0,loadDriversData
FNDA:0,(anonymous_4)
DA:4,0
DA:7,0
DA:9,0
DA:11,0
DA:12,0
DA:13,0
DA:14,0
DA:17,0
DA:21,0
DA:24,0
DA:27,0
DA:28,0
DA:29,0
DA:30,0
DA:31,0
DA:36,0
LF:16
LH:0
BRDA:7,0,0,0
BRDA:7,0,1,0
BRDA:12,1,0,0
BRDA:12,1,1,0
BRDA:27,2,0,0
BRDA:27,2,1,0
BRDA:29,3,0,0
BRDA:29,3,1,0
BRDA:29,4,0,0
BRDA:29,4,1,0
BRF:10
BRH:0
end_of_record
TN:
SF:lib/data/all-subcontractors.ts
FN:6,loadSubcontractorsData
FN:28,(anonymous_4)
FNF:2
FNH:0
FNDA:0,loadSubcontractorsData
FNDA:0,(anonymous_4)
DA:4,0
DA:7,0
DA:9,0
DA:11,0
DA:12,0
DA:13,0
DA:14,0
DA:17,0
DA:21,0
DA:24,0
DA:27,0
DA:28,0
DA:29,0
DA:30,0
DA:31,0
DA:36,0
LF:16
LH:0
BRDA:7,0,0,0
BRDA:7,0,1,0
BRDA:12,1,0,0
BRDA:12,1,1,0
BRDA:27,2,0,0
BRDA:27,2,1,0
BRDA:29,3,0,0
BRDA:29,3,1,0
BRDA:29,4,0,0
BRDA:29,4,1,0
BRF:10
BRH:0
end_of_record
TN:
SF:lib/data/monthly-documents.ts
FNF:0
FNH:0
DA:9,0
LF:1
LH:0
BRF:0
BRH:0
end_of_record
TN:
SF:lib/data/team-members.ts
FNF:0
FNH:0
DA:10,0
LF:1
LH:0
BRF:0
BRH:0
end_of_record
TN:
SF:lib/debug/document-checker.ts
FN:3,debugDocuments
FN:23,(anonymous_2)
FNF:2
FNH:0
FNDA:0,debugDocuments
FNDA:0,(anonymous_2)
DA:1,0
DA:3,0
DA:4,0
DA:5,0
DA:7,0
DA:10,0
DA:15,0
DA:16,0
DA:17,0
DA:20,0
DA:22,0
DA:23,0
DA:24,0
DA:39,0
DA:41,0
LF:15
LH:0
BRDA:15,0,0,0
BRDA:15,0,1,0
BRDA:22,1,0,0
BRDA:22,1,1,0
BRDA:22,2,0,0
BRDA:22,2,1,0
BRDA:31,3,0,0
BRDA:31,3,1,0
BRDA:32,4,0,0
BRDA:32,4,1,0
BRF:10
BRH:0
end_of_record
TN:
SF:lib/middleware/csrf.ts
FN:21,generateCsrfToken
FN:28,setCsrfTokenCookie
FN:44,verifyCsrfToken
FN:74,csrfProtectionMiddleware
FN:84,(anonymous_10)
FNF:5
FNH:0
FNDA:0,generateCsrfToken
FNDA:0,setCsrfTokenCookie
FNDA:0,verifyCsrfToken
FNDA:0,csrfProtectionMiddleware
FNDA:0,(anonymous_10)
DA:11,0
DA:12,0
DA:14,0
DA:15,0
DA:16,0
DA:21,0
DA:22,0
DA:28,0
DA:29,0
DA:30,0
DA:44,0
DA:46,0
DA:48,0
DA:49,0
DA:53,0
DA:54,0
DA:56,0
DA:57,0
DA:61,0
DA:62,0
DA:64,0
DA:65,0
DA:68,0
DA:74,0
DA:76,0
DA:77,0
DA:78,0
DA:82,0
DA:83,0
DA:84,0
DA:85,0
DA:88,0
DA:89,0
DA:91,0
DA:92,0
LF:35
LH:0
BRDA:48,0,0,0
BRDA:48,0,1,0
BRDA:56,1,0,0
BRDA:56,1,1,0
BRDA:64,2,0,0
BRDA:64,2,1,0
BRDA:77,3,0,0
BRDA:77,3,1,0
BRDA:84,4,0,0
BRDA:84,4,1,0
BRDA:91,5,0,0
BRDA:91,5,1,0
BRF:12
BRH:0
end_of_record
TN:
SF:lib/middleware/rate-limit.ts
FN:29,getClientIp
FN:58,rateLimit
FN:116,resetRateLimit
FN:124,getRateLimitStatus
FN:135,cleanupExpiredEntries
FN:150,(anonymous_10)
FNF:6
FNH:0
FNDA:0,getClientIp
FNDA:0,rateLimit
FNDA:0,resetRateLimit
FNDA:0,getRateLimitStatus
FNDA:0,cleanupExpiredEntries
FNDA:0,(anonymous_10)
DA:11,0
DA:21,0
DA:31,0
DA:32,0
DA:33,0
DA:37,0
DA:38,0
DA:39,0
DA:43,0
DA:44,0
DA:45,0
DA:48,0
DA:58,0
DA:70,0
DA:72,0
DA:73,0
DA:74,0
DA:75,0
DA:78,0
DA:80,0
DA:82,0
DA:83,0
DA:85,0
DA:93,0
DA:96,0
DA:97,0
DA:98,0
DA:101,0
DA:102,0
DA:103,0
DA:106,0
DA:116,0
DA:117,0
DA:118,0
DA:124,0
DA:128,0
DA:129,0
DA:135,0
DA:136,0
DA:137,0
DA:139,0
DA:140,0
DA:141,0
DA:142,0
DA:146,0
DA:150,0
DA:151,0
DA:152,0
DA:153,0
LF:49
LH:0
BRDA:32,0,0,0
BRDA:32,0,1,0
BRDA:38,1,0,0
BRDA:38,1,1,0
BRDA:44,2,0,0
BRDA:44,2,1,0
BRDA:60,3,0,0
BRDA:67,4,0,0
BRDA:68,5,0,0
BRDA:69,6,0,0
BRDA:80,7,0,0
BRDA:80,7,1,0
BRDA:80,8,0,0
BRDA:80,8,1,0
BRDA:96,9,0,0
BRDA:96,9,1,0
BRDA:116,10,0,0
BRDA:126,11,0,0
BRDA:129,12,0,0
BRDA:129,12,1,0
BRDA:140,13,0,0
BRDA:140,13,1,0
BRDA:152,14,0,0
BRDA:152,14,1,0
BRF:24
BRH:0
end_of_record
TN:
SF:lib/operations/alert-system.ts
FN:37,generateAlerts
FN:145,generateAlertsBatch
FN:173,getCriticalAlerts
FN:174,(anonymous_11)
FN:180,getWarningAlerts
FN:181,(anonymous_13)
FN:187,getAlertsByEntity
FN:188,(anonymous_15)
FN:195,sortAlertsByUrgency
FN:196,(anonymous_17)
FN:215,formatAlert
FNF:11
FNH:0
FNDA:0,generateAlerts
FNDA:0,generateAlertsBatch
FNDA:0,getCriticalAlerts
FNDA:0,(anonymous_11)
FNDA:0,getWarningAlerts
FNDA:0,(anonymous_13)
FNDA:0,getAlertsByEntity
FNDA:0,(anonymous_15)
FNDA:0,sortAlertsByUrgency
FNDA:0,(anonymous_17)
FNDA:0,formatAlert
DA:37,0
DA:45,0
DA:46,0
DA:49,0
DA:50,0
DA:51,0
DA:64,0
DA:65,0
DA:78,0
DA:79,0
DA:96,0
DA:97,0
DA:98,0
DA:99,0
DA:100,0
DA:101,0
DA:102,0
DA:105,0
DA:123,0
DA:124,0
DA:139,0
DA:145,0
DA:155,0
DA:156,0
DA:157,0
DA:165,0
DA:167,0
DA:173,0
DA:174,0
DA:180,0
DA:181,0
DA:187,0
DA:188,0
DA:195,0
DA:196,0
DA:198,0
DA:199,0
DA:203,0
DA:204,0
DA:208,0
DA:215,0
DA:220,0
DA:238,0
LF:43
LH:0
BRDA:50,0,0,0
BRDA:50,0,1,0
BRDA:64,1,0,0
BRDA:64,1,1,0
BRDA:78,2,0,0
BRDA:78,2,1,0
BRDA:97,3,0,0
BRDA:97,3,1,0
BRDA:99,4,0,0
BRDA:99,4,1,0
BRDA:101,5,0,0
BRDA:101,5,1,0
BRDA:117,6,0,0
BRDA:117,6,1,0
BRDA:117,7,0,0
BRDA:117,7,1,0
BRDA:123,8,0,0
BRDA:123,8,1,0
BRDA:198,9,0,0
BRDA:198,9,1,0
BRDA:199,10,0,0
BRDA:199,10,1,0
BRDA:203,11,0,0
BRDA:203,11,1,0
BRDA:203,12,0,0
BRDA:203,12,1,0
BRF:26
BRH:0
end_of_record
TN:
SF:lib/operations/alert-triggers.ts
FN:19,logAlert
FN:96,triggerDocumentUploadedAlert
FN:111,triggerDocumentApprovedAlert
FN:126,triggerDocumentRejectedAlert
FN:141,triggerDocumentExpiringAlert
FN:154,triggerDriverAddedAlert
FN:169,triggerDocumentStatusAlert
FN:194,triggerSubcontractorDocumentUploadedAlert
FN:209,triggerSystemAlert
FNF:9
FNH:0
FNDA:0,logAlert
FNDA:0,triggerDocumentUploadedAlert
FNDA:0,triggerDocumentApprovedAlert
FNDA:0,triggerDocumentRejectedAlert
FNDA:0,triggerDocumentExpiringAlert
FNDA:0,triggerDriverAddedAlert
FNDA:0,triggerDocumentStatusAlert
FNDA:0,triggerSubcontractorDocumentUploadedAlert
FNDA:0,triggerSystemAlert
DA:3,0
DA:19,0
DA:20,0
DA:21,0
DA:29,0
DA:32,0
DA:35,0
DA:42,0
DA:49,0
DA:61,0
DA:63,0
DA:68,0
DA:69,0
DA:70,0
DA:76,0
DA:78,0
DA:85,0
DA:86,0
DA:96,0
DA:97,0
DA:111,0
DA:112,0
DA:126,0
DA:127,0
DA:141,0
DA:142,0
DA:154,0
DA:155,0
DA:169,0
DA:175,0
DA:176,0
DA:177,0
DA:178,0
DA:179,0
DA:180,0
DA:194,0
DA:195,0
DA:209,0
DA:210,0
LF:39
LH:0
BRDA:32,0,0,0
BRDA:32,0,1,0
BRDA:53,1,0,0
BRDA:53,1,1,0
BRDA:54,2,0,0
BRDA:54,2,1,0
BRDA:55,3,0,0
BRDA:55,3,1,0
BRDA:68,4,0,0
BRDA:68,4,1,0
BRDA:88,5,0,0
BRDA:88,5,1,0
BRDA:100,6,0,0
BRDA:100,6,1,0
BRDA:104,7,0,0
BRDA:104,7,1,0
BRDA:115,8,0,0
BRDA:115,8,1,0
BRDA:119,9,0,0
BRDA:119,9,1,0
BRDA:130,10,0,0
BRDA:130,10,1,0
BRDA:134,11,0,0
BRDA:134,11,1,0
BRDA:143,12,0,0
BRDA:143,12,1,0
BRDA:175,13,0,0
BRDA:175,13,1,0
BRDA:177,14,0,0
BRDA:177,14,1,0
BRDA:178,15,0,0
BRDA:178,15,1,0
BRDA:179,16,0,0
BRDA:179,16,1,0
BRDA:198,17,0,0
BRDA:198,17,1,0
BRDA:202,18,0,0
BRDA:202,18,1,0
BRF:38
BRH:0
end_of_record
TN:
SF:lib/operations/status-engine.ts
FN:39,calculateStatus
FN:119,calculateStatusBatch
FN:139,summarizeStatus
FN:142,(anonymous_9)
FN:143,(anonymous_10)
FN:144,(anonymous_11)
FN:146,(anonymous_12)
FN:162,getBlockedEntities
FN:163,(anonymous_14)
FN:169,getRiskEntities
FN:170,(anonymous_16)
FNF:11
FNH:0
FNDA:0,calculateStatus
FNDA:0,calculateStatusBatch
FNDA:0,summarizeStatus
FNDA:0,(anonymous_9)
FNDA:0,(anonymous_10)
FNDA:0,(anonymous_11)
FNDA:0,(anonymous_12)
FNDA:0,getBlockedEntities
FNDA:0,(anonymous_14)
FNDA:0,getRiskEntities
FNDA:0,(anonymous_16)
DA:39,0
DA:40,0
DA:41,0
DA:42,0
DA:45,0
DA:46,0
DA:47,0
DA:51,0
DA:52,0
DA:53,0
DA:54,0
DA:55,0
DA:56,0
DA:57,0
DA:58,0
DA:59,0
DA:60,0
DA:61,0
DA:62,0
DA:63,0
DA:64,0
DA:65,0
DA:72,0
DA:73,0
DA:74,0
DA:76,0
DA:77,0
DA:78,0
DA:80,0
DA:84,0
DA:85,0
DA:86,0
DA:87,0
DA:88,0
DA:89,0
DA:90,0
DA:91,0
DA:92,0
DA:98,0
DA:101,0
DA:102,0
DA:103,0
DA:104,0
DA:105,0
DA:108,0
DA:119,0
DA:120,0
DA:121,0
DA:122,0
DA:124,0
DA:139,0
DA:140,0
DA:142,0
DA:143,0
DA:144,0
DA:145,0
DA:146,0
DA:147,0
DA:149,0
DA:162,0
DA:163,0
DA:169,0
DA:170,0
LF:63
LH:0
BRDA:45,0,0,0
BRDA:45,0,1,0
BRDA:51,1,0,0
BRDA:51,1,1,0
BRDA:51,2,0,0
BRDA:51,2,1,0
BRDA:53,3,0,0
BRDA:53,3,1,0
BRDA:56,4,0,0
BRDA:56,4,1,0
BRDA:59,5,0,0
BRDA:59,5,1,0
BRDA:60,6,0,0
BRDA:60,6,1,0
BRDA:63,7,0,0
BRDA:63,7,1,0
BRDA:72,8,0,0
BRDA:72,8,1,0
BRDA:84,9,0,0
BRDA:84,9,1,0
BRDA:87,10,0,0
BRDA:87,10,1,0
BRDA:90,11,0,0
BRDA:90,11,1,0
BRDA:102,12,0,0
BRDA:102,12,1,0
BRDA:104,13,0,0
BRDA:104,13,1,0
BRDA:146,14,0,0
BRDA:146,14,1,0
BRDA:147,15,0,0
BRDA:147,15,1,0
BRF:32
BRH:0
end_of_record
TN:
SF:lib/orchestration/index.ts
FN:101,initializeOrchestrationSystem
FN:132,(anonymous_21)
FN:155,(anonymous_22)
FN:162,(anonymous_23)
FN:169,(anonymous_24)
FN:176,(anonymous_25)
FN:183,(anonymous_26)
FN:190,(anonymous_27)
FN:197,(anonymous_28)
FN:204,(anonymous_29)
FN:211,(anonymous_30)
FN:218,(anonymous_31)
FN:225,(anonymous_32)
FNF:13
FNH:0
FNDA:0,initializeOrchestrationSystem
FNDA:0,(anonymous_21)
FNDA:0,(anonymous_22)
FNDA:0,(anonymous_23)
FNDA:0,(anonymous_24)
FNDA:0,(anonymous_25)
FNDA:0,(anonymous_26)
FNDA:0,(anonymous_27)
FNDA:0,(anonymous_28)
FNDA:0,(anonymous_29)
FNDA:0,(anonymous_30)
FNDA:0,(anonymous_31)
FNDA:0,(anonymous_32)
DA:8,0
DA:9,0
DA:10,0
DA:11,0
DA:17,0
DA:21,0
DA:22,0
DA:27,0
DA:31,0
DA:32,0
DA:33,0
DA:34,0
DA:39,0
DA:43,0
DA:44,0
DA:45,0
DA:46,0
DA:47,0
DA:48,0
DA:49,0
DA:101,0
DA:102,0
DA:104,0
DA:105,0
DA:106,0
DA:107,0
DA:109,0
DA:110,0
DA:111,0
DA:112,0
DA:113,0
DA:114,0
DA:115,0
DA:116,0
DA:118,0
DA:120,0
DA:121,0
DA:128,0
DA:139,0
DA:148,0
DA:149,0
DA:156,0
DA:163,0
DA:170,0
DA:177,0
DA:184,0
DA:191,0
DA:198,0
DA:205,0
DA:212,0
DA:219,0
DA:226,0
DA:233,0
LF:53
LH:0
BRDA:137,0,0,0
BRDA:218,1,0,0
BRDA:225,2,0,0
BRF:3
BRH:0
end_of_record
TN:
SF:lib/orchestration/integration-guide.ts
FN:22,(anonymous_7)
FN:46,(anonymous_8)
FN:55,(anonymous_9)
FN:64,(anonymous_10)
FN:74,(anonymous_11)
FN:79,(anonymous_12)
FN:84,(anonymous_13)
FN:99,(anonymous_15)
FN:109,(anonymous_16)
FN:115,(anonymous_17)
FN:124,(anonymous_18)
FN:129,(anonymous_19)
FN:134,(anonymous_20)
FN:149,(anonymous_22)
FN:158,(anonymous_23)
FN:164,(anonymous_24)
FN:171,(anonymous_25)
FN:176,(anonymous_26)
FN:180,(anonymous_27)
FN:188,demonstrateModuleIntegration
FNF:20
FNH:0
FNDA:0,(anonymous_7)
FNDA:0,(anonymous_8)
FNDA:0,(anonymous_9)
FNDA:0,(anonymous_10)
FNDA:0,(anonymous_11)
FNDA:0,(anonymous_12)
FNDA:0,(anonymous_13)
FNDA:0,(anonymous_15)
FNDA:0,(anonymous_16)
FNDA:0,(anonymous_17)
FNDA:0,(anonymous_18)
FNDA:0,(anonymous_19)
FNDA:0,(anonymous_20)
FNDA:0,(anonymous_22)
FNDA:0,(anonymous_23)
FNDA:0,(anonymous_24)
FNDA:0,(anonymous_25)
FNDA:0,(anonymous_26)
FNDA:0,(anonymous_27)
FNDA:0,demonstrateModuleIntegration
DA:6,0
DA:8,0
DA:10,0
DA:17,0
DA:18,0
DA:19,0
DA:20,0
DA:23,0
DA:26,0
DA:28,0
DA:31,0
DA:42,0
DA:47,0
DA:48,0
DA:56,0
DA:57,0
DA:58,0
DA:59,0
DA:61,0
DA:65,0
DA:76,0
DA:81,0
DA:86,0
DA:94,0
DA:95,0
DA:96,0
DA:97,0
DA:100,0
DA:102,0
DA:104,0
DA:110,0
DA:111,0
DA:116,0
DA:117,0
DA:118,0
DA:119,0
DA:121,0
DA:126,0
DA:131,0
DA:136,0
DA:144,0
DA:145,0
DA:146,0
DA:147,0
DA:150,0
DA:152,0
DA:154,0
DA:159,0
DA:160,0
DA:165,0
DA:166,0
DA:168,0
DA:173,0
DA:177,0
DA:181,0
DA:188,0
DA:189,0
DA:192,0
DA:193,0
DA:194,0
DA:195,0
DA:198,0
DA:208,0
DA:209,0
DA:220,0
DA:223,0
DA:226,0
DA:227,0
DA:232,0
DA:237,0
DA:238,0
DA:241,0
DA:242,0
DA:249,0
DA:252,0
DA:253,0
DA:254,0
DA:256,0
DA:257,0
DA:260,0
DA:261,0
DA:262,0
DA:268,0
DA:321,0
LF:84
LH:0
BRDA:26,0,0,0
BRDA:26,0,1,0
BRDA:26,1,0,0
BRDA:26,1,1,0
BRDA:47,2,0,0
BRDA:47,2,1,0
BRDA:56,3,0,0
BRDA:56,3,1,0
BRDA:58,4,0,0
BRDA:58,4,1,0
BRDA:102,5,0,0
BRDA:102,5,1,0
BRDA:110,6,0,0
BRDA:110,6,1,0
BRDA:116,7,0,0
BRDA:116,7,1,0
BRDA:118,8,0,0
BRDA:118,8,1,0
BRDA:119,9,0,0
BRDA:119,9,1,0
BRDA:152,10,0,0
BRDA:152,10,1,0
BRDA:159,11,0,0
BRDA:159,11,1,0
BRDA:165,12,0,0
BRDA:165,12,1,0
BRF:26
BRH:0
end_of_record
TN:
SF:lib/orchestration/inter-module-protocol.ts
FN:71,(anonymous_5)
FN:75,(anonymous_6)
FN:79,(anonymous_7)
FN:84,(anonymous_8)
FN:92,(anonymous_9)
FN:113,(anonymous_10)
FN:121,(anonymous_11)
FN:126,(anonymous_12)
FN:127,(anonymous_13)
FN:152,(anonymous_14)
FN:184,(anonymous_15)
FN:217,(anonymous_16)
FN:249,(anonymous_17)
FN:266,(anonymous_18)
FN:273,(anonymous_19)
FN:276,(anonymous_20)
FN:280,(anonymous_21)
FN:288,(anonymous_22)
FN:301,(anonymous_23)
FN:322,TrackedCall
FN:325,(anonymous_26)
FNF:21
FNH:0
FNDA:0,(anonymous_5)
FNDA:0,(anonymous_6)
FNDA:0,(anonymous_7)
FNDA:0,(anonymous_8)
FNDA:0,(anonymous_9)
FNDA:0,(anonymous_10)
FNDA:0,(anonymous_11)
FNDA:0,(anonymous_12)
FNDA:0,(anonymous_13)
FNDA:0,(anonymous_14)
FNDA:0,(anonymous_15)
FNDA:0,(anonymous_16)
FNDA:0,(anonymous_17)
FNDA:0,(anonymous_18)
FNDA:0,(anonymous_19)
FNDA:0,(anonymous_20)
FNDA:0,(anonymous_21)
FNDA:0,(anonymous_22)
FNDA:0,(anonymous_23)
FNDA:0,TrackedCall
FNDA:0,(anonymous_26)
DA:66,0
DA:72,0
DA:76,0
DA:80,0
DA:81,0
DA:85,0
DA:93,0
DA:100,0
DA:101,0
DA:102,0
DA:114,0
DA:115,0
DA:122,0
DA:124,0
DA:125,0
DA:126,0
DA:128,0
DA:129,0
DA:131,0
DA:138,0
DA:140,0
DA:153,0
DA:154,0
DA:155,0
DA:158,0
DA:162,0
DA:163,0
DA:164,0
DA:165,0
DA:173,0
DA:177,0
DA:185,0
DA:186,0
DA:187,0
DA:190,0
DA:194,0
DA:195,0
DA:196,0
DA:197,0
DA:204,0
DA:206,0
DA:210,0
DA:221,0
DA:222,0
DA:223,0
DA:230,0
DA:231,0
DA:232,0
DA:238,0
DA:250,0
DA:252,0
DA:253,0
DA:254,0
DA:256,0
DA:260,0
DA:267,0
DA:274,0
DA:276,0
DA:279,0
DA:281,0
DA:282,0
DA:287,0
DA:289,0
DA:290,0
DA:295,0
DA:301,0
DA:322,0
DA:323,0
DA:325,0
DA:326,0
DA:327,0
DA:329,0
DA:330,0
DA:331,0
DA:332,0
DA:335,0
DA:337,0
DA:341,0
DA:345,0
DA:349,0
LF:80
LH:0
BRDA:154,0,0,0
BRDA:154,0,1,0
BRDA:186,1,0,0
BRDA:186,1,1,0
BRDA:222,2,0,0
BRDA:222,2,1,0
BRDA:240,3,0,0
BRDA:240,3,1,0
BRDA:266,4,0,0
BRDA:276,5,0,0
BRDA:276,5,1,0
BRDA:281,6,0,0
BRDA:281,6,1,0
BRDA:289,7,0,0
BRDA:289,7,1,0
BRDA:327,8,0,0
BRDA:327,8,1,0
BRDA:327,8,2,0
BRF:18
BRH:0
end_of_record
TN:
SF:lib/orchestration/module-orchestrator.ts
FN:86,(anonymous_5)
FN:93,(anonymous_6)
FN:100,(anonymous_7)
FN:109,(anonymous_8)
FN:112,(anonymous_9)
FN:125,(anonymous_11)
FN:130,(anonymous_12)
FN:149,(anonymous_13)
FN:155,(anonymous_14)
FN:167,(anonymous_16)
FN:191,(anonymous_17)
FN:194,(anonymous_18)
FN:195,(anonymous_19)
FN:204,(anonymous_20)
FN:219,(anonymous_21)
FN:220,(anonymous_22)
FN:225,(anonymous_23)
FN:232,(anonymous_24)
FN:233,(anonymous_25)
FN:256,(anonymous_26)
FN:263,(anonymous_27)
FN:265,(anonymous_28)
FN:281,(anonymous_29)
FN:292,(anonymous_30)
FN:298,(anonymous_31)
FN:307,(anonymous_32)
FN:326,(anonymous_33)
FN:361,(anonymous_34)
FN:366,(anonymous_35)
FN:371,(anonymous_36)
FN:379,(anonymous_37)
FN:389,(anonymous_38)
FN:402,(anonymous_39)
FN:409,(anonymous_40)
FN:418,createModuleEvent
FN:437,createModuleAction
FNF:36
FNH:0
FNDA:0,(anonymous_5)
FNDA:0,(anonymous_6)
FNDA:0,(anonymous_7)
FNDA:0,(anonymous_8)
FNDA:0,(anonymous_9)
FNDA:0,(anonymous_11)
FNDA:0,(anonymous_12)
FNDA:0,(anonymous_13)
FNDA:0,(anonymous_14)
FNDA:0,(anonymous_16)
FNDA:0,(anonymous_17)
FNDA:0,(anonymous_18)
FNDA:0,(anonymous_19)
FNDA:0,(anonymous_20)
FNDA:0,(anonymous_21)
FNDA:0,(anonymous_22)
FNDA:0,(anonymous_23)
FNDA:0,(anonymous_24)
FNDA:0,(anonymous_25)
FNDA:0,(anonymous_26)
FNDA:0,(anonymous_27)
FNDA:0,(anonymous_28)
FNDA:0,(anonymous_29)
FNDA:0,(anonymous_30)
FNDA:0,(anonymous_31)
FNDA:0,(anonymous_32)
FNDA:0,(anonymous_33)
FNDA:0,(anonymous_34)
FNDA:0,(anonymous_35)
FNDA:0,(anonymous_36)
FNDA:0,(anonymous_37)
FNDA:0,(anonymous_38)
FNDA:0,(anonymous_39)
FNDA:0,(anonymous_40)
FNDA:0,createModuleEvent
FNDA:0,createModuleAction
DA:10,0
DA:82,0
DA:83,0
DA:84,0
DA:87,0
DA:88,0
DA:90,0
DA:94,0
DA:95,0
DA:96,0
DA:99,0
DA:100,0
DA:101,0
DA:102,0
DA:104,0
DA:110,0
DA:111,0
DA:112,0
DA:114,0
DA:122,0
DA:123,0
DA:126,0
DA:127,0
DA:131,0
DA:133,0
DA:134,0
DA:135,0
DA:136,0
DA:137,0
DA:139,0
DA:140,0
DA:142,0
DA:143,0
DA:146,0
DA:151,0
DA:152,0
DA:156,0
DA:168,0
DA:171,0
DA:174,0
DA:175,0
DA:176,0
DA:180,0
DA:181,0
DA:182,0
DA:186,0
DA:187,0
DA:188,0
DA:191,0
DA:195,0
DA:196,0
DA:197,0
DA:199,0
DA:200,0
DA:208,0
DA:220,0
DA:221,0
DA:225,0
DA:233,0
DA:234,0
DA:249,0
DA:253,0
DA:254,0
DA:257,0
DA:258,0
DA:259,0
DA:260,0
DA:264,0
DA:265,0
DA:266,0
DA:282,0
DA:283,0
DA:284,0
DA:287,0
DA:288,0
DA:289,0
DA:292,0
DA:299,0
DA:300,0
DA:301,0
DA:308,0
DA:310,0
DA:312,0
DA:313,0
DA:315,0
DA:316,0
DA:318,0
DA:319,0
DA:321,0
DA:322,0
DA:328,0
DA:330,0
DA:332,0
DA:338,0
DA:339,0
DA:356,0
DA:362,0
DA:367,0
DA:372,0
DA:380,0
DA:381,0
DA:382,0
DA:390,0
DA:403,0
DA:410,0
DA:415,0
DA:418,0
DA:425,0
DA:437,0
DA:443,0
LF:110
LH:0
BRDA:87,0,0,0
BRDA:87,0,1,0
BRDA:95,1,0,0
BRDA:95,1,1,0
BRDA:99,2,0,0
BRDA:99,2,1,0
BRDA:109,3,0,0
BRDA:111,4,0,0
BRDA:111,4,1,0
BRDA:131,5,0,0
BRDA:131,5,1,0
BRDA:131,6,0,0
BRDA:131,6,1,0
BRDA:143,7,0,0
BRDA:143,7,1,0
BRDA:174,8,0,0
BRDA:174,8,1,0
BRDA:175,9,0,0
BRDA:175,9,1,0
BRDA:180,10,0,0
BRDA:180,10,1,0
BRDA:181,11,0,0
BRDA:181,11,1,0
BRDA:186,12,0,0
BRDA:186,12,1,0
BRDA:187,13,0,0
BRDA:187,13,1,0
BRDA:196,14,0,0
BRDA:196,14,1,0
BRDA:220,15,0,0
BRDA:220,15,1,0
BRDA:223,16,0,0
BRDA:223,16,1,0
BRDA:310,17,0,0
BRDA:310,17,1,0
BRDA:310,17,2,0
BRDA:310,17,3,0
BRDA:338,18,0,0
BRDA:338,18,1,0
BRDA:381,19,0,0
BRDA:381,19,1,0
BRDA:402,20,0,0
BRDA:423,21,0,0
BRF:43
BRH:0
end_of_record
TN:
SF:lib/orchestration/practical-example.ts
FN:19,(anonymous_11)
FN:39,(anonymous_12)
FN:57,(anonymous_13)
FN:62,(anonymous_14)
FN:76,(anonymous_15)
FN:90,(anonymous_16)
FN:97,(anonymous_17)
FN:107,(anonymous_18)
FN:113,(anonymous_19)
FN:138,(anonymous_20)
FN:145,(anonymous_21)
FN:155,(anonymous_22)
FN:163,(anonymous_23)
FN:187,(anonymous_24)
FN:194,(anonymous_25)
FN:204,setupOrchestrationSystem
FN:221,useOrchestration
FN:224,(anonymous_28)
FN:229,(anonymous_29)
FN:230,(anonymous_30)
FN:231,(anonymous_31)
FN:235,(anonymous_32)
FN:236,(anonymous_33)
FN:249,monitorSystemHealth
FN:250,(anonymous_35)
FN:263,(anonymous_36)
FN:273,handleDocumentUploadAPI
FN:310,uploadToStorage
FNF:28
FNH:0
FNDA:0,(anonymous_11)
FNDA:0,(anonymous_12)
FNDA:0,(anonymous_13)
FNDA:0,(anonymous_14)
FNDA:0,(anonymous_15)
FNDA:0,(anonymous_16)
FNDA:0,(anonymous_17)
FNDA:0,(anonymous_18)
FNDA:0,(anonymous_19)
FNDA:0,(anonymous_20)
FNDA:0,(anonymous_21)
FNDA:0,(anonymous_22)
FNDA:0,(anonymous_23)
FNDA:0,(anonymous_24)
FNDA:0,(anonymous_25)
FNDA:0,setupOrchestrationSystem
FNDA:0,useOrchestration
FNDA:0,(anonymous_28)
FNDA:0,(anonymous_29)
FNDA:0,(anonymous_30)
FNDA:0,(anonymous_31)
FNDA:0,(anonymous_32)
FNDA:0,(anonymous_33)
FNDA:0,monitorSystemHealth
FNDA:0,(anonymous_35)
FNDA:0,(anonymous_36)
FNDA:0,handleDocumentUploadAPI
FNDA:0,uploadToStorage
DA:7,0
DA:13,0
DA:18,0
DA:20,0
DA:23,0
DA:25,0
DA:28,0
DA:39,0
DA:40,0
DA:43,0
DA:57,0
DA:58,0
DA:64,0
DA:75,0
DA:77,0
DA:79,0
DA:81,0
DA:84,0
DA:85,0
DA:91,0
DA:92,0
DA:94,0
DA:98,0
DA:99,0
DA:104,0
DA:109,0
DA:111,0
DA:113,0
DA:114,0
DA:134,0
DA:139,0
DA:140,0
DA:141,0
DA:142,0
DA:147,0
DA:154,0
DA:156,0
DA:158,0
DA:159,0
DA:165,0
DA:166,0
DA:172,0
DA:174,0
DA:181,0
DA:183,0
DA:189,0
DA:190,0
DA:191,0
DA:196,0
DA:197,0
DA:204,0
DA:205,0
DA:208,0
DA:211,0
DA:212,0
DA:213,0
DA:215,0
DA:221,0
DA:222,0
DA:225,0
DA:229,0
DA:230,0
DA:232,0
DA:235,0
DA:237,0
DA:249,0
DA:251,0
DA:252,0
DA:253,0
DA:255,0
DA:256,0
DA:257,0
DA:258,0
DA:259,0
DA:260,0
DA:263,0
DA:264,0
DA:265,0
DA:273,0
DA:274,0
DA:275,0
DA:278,0
DA:281,0
DA:302,0
DA:304,0
DA:305,0
DA:311,0
LF:87
LH:0
BRDA:23,0,0,0
BRDA:23,0,1,0
BRDA:23,1,0,0
BRDA:23,1,1,0
BRDA:35,2,0,0
BRDA:35,2,1,0
BRDA:79,3,0,0
BRDA:79,3,1,0
BRDA:91,4,0,0
BRDA:91,4,1,0
BRDA:104,5,0,0
BRDA:104,5,1,0
BRDA:111,6,0,0
BRDA:111,6,1,0
BRDA:158,7,0,0
BRDA:158,7,1,0
BRDA:158,8,0,0
BRDA:158,8,1,0
BRDA:172,9,0,0
BRDA:172,9,1,0
BRDA:181,10,0,0
BRDA:181,10,1,0
BRDA:225,11,0,0
BRDA:225,11,1,0
BRDA:264,12,0,0
BRDA:264,12,1,0
BRF:26
BRH:0
end_of_record
TN:
SF:lib/orchestration/shared-intelligence.ts
FN:76,(anonymous_3)
FN:91,(anonymous_4)
FN:97,(anonymous_5)
FN:105,(anonymous_6)
FN:109,(anonymous_7)
FN:117,(anonymous_8)
FN:123,(anonymous_9)
FN:133,(anonymous_10)
FN:137,(anonymous_11)
FN:149,(anonymous_12)
FN:150,(anonymous_13)
FN:158,(anonymous_14)
FN:159,(anonymous_15)
FN:197,(anonymous_16)
FN:202,(anonymous_17)
FN:229,(anonymous_18)
FN:257,(anonymous_19)
FN:263,(anonymous_20)
FN:272,(anonymous_21)
FN:283,(anonymous_22)
FN:288,(anonymous_23)
FN:301,(anonymous_24)
FN:316,(anonymous_25)
FN:320,(anonymous_26)
FN:337,(anonymous_27)
FN:352,(anonymous_28)
FN:365,(anonymous_29)
FN:367,(anonymous_30)
FN:375,(anonymous_31)
FN:377,(anonymous_32)
FN:378,(anonymous_33)
FN:379,(anonymous_34)
FNF:32
FNH:0
FNDA:0,(anonymous_3)
FNDA:0,(anonymous_4)
FNDA:0,(anonymous_5)
FNDA:0,(anonymous_6)
FNDA:0,(anonymous_7)
FNDA:0,(anonymous_8)
FNDA:0,(anonymous_9)
FNDA:0,(anonymous_10)
FNDA:0,(anonymous_11)
FNDA:0,(anonymous_12)
FNDA:0,(anonymous_13)
FNDA:0,(anonymous_14)
FNDA:0,(anonymous_15)
FNDA:0,(anonymous_16)
FNDA:0,(anonymous_17)
FNDA:0,(anonymous_18)
FNDA:0,(anonymous_19)
FNDA:0,(anonymous_20)
FNDA:0,(anonymous_21)
FNDA:0,(anonymous_22)
FNDA:0,(anonymous_23)
FNDA:0,(anonymous_24)
FNDA:0,(anonymous_25)
FNDA:0,(anonymous_26)
FNDA:0,(anonymous_27)
FNDA:0,(anonymous_28)
FNDA:0,(anonymous_29)
FNDA:0,(anonymous_30)
FNDA:0,(anonymous_31)
FNDA:0,(anonymous_32)
FNDA:0,(anonymous_33)
FNDA:0,(anonymous_34)
DA:65,0
DA:66,0
DA:67,0
DA:68,0
DA:69,0
DA:70,0
DA:71,0
DA:77,0
DA:78,0
DA:79,0
DA:83,0
DA:84,0
DA:85,0
DA:92,0
DA:93,0
DA:96,0
DA:97,0
DA:100,0
DA:101,0
DA:105,0
DA:109,0
DA:113,0
DA:117,0
DA:118,0
DA:121,0
DA:123,0
DA:124,0
DA:126,0
DA:128,0
DA:129,0
DA:133,0
DA:137,0
DA:141,0
DA:150,0
DA:153,0
DA:154,0
DA:155,0
DA:156,0
DA:158,0
DA:159,0
DA:162,0
DA:163,0
DA:165,0
DA:166,0
DA:167,0
DA:168,0
DA:173,0
DA:175,0
DA:177,0
DA:178,0
DA:191,0
DA:198,0
DA:201,0
DA:202,0
DA:205,0
DA:206,0
DA:207,0
DA:209,0
DA:211,0
DA:212,0
DA:223,0
DA:228,0
DA:229,0
DA:232,0
DA:233,0
DA:235,0
DA:236,0
DA:237,0
DA:248,0
DA:258,0
DA:261,0
DA:262,0
DA:263,0
DA:264,0
DA:265,0
DA:272,0
DA:273,0
DA:274,0
DA:275,0
DA:282,0
DA:283,0
DA:286,0
DA:287,0
DA:288,0
DA:291,0
DA:292,0
DA:299,0
DA:300,0
DA:301,0
DA:303,0
DA:304,0
DA:310,0
DA:317,0
DA:320,0
DA:321,0
DA:324,0
DA:325,0
DA:326,0
DA:329,0
DA:330,0
DA:337,0
DA:338,0
DA:339,0
DA:340,0
DA:342,0
DA:346,0
DA:353,0
DA:366,0
DA:367,0
DA:368,0
DA:376,0
DA:377,0
DA:378,0
DA:379,0
DA:384,0
LF:115
LH:0
BRDA:78,0,0,0
BRDA:78,0,1,0
BRDA:97,1,0,0
BRDA:97,1,1,0
BRDA:100,2,0,0
BRDA:100,2,1,0
BRDA:121,3,0,0
BRDA:121,3,1,0
BRDA:128,4,0,0
BRDA:128,4,1,0
BRDA:167,5,0,0
BRDA:167,5,1,0
BRDA:173,6,0,0
BRDA:173,6,1,0
BRDA:177,7,0,0
BRDA:177,7,1,0
BRDA:205,8,0,0
BRDA:205,8,1,0
BRDA:209,9,0,0
BRDA:209,9,1,0
BRDA:218,10,0,0
BRDA:218,10,1,0
BRDA:232,11,0,0
BRDA:232,11,1,0
BRDA:235,12,0,0
BRDA:235,12,1,0
BRDA:262,13,0,0
BRDA:262,13,1,0
BRDA:264,14,0,0
BRDA:264,14,1,0
BRDA:273,15,0,0
BRDA:273,15,1,0
BRDA:286,16,0,0
BRDA:286,16,1,0
BRDA:291,17,0,0
BRDA:291,17,1,0
BRDA:299,18,0,0
BRDA:299,18,1,0
BRDA:303,19,0,0
BRDA:303,19,1,0
BRDA:325,20,0,0
BRDA:325,20,1,0
BRDA:329,21,0,0
BRDA:329,21,1,0
BRDA:339,22,0,0
BRDA:339,22,1,0
BRDA:366,23,0,0
BRDA:366,23,1,0
BRDA:376,24,0,0
BRDA:376,24,1,0
BRF:50
BRH:0
end_of_record
TN:
SF:lib/supabase/admin.ts
FN:3,createAdminClient
FNF:1
FNH:0
FNDA:0,createAdminClient
DA:1,0
DA:3,0
DA:4,0
DA:5,0
DA:9,0
DA:10,0
DA:13,0
DA:14,0
DA:17,0
DA:25,0
LF:10
LH:0
BRDA:9,0,0,0
BRDA:9,0,1,0
BRDA:13,1,0,0
BRDA:13,1,1,0
BRF:4
BRH:0
end_of_record
TN:
SF:lib/supabase/auth-conductor.ts
FN:16,getServiceClient
FN:27,normalizeRUT
FN:34,validateRUTChecksum
FN:56,loginConductor
FN:111,hashPassword
FNF:5
FNH:0
FNDA:0,getServiceClient
FNDA:0,normalizeRUT
FNDA:0,validateRUTChecksum
FNDA:0,loginConductor
FNDA:0,hashPassword
DA:1,0
DA:2,0
DA:17,0
DA:18,0
DA:19,0
DA:20,0
DA:28,0
DA:34,0
DA:35,0
DA:36,0
DA:37,0
DA:38,0
DA:39,0
DA:40,0
DA:41,0
DA:42,0
DA:43,0
DA:45,0
DA:46,0
DA:47,0
DA:56,0
DA:60,0
DA:61,0
DA:64,0
DA:70,0
DA:71,0
DA:74,0
DA:75,0
DA:79,0
DA:80,0
DA:81,0
DA:85,0
DA:91,0
DA:92,0
DA:95,0
DA:96,0
DA:99,0
DA:111,0
DA:112,0
DA:113,0
LF:40
LH:0
BRDA:19,0,0,0
BRDA:19,0,1,0
BRDA:19,1,0,0
BRDA:19,1,1,0
BRDA:36,2,0,0
BRDA:36,2,1,0
BRDA:43,3,0,0
BRDA:43,3,1,0
BRDA:46,4,0,0
BRDA:46,4,1,0
BRDA:46,5,0,0
BRDA:46,5,1,0
BRDA:70,6,0,0
BRDA:70,6,1,0
BRDA:70,7,0,0
BRDA:70,7,1,0
BRDA:74,8,0,0
BRDA:74,8,1,0
BRDA:80,9,0,0
BRDA:80,9,1,0
BRDA:91,10,0,0
BRDA:91,10,1,0
BRDA:91,11,0,0
BRDA:91,11,1,0
BRDA:95,12,0,0
BRDA:95,12,1,0
BRDA:103,13,0,0
BRDA:103,13,1,0
BRF:28
BRH:0
end_of_record
TN:
SF:lib/supabase/auth-rut.ts
FN:14,normalizeRUT
FN:21,formatRUT
FN:36,loginByRUT
FNF:3
FNH:0
FNDA:0,normalizeRUT
FNDA:0,formatRUT
FNDA:0,loginByRUT
DA:1,0
DA:15,0
DA:22,0
DA:23,0
DA:24,0
DA:25,0
DA:26,0
DA:36,0
DA:40,0
DA:41,0
DA:42,0
DA:44,0
DA:45,0
DA:47,0
DA:48,0
DA:49,0
DA:50,0
DA:51,0
DA:53,0
DA:55,0
DA:56,0
DA:62,0
DA:64,0
DA:65,0
DA:67,0
DA:68,0
DA:69,0
DA:70,0
DA:73,0
DA:74,0
DA:75,0
DA:76,0
DA:78,0
DA:79,0
DA:80,0
DA:84,0
DA:85,0
DA:86,0
DA:87,0
DA:89,0
DA:90,0
DA:91,0
DA:94,0
DA:96,0
DA:104,0
DA:105,0
DA:106,0
LF:47
LH:0
BRDA:23,0,0,0
BRDA:23,0,1,0
BRDA:41,1,0,0
BRDA:41,1,1,0
BRDA:65,2,0,0
BRDA:65,2,1,0
BRDA:67,3,0,0
BRDA:67,3,1,0
BRDA:67,4,0,0
BRDA:67,4,1,0
BRDA:78,5,0,0
BRDA:78,5,1,0
BRDA:89,6,0,0
BRDA:89,6,1,0
BRDA:100,7,0,0
BRDA:100,7,1,0
BRF:16
BRH:0
end_of_record
TN:
SF:lib/supabase/client.ts
FN:5,createClient
FNF:1
FNH:0
FNDA:0,createClient
DA:1,0
DA:3,0
DA:5,0
DA:7,0
DA:8,0
DA:11,0
DA:12,0
DA:14,0
DA:15,0
DA:21,0
DA:33,0
DA:36,0
DA:38,0
DA:52,0
LF:14
LH:0
BRDA:7,0,0,0
BRDA:7,0,1,0
BRDA:11,1,0,0
BRDA:11,1,1,0
BRDA:12,2,0,0
BRDA:12,2,1,0
BRDA:14,3,0,0
BRDA:14,3,1,0
BRDA:14,4,0,0
BRDA:14,4,1,0
BRDA:16,5,0,0
BRDA:16,5,1,0
BRDA:17,6,0,0
BRDA:17,6,1,0
BRF:14
BRH:0
end_of_record
TN:
SF:lib/supabase/documents.ts
FN:20,uploadDriverDocument
FN:69,uploadSubcontractorDocument
FN:120,getDriverDocuments
FN:142,getSubcontractorDocuments
FN:164,deleteDocument
FN:203,searchDocuments
FN:244,getExpiringDocuments
FNF:7
FNH:0
FNDA:0,uploadDriverDocument
FNDA:0,uploadSubcontractorDocument
FNDA:0,getDriverDocuments
FNDA:0,getSubcontractorDocuments
FNDA:0,deleteDocument
FNDA:0,searchDocuments
FNDA:0,getExpiringDocuments
DA:20,0
DA:26,0
DA:27,0
DA:28,0
DA:31,0
DA:35,0
DA:38,0
DA:43,0
DA:57,0
DA:59,0
DA:61,0
DA:62,0
DA:69,0
DA:76,0
DA:77,0
DA:78,0
DA:81,0
DA:85,0
DA:88,0
DA:93,0
DA:108,0
DA:110,0
DA:112,0
DA:113,0
DA:120,0
DA:124,0
DA:125,0
DA:131,0
DA:132,0
DA:134,0
DA:135,0
DA:142,0
DA:146,0
DA:147,0
DA:153,0
DA:154,0
DA:156,0
DA:157,0
DA:164,0
DA:168,0
DA:170,0
DA:176,0
DA:179,0
DA:180,0
DA:186,0
DA:191,0
DA:193,0
DA:195,0
DA:196,0
DA:203,0
DA:212,0
DA:213,0
DA:215,0
DA:216,0
DA:219,0
DA:220,0
DA:223,0
DA:224,0
DA:227,0
DA:228,0
DA:231,0
DA:233,0
DA:234,0
DA:236,0
DA:237,0
DA:244,0
DA:247,0
DA:248,0
DA:249,0
DA:251,0
DA:259,0
DA:260,0
DA:262,0
DA:263,0
LF:74
LH:0
BRDA:35,0,0,0
BRDA:35,0,1,0
BRDA:57,1,0,0
BRDA:57,1,1,0
BRDA:85,2,0,0
BRDA:85,2,1,0
BRDA:103,3,0,0
BRDA:103,3,1,0
BRDA:108,4,0,0
BRDA:108,4,1,0
BRDA:131,5,0,0
BRDA:131,5,1,0
BRDA:132,6,0,0
BRDA:132,6,1,0
BRDA:153,7,0,0
BRDA:153,7,1,0
BRDA:154,8,0,0
BRDA:154,8,1,0
BRDA:176,9,0,0
BRDA:176,9,1,0
BRDA:176,10,0,0
BRDA:176,10,1,0
BRDA:179,11,0,0
BRDA:179,11,1,0
BRDA:191,12,0,0
BRDA:191,12,1,0
BRDA:215,13,0,0
BRDA:215,13,1,0
BRDA:219,14,0,0
BRDA:219,14,1,0
BRDA:223,15,0,0
BRDA:223,15,1,0
BRDA:227,16,0,0
BRDA:227,16,1,0
BRDA:233,17,0,0
BRDA:233,17,1,0
BRDA:234,18,0,0
BRDA:234,18,1,0
BRDA:259,19,0,0
BRDA:259,19,1,0
BRDA:260,20,0,0
BRDA:260,20,1,0
BRF:42
BRH:0
end_of_record
TN:
SF:lib/supabase/middleware.ts
FN:4,updateSession
FN:40,(anonymous_2)
FNF:2
FNH:0
FNDA:0,updateSession
FNDA:0,(anonymous_2)
DA:1,0
DA:2,0
DA:4,0
DA:5,0
DA:6,0
DA:9,0
DA:10,0
DA:11,0
DA:13,0
DA:16,0
DA:18,0
DA:21,0
DA:22,0
DA:25,0
DA:40,0
DA:42,0
DA:44,0
DA:45,0
DA:46,0
DA:47,0
DA:49,0
DA:54,0
DA:57,0
DA:71,0
DA:72,0
DA:76,0
DA:77,0
DA:79,0
DA:83,0
DA:85,0
DA:86,0
DA:88,0
LF:32
LH:0
BRDA:9,0,0,0
BRDA:9,0,1,0
BRDA:9,1,0,0
BRDA:9,1,1,0
BRDA:10,2,0,0
BRDA:10,2,1,0
BRDA:40,3,0,0
BRDA:40,3,1,0
BRDA:42,4,0,0
BRDA:42,4,1,0
BRDA:44,5,0,0
BRDA:44,5,1,0
BRDA:72,6,0,0
BRDA:72,6,1,0
BRDA:76,7,0,0
BRDA:76,7,1,0
BRDA:85,8,0,0
BRDA:85,8,1,0
BRF:18
BRH:0
end_of_record
TN:
SF:lib/supabase/role-middleware.ts
FN:14,getRoleContext
FN:18,(anonymous_8)
FN:26,(anonymous_9)
FN:29,(anonymous_10)
FN:39,checkAccess
FN:47,(anonymous_12)
FN:51,(anonymous_13)
FN:59,requireRole
FNF:8
FNH:0
FNDA:0,getRoleContext
FNDA:0,(anonymous_8)
FNDA:0,(anonymous_9)
FNDA:0,(anonymous_10)
FNDA:0,checkAccess
FNDA:0,(anonymous_12)
FNDA:0,(anonymous_13)
FNDA:0,requireRole
DA:1,0
DA:14,0
DA:15,0
DA:18,0
DA:20,0
DA:22,0
DA:27,0
DA:28,0
DA:29,0
DA:30,0
DA:39,0
DA:44,0
DA:45,0
DA:47,0
DA:48,0
DA:51,0
DA:52,0
DA:59,0
DA:63,0
DA:64,0
LF:20
LH:0
BRDA:20,0,0,0
BRDA:20,0,1,0
BRDA:20,1,0,0
BRDA:20,1,1,0
BRDA:27,2,0,0
BRDA:27,2,1,0
BRDA:30,3,0,0
BRDA:30,3,1,0
BRDA:45,4,0,0
BRDA:45,4,1,0
BRDA:52,5,0,0
BRDA:52,5,1,0
BRDA:63,6,0,0
BRDA:63,6,1,0
BRF:14
BRH:0
end_of_record
TN:
SF:lib/supabase/server.ts
FN:9,createServerClient
FNF:1
FNH:0
FNDA:0,createServerClient
DA:1,0
DA:9,0
DA:10,0
DA:11,0
DA:12,0
DA:14,0
DA:15,0
DA:19,0
DA:21,0
DA:22,0
DA:25,0
DA:29,0
LF:12
LH:0
BRDA:14,0,0,0
BRDA:14,0,1,0
BRDA:19,1,0,0
BRDA:19,1,1,0
BRDA:21,2,0,0
BRDA:21,2,1,0
BRF:6
BRH:0
end_of_record
TN:
SF:lib/supabase/user-roles-service.ts
FN:16,assignRoleToUser
FN:43,getUserRoles
FN:58,getUserPrimaryRole
FN:72,(anonymous_11)
FN:82,userHasRole
FN:84,(anonymous_13)
FN:90,removeRoleFromUser
FN:105,updateUserRole
FN:117,getUsersByRole
FNF:9
FNH:0
FNDA:0,assignRoleToUser
FNDA:0,getUserRoles
FNDA:0,getUserPrimaryRole
FNDA:0,(anonymous_11)
FNDA:0,userHasRole
FNDA:0,(anonymous_13)
FNDA:0,removeRoleFromUser
FNDA:0,updateUserRole
FNDA:0,getUsersByRole
DA:1,0
DA:16,0
DA:22,0
DA:24,0
DA:36,0
DA:37,0
DA:43,0
DA:44,0
DA:46,0
DA:51,0
DA:52,0
DA:58,0
DA:59,0
DA:62,0
DA:70,0
DA:72,0
DA:73,0
DA:82,0
DA:83,0
DA:84,0
DA:90,0
DA:91,0
DA:93,0
DA:99,0
DA:105,0
DA:110,0
DA:111,0
DA:117,0
DA:118,0
DA:120,0
DA:125,0
DA:126,0
LF:32
LH:0
BRDA:36,0,0,0
BRDA:36,0,1,0
BRDA:51,1,0,0
BRDA:51,1,1,0
BRDA:52,2,0,0
BRDA:52,2,1,0
BRDA:70,3,0,0
BRDA:70,3,1,0
BRDA:73,4,0,0
BRDA:73,4,1,0
BRDA:99,5,0,0
BRDA:99,5,1,0
BRDA:125,6,0,0
BRDA:125,6,1,0
BRDA:126,7,0,0
BRDA:126,7,1,0
BRF:16
BRH:0
end_of_record
TN:
SF:lib/validation/schemas.ts
FN:10,isValidEmail
FN:15,validateChangeStatusRequest
FN:38,validateAnomalyActionRequest
FN:61,validateEmailAlertRequest
FNF:4
FNH:0
FNDA:0,isValidEmail
FNDA:0,validateChangeStatusRequest
FNDA:0,validateAnomalyActionRequest
FNDA:0,validateEmailAlertRequest
DA:11,0
DA:12,0
DA:15,0
DA:16,0
DA:18,0
DA:19,0
DA:20,0
DA:21,0
DA:24,0
DA:25,0
DA:28,0
DA:29,0
DA:32,0
DA:38,0
DA:39,0
DA:41,0
DA:42,0
DA:45,0
DA:46,0
DA:47,0
DA:48,0
DA:51,0
DA:52,0
DA:55,0
DA:61,0
DA:62,0
DA:64,0
DA:65,0
DA:68,0
DA:69,0
DA:70,0
DA:71,0
DA:74,0
DA:75,0
DA:78,0
DA:79,0
DA:82,0
LF:37
LH:0
BRDA:18,0,0,0
BRDA:18,0,1,0
BRDA:20,1,0,0
BRDA:20,1,1,0
BRDA:24,2,0,0
BRDA:24,2,1,0
BRDA:24,3,0,0
BRDA:24,3,1,0
BRDA:28,4,0,0
BRDA:28,4,1,0
BRDA:28,5,0,0
BRDA:28,5,1,0
BRDA:41,6,0,0
BRDA:41,6,1,0
BRDA:45,7,0,0
BRDA:45,7,1,0
BRDA:47,8,0,0
BRDA:47,8,1,0
BRDA:51,9,0,0
BRDA:51,9,1,0
BRDA:51,10,0,0
BRDA:51,10,1,0
BRDA:64,11,0,0
BRDA:64,11,1,0
BRDA:68,12,0,0
BRDA:68,12,1,0
BRDA:70,13,0,0
BRDA:70,13,1,0
BRDA:74,14,0,0
BRDA:74,14,1,0
BRDA:74,15,0,0
BRDA:74,15,1,0
BRDA:78,16,0,0
BRDA:78,16,1,0
BRDA:78,17,0,0
BRDA:78,17,1,0
BRF:36
BRH:0
end_of_record
TN:
SF:lib/validators/chilean-documents.ts
FN:10,validateChileanRUT
FN:47,calculateVerifier
FN:72,validateChileanLicensePlate
FN:119,validateExpirationDate
FN:185,validateLicenseClass
FN:210,detectCommonAnomalies
FN:271,calculateConfidenceScore
FN:278,(anonymous_16)
FN:279,(anonymous_17)
FNF:9
FNH:0
FNDA:0,validateChileanRUT
FNDA:0,calculateVerifier
FNDA:0,validateChileanLicensePlate
FNDA:0,validateExpirationDate
FNDA:0,validateLicenseClass
FNDA:0,detectCommonAnomalies
FNDA:0,calculateConfidenceScore
FNDA:0,(anonymous_16)
FNDA:0,(anonymous_17)
DA:10,0
DA:16,0
DA:18,0
DA:19,0
DA:22,0
DA:23,0
DA:26,0
DA:27,0
DA:31,0
DA:33,0
DA:34,0
DA:40,0
DA:47,0
DA:48,0
DA:49,0
DA:50,0
DA:52,0
DA:53,0
DA:54,0
DA:57,0
DA:58,0
DA:60,0
DA:61,0
DA:62,0
DA:72,0
DA:78,0
DA:81,0
DA:82,0
DA:83,0
DA:92,0
DA:93,0
DA:94,0
DA:103,0
DA:104,0
DA:105,0
DA:113,0
DA:119,0
DA:125,0
DA:126,0
DA:128,0
DA:129,0
DA:133,0
DA:134,0
DA:136,0
DA:137,0
DA:138,0
DA:140,0
DA:141,0
DA:150,0
DA:151,0
DA:159,0
DA:165,0
DA:172,0
DA:185,0
DA:192,0
DA:194,0
DA:195,0
DA:201,0
DA:210,0
DA:211,0
DA:214,0
DA:215,0
DA:216,0
DA:217,0
DA:222,0
DA:223,0
DA:224,0
DA:225,0
DA:226,0
DA:231,0
DA:232,0
DA:233,0
DA:234,0
DA:235,0
DA:236,0
DA:237,0
DA:242,0
DA:243,0
DA:247,0
DA:248,0
DA:249,0
DA:250,0
DA:256,0
DA:257,0
DA:258,0
DA:259,0
DA:260,0
DA:261,0
DA:265,0
DA:271,0
DA:275,0
DA:278,0
DA:279,0
DA:281,0
DA:282,0
DA:285,0
DA:286,0
DA:288,0
DA:290,0
DA:291,0
DA:292,0
DA:294,0
LF:102
LH:0
BRDA:18,0,0,0
BRDA:18,0,1,0
BRDA:18,1,0,0
BRDA:18,1,1,0
BRDA:18,1,2,0
BRDA:26,2,0,0
BRDA:26,2,1,0
BRDA:33,3,0,0
BRDA:33,3,1,0
BRDA:60,4,0,0
BRDA:60,4,1,0
BRDA:61,5,0,0
BRDA:61,5,1,0
BRDA:81,6,0,0
BRDA:81,6,1,0
BRDA:82,7,0,0
BRDA:82,7,1,0
BRDA:92,8,0,0
BRDA:92,8,1,0
BRDA:93,9,0,0
BRDA:93,9,1,0
BRDA:103,10,0,0
BRDA:103,10,1,0
BRDA:104,11,0,0
BRDA:104,11,1,0
BRDA:128,12,0,0
BRDA:128,12,1,0
BRDA:140,13,0,0
BRDA:140,13,1,0
BRDA:150,14,0,0
BRDA:150,14,1,0
BRDA:194,15,0,0
BRDA:194,15,1,0
BRDA:214,16,0,0
BRDA:214,16,1,0
BRDA:216,17,0,0
BRDA:216,17,1,0
BRDA:222,18,0,0
BRDA:222,18,1,0
BRDA:222,19,0,0
BRDA:222,19,1,0
BRDA:223,20,0,0
BRDA:223,20,1,0
BRDA:225,21,0,0
BRDA:225,21,1,0
BRDA:231,22,0,0
BRDA:231,22,1,0
BRDA:231,23,0,0
BRDA:231,23,1,0
BRDA:232,24,0,0
BRDA:232,24,1,0
BRDA:234,25,0,0
BRDA:234,25,1,0
BRDA:236,26,0,0
BRDA:236,26,1,0
BRDA:236,27,0,0
BRDA:236,27,1,0
BRDA:242,28,0,0
BRDA:242,28,1,0
BRDA:242,29,0,0
BRDA:242,29,1,0
BRDA:243,30,0,0
BRDA:243,30,1,0
BRDA:243,31,0,0
BRDA:243,31,1,0
BRDA:244,32,0,0
BRDA:244,32,1,0
BRDA:245,33,0,0
BRDA:245,33,1,0
BRDA:249,34,0,0
BRDA:249,34,1,0
BRDA:256,35,0,0
BRDA:256,35,1,0
BRDA:256,36,0,0
BRDA:256,36,1,0
BRDA:257,37,0,0
BRDA:257,37,1,0
BRDA:260,38,0,0
BRDA:260,38,1,0
BRDA:271,39,0,0
BRDA:278,40,0,0
BRDA:278,40,1,0
BRDA:279,41,0,0
BRDA:279,41,1,0
BRDA:285,42,0,0
BRDA:285,42,1,0
BRDA:286,43,0,0
BRDA:286,43,1,0
BRDA:291,44,0,0
BRDA:291,44,1,0
BRDA:292,45,0,0
BRDA:292,45,1,0
BRF:92
BRH:0
end_of_record
